Listening for transport dt_socket at address: 9003
 INFO 15:40:22,579 JNA not found. Native methods will be disabled.
DEBUG 15:40:22,594 Loading settings from /home/jinsu/research/cass-prj/trunk/stable_cass/conf/conf3/storage-conf.xml
DEBUG 15:40:22,826 Syncing log with a period of 10000
 INFO 15:40:22,831 DiskAccessMode 'auto' determined to be standard, indexAccessMode is standard
DEBUG 15:40:22,903 setting autoBootstrap to false
DEBUG 15:40:22,941 setting hintedHandoffEnabled to true
DEBUG 15:40:23,074 adding Super1 as 0
DEBUG 15:40:23,075 adding Standard2 as 1
DEBUG 15:40:23,075 adding Super2 as 2
DEBUG 15:40:23,076 adding Standard1 as 3
DEBUG 15:40:23,076 adding StandardByUUID1 as 4
DEBUG 15:40:23,077 adding LocationInfo as 5
DEBUG 15:40:23,077 adding HintsColumnFamily as 6
DEBUG 15:40:23,194 Starting CFS LocationInfo
DEBUG 15:40:23,209 key cache capacity for LocationInfo is 1
DEBUG 15:40:23,211 Starting CFS HintsColumnFamily
DEBUG 15:40:23,211 key cache capacity for HintsColumnFamily is 1
DEBUG 15:40:23,254 opening keyspace Keyspace1
DEBUG 15:40:23,255 Starting CFS Standard2
DEBUG 15:40:23,256 key cache capacity for Standard2 is 1
DEBUG 15:40:23,256 Starting CFS Super1
DEBUG 15:40:23,257 key cache capacity for Super1 is 200000
DEBUG 15:40:23,258 Starting CFS Standard1
DEBUG 15:40:23,259 key cache capacity for Standard1 is 200000
DEBUG 15:40:23,259 Starting CFS Super2
DEBUG 15:40:23,260 key cache capacity for Super2 is 1
DEBUG 15:40:23,260 row cache capacity for Super2 is 10000
DEBUG 15:40:23,261 Starting CFS StandardByUUID1
DEBUG 15:40:23,261 key cache capacity for StandardByUUID1 is 200000
DEBUG 15:40:23,262 opening keyspace system
 INFO 15:40:23,311 Saved Token not found. Using 58047798338695792608178760357740705284
 INFO 15:40:23,311 Saved ClusterName not found. Using Test Cluster
DEBUG 15:40:23,313 Estimating compactions for Super1
DEBUG 15:40:23,315 Estimating compactions for Standard2
DEBUG 15:40:23,315 Estimating compactions for Super2
DEBUG 15:40:23,315 Estimating compactions for Standard1
DEBUG 15:40:23,316 Estimating compactions for StandardByUUID1
DEBUG 15:40:23,316 Estimating compactions for LocationInfo
DEBUG 15:40:23,316 Estimating compactions for HintsColumnFamily
DEBUG 15:40:23,317 Checking to see if compaction of Super1 would be useful
DEBUG 15:40:23,317 Checking to see if compaction of Standard2 would be useful
DEBUG 15:40:23,318 Checking to see if compaction of Super2 would be useful
DEBUG 15:40:23,318 Checking to see if compaction of Standard1 would be useful
DEBUG 15:40:23,318 Checking to see if compaction of StandardByUUID1 would be useful
DEBUG 15:40:23,319 Checking to see if compaction of LocationInfo would be useful
DEBUG 15:40:23,319 Checking to see if compaction of HintsColumnFamily would be useful
 INFO 15:40:23,323 Creating new commitlog segment /tmp/fi/cassandra/node3/commitlog/CommitLog-1308955223323.log
 INFO 15:40:23,356 LocationInfo has reached its threshold; switching in a fresh Memtable at CommitLogContext(file='/tmp/fi/cassandra/node3/commitlog/CommitLog-1308955223323.log', position=419)
 INFO 15:40:23,361 Enqueuing flush of Memtable-LocationInfo@4368107(169 bytes, 4 operations)
 INFO 15:40:23,362 Writing Memtable-LocationInfo@4368107(169 bytes, 4 operations)
 INFO 15:40:23,484 Completed flushing /tmp/fi/cassandra/node3/data/system/LocationInfo-1-Data.db
DEBUG 15:40:23,487 Checking to see if compaction of LocationInfo would be useful
DEBUG 15:40:23,489 discard completed log segments for CommitLogContext(file='/tmp/fi/cassandra/node3/commitlog/CommitLog-1308955223323.log', position=419), column family 5. CFIDs are {Keyspace1: TableMetadata({Standard2: 1, Super1: 0, Standard1: 3, Super2: 2, StandardByUUID1: 4, }), system: TableMetadata({LocationInfo: 5, HintsColumnFamily: 6, }), }
DEBUG 15:40:23,490 Marking replay position 419 on commit log CommitLogSegment(/tmp/fi/cassandra/node3/commitlog/CommitLog-1308955223323.log)
 INFO 15:40:23,502 Starting up server gossip
- TM uNT(1) : size of sortedToken = 0
- TM uNT(2) : size of sortedToken = 1 ... leavingEndPoints = []
TokenSizeTest:1:-1009801
 INFO 15:40:23,559 Binding thrift service to /127.0.0.13:9160
 INFO 15:40:23,564 Cassandra starting up...
- Experiment not running, continue ===>GDSynVHandler
Sending message ::
-->ID:1
FROM:/127.0.0.13
TYPE:GS
VERB:GOSSIP_DIGEST_ACK

DEBUG 15:40:23,701 attempting to connect to /127.0.0.12
- Experiment not running, continue ===>GDSynVHandler
Sending message ::
-->ID:2
FROM:/127.0.0.13
TYPE:GS
VERB:GOSSIP_DIGEST_ACK

- Experiment not running, continue ===>GDSynVHandler
Sending message ::
-->ID:3
FROM:/127.0.0.13
TYPE:GS
VERB:GOSSIP_DIGEST_ACK

- Experiment not running, continue ===>GDSynVHandler
Sending message ::
-->ID:4
FROM:/127.0.0.13
TYPE:GS
VERB:GOSSIP_DIGEST_ACK

- Experiment not running, continue ===>GDSynVHandler
Sending message ::
-->ID:5
FROM:/127.0.0.13
TYPE:GS
VERB:GOSSIP_DIGEST_ACK

- Experiment not running, continue ===>GDSynVHandler
Sending message ::
-->ID:6
FROM:/127.0.0.13
TYPE:GS
VERB:GOSSIP_DIGEST_ACK

- Experiment not running, continue ===>GDSynVHandler
Sending message ::
-->ID:7
FROM:/127.0.0.13
TYPE:GS
VERB:GOSSIP_DIGEST_ACK

DEBUG 15:40:23,703 attempting to connect to /127.0.0.1
&&&Added socket : 43949
&&&Added socket : 60990
 INFO 15:40:23,718 Node /127.0.0.12 is now part of the cluster
DEBUG 15:40:23,718 Resetting pool for /127.0.0.12
DEBUG 15:40:23,720 Node /127.0.0.12 state normal, token 50016043385412673101145352720806872521
- TM uNT(1) : size of sortedToken = 1
- TM uNT(2) : size of sortedToken = 2 ... leavingEndPoints = []
TokenSizeTest:2:-1009801
DEBUG 15:40:23,723 No bootstrapping or leaving nodes -> empty pending ranges for Keyspace1
 INFO 15:40:23,723 Node /127.0.0.1 is now part of the cluster
DEBUG 15:40:23,724 Resetting pool for /127.0.0.1
DEBUG 15:40:23,725 Node /127.0.0.1 state normal, token 151364447406687126714367278325169556726
- TM uNT(1) : size of sortedToken = 2
- TM uNT(2) : size of sortedToken = 3 ... leavingEndPoints = []
TokenSizeTest:3:-1009801
DEBUG 15:40:23,726 No bootstrapping or leaving nodes -> empty pending ranges for Keyspace1
 INFO 15:40:23,726 Node /127.0.0.11 is now part of the cluster
DEBUG 15:40:23,727 Resetting pool for /127.0.0.11
DEBUG 15:40:23,727 Node /127.0.0.11 state normal, token 15453506791999469697616307346078709122
- TM uNT(1) : size of sortedToken = 3
- TM uNT(2) : size of sortedToken = 4 ... leavingEndPoints = []
TokenSizeTest:4:-1009801
DEBUG 15:40:23,742 No bootstrapping or leaving nodes -> empty pending ranges for Keyspace1
- Experiment not running, continue ===>GDSynVHandler
Sending message ::
-->ID:8
FROM:/127.0.0.13
TYPE:GS
VERB:GOSSIP_DIGEST_ACK

DEBUG 15:40:23,755 attempting to connect to /127.0.0.12
&&&Added socket : 57798
 INFO 15:40:23,763 InetAddress /127.0.0.12 is now UP
 INFO 15:40:23,763 Started hinted handoff for endPoint /127.0.0.12
 INFO 15:40:23,764 /127.0.0.12is cassReady
 INFO 15:40:23,772 Finished hinted handoff of 0 rows to endpoint /127.0.0.12
node3 recorded Tokensize 4
- Nodes not connected...
- Experiment not running, continue ===>sendGossip
Sending message ::
-->ID:9
FROM:/127.0.0.13
TYPE:GS
VERB:GOSSIP_DIGEST_SYN

- Experiment not running, continue ===>sendGossip
Sending message ::
-->ID:9
FROM:/127.0.0.13
TYPE:GS
VERB:GOSSIP_DIGEST_SYN

- Experiment not running, continue ===>sendGossip
Sending message ::
-->ID:9
FROM:/127.0.0.13
TYPE:GS
VERB:GOSSIP_DIGEST_SYN

DEBUG 15:40:24,520 attempting to connect to /127.0.0.1
&&&Added socket : 44653
DEBUG 15:40:24,524 GC for ParNew: 36 ms, 30357176 reclaimed leaving 44985032 used; max is 654114816
 INFO 15:40:24,525 InetAddress /127.0.0.11 is now UP
 INFO 15:40:24,526 /127.0.0.11is cassReady
- Experiment not running, continue ===>GDAckVHandler
Sending message ::
-->ID:10
FROM:/127.0.0.13
TYPE:GS
VERB:GOSSIP_DIGEST_ACK2

 INFO 15:40:24,525 Started hinted handoff for endPoint /127.0.0.11
 INFO 15:40:24,528 InetAddress /127.0.0.1 is now UP
 INFO 15:40:24,528 /127.0.0.1is cassReady
 INFO 15:40:24,528 Finished hinted handoff of 0 rows to endpoint /127.0.0.11
- Experiment not running, continue ===>GDAckVHandler
Sending message ::
-->ID:11
FROM:/127.0.0.13
TYPE:GS
VERB:GOSSIP_DIGEST_ACK2

 INFO 15:40:24,529 Started hinted handoff for endPoint /127.0.0.1
 INFO 15:40:24,529 Finished hinted handoff of 0 rows to endpoint /127.0.0.1
- Experiment not running, continue ===>GDAckVHandler
Sending message ::
-->ID:12
FROM:/127.0.0.13
TYPE:GS
VERB:GOSSIP_DIGEST_ACK2

node3 recorded Tokensize 4
- Nodes not connected...
- Experiment not running, continue ===>sendGossip
Sending message ::
-->ID:13
FROM:/127.0.0.13
TYPE:GS
VERB:GOSSIP_DIGEST_SYN

- Experiment not running, continue ===>GDAckVHandler
Sending message ::
-->ID:14
FROM:/127.0.0.13
TYPE:GS
VERB:GOSSIP_DIGEST_ACK2

DEBUG 15:40:25,530 Disseminating load info ...
node3 recorded Tokensize 4
- Nodes connected, Gossiper returning 
DEBUG 15:40:27,213 Applying RowMutation(table='Keyspace1', key='key-003', modifications=[ColumnFamily(Standard1 [6578706572696d656e7456616c7565:false:8@1308955227197,])])
DEBUG 15:40:27,216 RowMutation(table='Keyspace1', key='key-003', modifications=[ColumnFamily(Standard1 [6578706572696d656e7456616c7565:false:8@1308955227197,])]) applied.  Sending response to 159@/127.0.0.1
Sending message ::
-->ID:159
FROM:/127.0.0.13
TYPE:RESPONSE-STAGE
VERB:READ_RESPONSE

node3 recorded Tokensize 4 [part of workload]
- Experiment running, Gossiper returning  [part of workload]

## ############################################
## MESSAGE: I'm failing this (see below) with FailType: NONE
## ############################################

  [targetIO][NetIO-Node0:127.0.0.1:48455] at *Node3* :: [Undecided] message 

  call(int java.io.DataInputStream.readInt())
   ** PL:AFTER / EX:IO / BOOL:NO / IO:READ **
    SourceLoc: org/apache/cassandra/net/IncomingTcpConnection.java(59)

      [0] org.apache.cassandra.net.IncomingTcpConnection (run:59)



## ############################################
## MESSAGE: I'm failing this (see below) with FailType: NONE
## ############################################

  [targetIO][NetIO-Node0:127.0.0.1:48455] at *Node3* :: [Undecided] message 

  call(int java.io.DataInputStream.readInt())
   ** PL:BEFORE / EX:IO / BOOL:NO / IO:READ **
    SourceLoc: org/apache/cassandra/net/IncomingTcpConnection.java(60)

      [0] org.apache.cassandra.net.IncomingTcpConnection (run:60)



## ############################################
## MESSAGE: I'm failing this (see below) with FailType: NONE
## ############################################

  [targetIO][NetIO-Node0:127.0.0.1:48455] at *Node3* :: [Undecided] message 

  call(int java.io.DataInputStream.readInt())
   ** PL:AFTER / EX:IO / BOOL:NO / IO:READ **
    SourceLoc: org/apache/cassandra/net/IncomingTcpConnection.java(60)

      [0] org.apache.cassandra.net.IncomingTcpConnection (run:60)



## ############################################
## MESSAGE: I'm failing this (see below) with FailType: NONE
## ############################################

  [targetIO][NetIO-Node0:127.0.0.1:48455] at *Node3* :: [Undecided] message 

  call(int java.io.DataInputStream.readInt())
   ** PL:BEFORE / EX:IO / BOOL:NO / IO:READ **
    SourceLoc: org/apache/cassandra/net/IncomingTcpConnection.java(71)

      [0] org.apache.cassandra.net.IncomingTcpConnection (run:71)



## ############################################
## MESSAGE: I'm failing this (see below) with FailType: NONE
## ############################################

  [targetIO][NetIO-Node0:127.0.0.1:48455] at *Node3* :: [Undecided] message 

  call(int java.io.DataInputStream.readInt())
   ** PL:AFTER / EX:IO / BOOL:NO / IO:READ **
    SourceLoc: org/apache/cassandra/net/IncomingTcpConnection.java(71)

      [0] org.apache.cassandra.net.IncomingTcpConnection (run:71)



## ############################################
## MESSAGE: I'm failing this (see below) with FailType: NONE
## ############################################

  [targetIO][NetIO-Node0:127.0.0.1:48455] at *Node3* :: [Undecided] message 

  call(void java.io.DataInputStream.readFully(byte[]))
   ** PL:BEFORE / EX:IO / BOOL:NO / IO:READ **
    SourceLoc: org/apache/cassandra/net/IncomingTcpConnection.java(73)

      [0] org.apache.cassandra.net.IncomingTcpConnection (run:73)



## ############################################
## MESSAGE: I'm failing this (see below) with FailType: NONE
## ############################################

  [targetIO][NetIO-Node0:127.0.0.1:48455] at *Node3* :: [Undecided] message 

  call(void java.io.DataInputStream.readFully(byte[]))
   ** PL:AFTER / EX:IO / BOOL:NO / IO:READ **
    SourceLoc: org/apache/cassandra/net/IncomingTcpConnection.java(73)

      [0] org.apache.cassandra.net.IncomingTcpConnection (run:73)



## ############################################
## MESSAGE: I'm failing this (see below) with FailType: NONE
## ############################################

  [targetIO][NetIO-Node0:127.0.0.1:48455] at *Node3* :: [Undecided] message 

  call(int java.io.DataInputStream.readInt())
   ** PL:BEFORE / EX:IO / BOOL:NO / IO:READ **
    SourceLoc: org/apache/cassandra/net/IncomingTcpConnection.java(59)

      [0] org.apache.cassandra.net.IncomingTcpConnection (run:59)


DEBUG 15:40:27,706 digest is 21089c647067cd8a88c6f1f7e1984803
DEBUG 15:40:27,712 Read key key-003; sending response to EBBD2043-86A0-3738-B741-114A438625DD@/127.0.0.1
wRRPATH ReadVerbHanlder doVerb(): Read key key-003; sending response to EBBD2043-86A0-3738-B741-114A438625DD@/127.0.0.1 [part of workload]
    [00] java.lang.Thread.getStackTrace(Thread.java:1436) 
    [01] org.apache.cassandra.Util.getStackTrace(Util.java:136) 
    [02] org.apache.cassandra.Util.printStackTrace(Util.java:123) 
    [03] org.apache.cassandra.Util.printStackTrace(Util.java:130) 
    [04] org.apache.cassandra.db.ReadVerbHandler.doVerb(ReadVerbHandler.java:100) 
    [05] org.apache.cassandra.net.MessageDeliveryTask.run(MessageDeliveryTask.java:49) 
    [06] java.util.concurrent.ThreadPoolExecutor$Worker.runTask(ThreadPoolExecutor.java:886) 
    [07] java.util.concurrent.ThreadPoolExecutor$Worker.run(ThreadPoolExecutor.java:908) 
    [08] java.lang.Thread.run(Thread.java:619) 
cutSendOneWay targetIO : NetIO-Node0:127.0.0.13
corrupt :: failType returned :: NONE
Sending message ::
-->ID:EBBD2043-86A0-3738-B741-114A438625DD
FROM:/127.0.0.13
TYPE:RESPONSE-STAGE
VERB:READ_RESPONSE
 [part of workload]

## ############################################
## MESSAGE: I'm failing this (see below) with FailType: NONE
## ############################################

  [targetIO][NetIO-Node3:127.0.0.1:7000] at *Node3* :: [Undecided] message 

  call(void java.io.DataOutputStream.write(byte[], int, int))
   ** PL:BEFORE / EX:IO / BOOL:NO / IO:WRITE **
    SourceLoc: org/apache/cassandra/net/OutboundTcpConnection.java(101)

      [0] org.apache.cassandra.net.OutboundTcpConnection (writeConnected:101)
      [1] org.apache.cassandra.net.OutboundTcpConnection (run:90)



## ############################################
## MESSAGE: I'm failing this (see below) with FailType: NONE
## ############################################

  [targetIO][NetIO-Node3:127.0.0.1:7000] at *Node3* :: [Undecided] message 

  call(void java.io.DataOutputStream.write(byte[], int, int))
   ** PL:AFTER / EX:IO / BOOL:NO / IO:WRITE **
    SourceLoc: org/apache/cassandra/net/OutboundTcpConnection.java(101)

      [0] org.apache.cassandra.net.OutboundTcpConnection (writeConnected:101)
      [1] org.apache.cassandra.net.OutboundTcpConnection (run:90)



## ############################################
## MESSAGE: I'm failing this (see below) with FailType: NONE
## ############################################

  [targetIO][NetIO-Node3:127.0.0.1:7000] at *Node3* :: [Undecided] message 

  call(void java.io.DataOutputStream.flush())
   ** PL:BEFORE / EX:IO / BOOL:NO / IO:WRITE **
    SourceLoc: org/apache/cassandra/net/OutboundTcpConnection.java(104)

      [0] org.apache.cassandra.net.OutboundTcpConnection (writeConnected:104)
      [1] org.apache.cassandra.net.OutboundTcpConnection (run:90)



## ############################################
## MESSAGE: I'm failing this (see below) with FailType: NONE
## ############################################

  [targetIO][NetIO-Node3:127.0.0.1:7000] at *Node3* :: [Undecided] message 

  call(void java.io.DataOutputStream.flush())
   ** PL:AFTER / EX:IO / BOOL:NO / IO:WRITE **
    SourceLoc: org/apache/cassandra/net/OutboundTcpConnection.java(104)

      [0] org.apache.cassandra.net.OutboundTcpConnection (writeConnected:104)
      [1] org.apache.cassandra.net.OutboundTcpConnection (run:90)


node3 recorded Tokensize 4 [part of workload]
- Experiment running, Gossiper returning  [part of workload]
node3 recorded Tokensize 4 [part of workload]
- Experiment running, Gossiper returning  [part of workload]
node3 recorded Tokensize 4 [part of workload]
- Experiment running, Gossiper returning  [part of workload]
node3 recorded Tokensize 4 [part of workload]
- Experiment running, Gossiper returning  [part of workload]
node3 recorded Tokensize 4 [part of workload]
- Experiment running, Gossiper returning  [part of workload]
node3 recorded Tokensize 4 [part of workload]
- Experiment running, Gossiper returning  [part of workload]
node3 recorded Tokensize 4 [part of workload]
- Experiment running, Gossiper returning  [part of workload]
node3 recorded Tokensize 4 [part of workload]
- Experiment running, Gossiper returning  [part of workload]
node3 recorded Tokensize 4 [part of workload]
- Experiment running, Gossiper returning  [part of workload]
node3 recorded Tokensize 4 [part of workload]
- Experiment running, Gossiper returning  [part of workload]
node3 recorded Tokensize 4 [part of workload]
- Experiment running, Gossiper returning  [part of workload]
node3 recorded Tokensize 4 [part of workload]
- Experiment running, Gossiper returning  [part of workload]
DEBUG 15:40:40,250 Applying RowMutation(table='Keyspace1', key='key-003', modifications=[ColumnFamily(Standard1 [6578706572696d656e7456616c7565:true:4@1308955240242,])])
DEBUG 15:40:40,251 RowMutation(table='Keyspace1', key='key-003', modifications=[ColumnFamily(Standard1 [6578706572696d656e7456616c7565:true:4@1308955240242,])]) applied.  Sending response to 162@/127.0.0.1
Sending message ::
-->ID:162
FROM:/127.0.0.13
TYPE:RESPONSE-STAGE
VERB:READ_RESPONSE

node3 recorded Tokensize 4
- Nodes not connected...
- Experiment not running, continue ===>sendGossip
Sending message ::
-->ID:15
FROM:/127.0.0.13
TYPE:GS
VERB:GOSSIP_DIGEST_SYN

 INFO 15:40:40,520 InetAddress /127.0.0.1 is now dead.
DEBUG 15:40:40,521 Resetting pool for /127.0.0.1
 INFO 15:40:40,521 InetAddress /127.0.0.12 is now dead.
DEBUG 15:40:40,523 Resetting pool for /127.0.0.12
 INFO 15:40:40,523 InetAddress /127.0.0.11 is now dead.
DEBUG 15:40:40,524 Resetting pool for /127.0.0.11
 INFO 15:40:40,524 InetAddress /127.0.0.12 is now UP
 INFO 15:40:40,524 Started hinted handoff for endPoint /127.0.0.12
 INFO 15:40:40,525 /127.0.0.12is cassReady
 INFO 15:40:40,525 InetAddress /127.0.0.1 is now UP
 INFO 15:40:40,525 /127.0.0.1is cassReady
- Experiment not running, continue ===>GDAckVHandler
Sending message ::
-->ID:16
FROM:/127.0.0.13
TYPE:GS
VERB:GOSSIP_DIGEST_ACK2

DEBUG 15:40:40,526 attempting to connect to /127.0.0.12
&&&Added socket : 48807
 INFO 15:40:40,525 Finished hinted handoff of 0 rows to endpoint /127.0.0.12
 INFO 15:40:40,530 Started hinted handoff for endPoint /127.0.0.1
 INFO 15:40:40,531 Finished hinted handoff of 0 rows to endpoint /127.0.0.1
- Experiment not running, continue ===>GDSynVHandler
Sending message ::
-->ID:17
FROM:/127.0.0.13
TYPE:GS
VERB:GOSSIP_DIGEST_ACK

- Experiment not running, continue ===>GDSynVHandler
Sending message ::
-->ID:18
FROM:/127.0.0.13
TYPE:GS
VERB:GOSSIP_DIGEST_ACK

DEBUG 15:40:41,301 attempting to connect to /127.0.0.1
&&&Added socket : 34843
node3 recorded Tokensize 4
- Nodes not connected...
- Experiment not running, continue ===>sendGossip
Sending message ::
-->ID:19
FROM:/127.0.0.13
TYPE:GS
VERB:GOSSIP_DIGEST_SYN

- Experiment not running, continue ===>sendGossip
Sending message ::
-->ID:19
FROM:/127.0.0.13
TYPE:GS
VERB:GOSSIP_DIGEST_SYN

- Experiment not running, continue ===>GDAckVHandler
Sending message ::
-->ID:20
FROM:/127.0.0.13
TYPE:GS
VERB:GOSSIP_DIGEST_ACK2

- Experiment not running, continue ===>GDAckVHandler
Sending message ::
-->ID:21
FROM:/127.0.0.13
TYPE:GS
VERB:GOSSIP_DIGEST_ACK2

- Experiment not running, continue ===>GDSynVHandler
Sending message ::
-->ID:22
FROM:/127.0.0.13
TYPE:GS
VERB:GOSSIP_DIGEST_ACK

- Experiment not running, continue ===>GDSynVHandler
Sending message ::
-->ID:23
FROM:/127.0.0.13
TYPE:GS
VERB:GOSSIP_DIGEST_ACK

node3 recorded Tokensize 4
- Nodes not connected...
- Experiment not running, continue ===>sendGossip
Sending message ::
-->ID:24
FROM:/127.0.0.13
TYPE:GS
VERB:GOSSIP_DIGEST_SYN

- Experiment not running, continue ===>sendGossip
Sending message ::
-->ID:24
FROM:/127.0.0.13
TYPE:GS
VERB:GOSSIP_DIGEST_SYN

- Experiment not running, continue ===>sendGossip
Sending message ::
-->ID:24
FROM:/127.0.0.13
TYPE:GS
VERB:GOSSIP_DIGEST_SYN

- Experiment not running, continue ===>GDAckVHandler
Sending message ::
-->ID:25
FROM:/127.0.0.13
TYPE:GS
VERB:GOSSIP_DIGEST_ACK2

DEBUG 15:40:42,529 attempting to connect to /127.0.0.11
- Experiment not running, continue ===>GDAckVHandler
Sending message ::
-->ID:26
FROM:/127.0.0.13
TYPE:GS
VERB:GOSSIP_DIGEST_ACK2

node3 recorded Tokensize 4
- Nodes not connected...
- Experiment not running, continue ===>sendGossip
Sending message ::
-->ID:27
FROM:/127.0.0.13
TYPE:GS
VERB:GOSSIP_DIGEST_SYN

- Experiment not running, continue ===>sendGossip
Sending message ::
-->ID:27
FROM:/127.0.0.13
TYPE:GS
VERB:GOSSIP_DIGEST_SYN

- Experiment not running, continue ===>GDAckVHandler
Sending message ::
-->ID:28
FROM:/127.0.0.13
TYPE:GS
VERB:GOSSIP_DIGEST_ACK2

- Experiment not running, continue ===>GDSynVHandler
Sending message ::
-->ID:29
FROM:/127.0.0.13
TYPE:GS
VERB:GOSSIP_DIGEST_ACK

- Experiment not running, continue ===>GDSynVHandler
Sending message ::
-->ID:30
FROM:/127.0.0.13
TYPE:GS
VERB:GOSSIP_DIGEST_ACK

node3 recorded Tokensize 4
- Nodes not connected...
- Experiment not running, continue ===>sendGossip
Sending message ::
-->ID:31
FROM:/127.0.0.13
TYPE:GS
VERB:GOSSIP_DIGEST_SYN

- Experiment not running, continue ===>sendGossip
Sending message ::
-->ID:31
FROM:/127.0.0.13
TYPE:GS
VERB:GOSSIP_DIGEST_SYN

- Experiment not running, continue ===>GDAckVHandler
Sending message ::
-->ID:32
FROM:/127.0.0.13
TYPE:GS
VERB:GOSSIP_DIGEST_ACK2

- Experiment not running, continue ===>GDSynVHandler
Sending message ::
-->ID:33
FROM:/127.0.0.13
TYPE:GS
VERB:GOSSIP_DIGEST_ACK

node3 recorded Tokensize 4
- Nodes not connected...
- Experiment not running, continue ===>sendGossip
Sending message ::
-->ID:34
FROM:/127.0.0.13
TYPE:GS
VERB:GOSSIP_DIGEST_SYN

- Experiment not running, continue ===>sendGossip
Sending message ::
-->ID:34
FROM:/127.0.0.13
TYPE:GS
VERB:GOSSIP_DIGEST_SYN

- Experiment not running, continue ===>sendGossip
Sending message ::
-->ID:34
FROM:/127.0.0.13
TYPE:GS
VERB:GOSSIP_DIGEST_SYN

- Experiment not running, continue ===>GDAckVHandler
Sending message ::
-->ID:35
FROM:/127.0.0.13
TYPE:GS
VERB:GOSSIP_DIGEST_ACK2

- Experiment not running, continue ===>GDAckVHandler
Sending message ::
-->ID:36
FROM:/127.0.0.13
TYPE:GS
VERB:GOSSIP_DIGEST_ACK2

- Experiment not running, continue ===>GDSynVHandler
Sending message ::
-->ID:37
FROM:/127.0.0.13
TYPE:GS
VERB:GOSSIP_DIGEST_ACK

node3 recorded Tokensize 4
- Nodes not connected...
- Experiment not running, continue ===>sendGossip
Sending message ::
-->ID:38
FROM:/127.0.0.13
TYPE:GS
VERB:GOSSIP_DIGEST_SYN

- Experiment not running, continue ===>sendGossip
Sending message ::
-->ID:38
FROM:/127.0.0.13
TYPE:GS
VERB:GOSSIP_DIGEST_SYN

- Experiment not running, continue ===>GDAckVHandler
Sending message ::
-->ID:39
FROM:/127.0.0.13
TYPE:GS
VERB:GOSSIP_DIGEST_ACK2

- Experiment not running, continue ===>GDSynVHandler
Sending message ::
-->ID:40
FROM:/127.0.0.13
TYPE:GS
VERB:GOSSIP_DIGEST_ACK

- Experiment not running, continue ===>GDSynVHandler
Sending message ::
-->ID:41
FROM:/127.0.0.13
TYPE:GS
VERB:GOSSIP_DIGEST_ACK

- Experiment not running, continue ===>GDSynVHandler
Sending message ::
-->ID:42
FROM:/127.0.0.13
TYPE:GS
VERB:GOSSIP_DIGEST_ACK

node3 recorded Tokensize 4
- Nodes not connected...
- Experiment not running, continue ===>sendGossip
Sending message ::
-->ID:43
FROM:/127.0.0.13
TYPE:GS
VERB:GOSSIP_DIGEST_SYN

- Experiment not running, continue ===>sendGossip
Sending message ::
-->ID:43
FROM:/127.0.0.13
TYPE:GS
VERB:GOSSIP_DIGEST_SYN

- Experiment not running, continue ===>sendGossip
Sending message ::
-->ID:43
FROM:/127.0.0.13
TYPE:GS
VERB:GOSSIP_DIGEST_SYN

- Experiment not running, continue ===>GDAckVHandler
Sending message ::
-->ID:44
FROM:/127.0.0.13
TYPE:GS
VERB:GOSSIP_DIGEST_ACK2

node3 recorded Tokensize 4
- Nodes not connected...
- Experiment not running, continue ===>sendGossip
Sending message ::
-->ID:45
FROM:/127.0.0.13
TYPE:GS
VERB:GOSSIP_DIGEST_SYN

- Experiment not running, continue ===>sendGossip
Sending message ::
-->ID:45
FROM:/127.0.0.13
TYPE:GS
VERB:GOSSIP_DIGEST_SYN

- Experiment not running, continue ===>GDAckVHandler
Sending message ::
-->ID:46
FROM:/127.0.0.13
TYPE:GS
VERB:GOSSIP_DIGEST_ACK2

- Experiment not running, continue ===>GDAckVHandler
Sending message ::
-->ID:47
FROM:/127.0.0.13
TYPE:GS
VERB:GOSSIP_DIGEST_ACK2

- Experiment not running, continue ===>GDSynVHandler
Sending message ::
-->ID:48
FROM:/127.0.0.13
TYPE:GS
VERB:GOSSIP_DIGEST_ACK

node3 recorded Tokensize 4
- Nodes not connected...
- Experiment not running, continue ===>sendGossip
Sending message ::
-->ID:49
FROM:/127.0.0.13
TYPE:GS
VERB:GOSSIP_DIGEST_SYN

- Experiment not running, continue ===>sendGossip
Sending message ::
-->ID:49
FROM:/127.0.0.13
TYPE:GS
VERB:GOSSIP_DIGEST_SYN

- Experiment not running, continue ===>GDAckVHandler
Sending message ::
-->ID:50
FROM:/127.0.0.13
TYPE:GS
VERB:GOSSIP_DIGEST_ACK2

- Experiment not running, continue ===>GDAckVHandler
Sending message ::
-->ID:51
FROM:/127.0.0.13
TYPE:GS
VERB:GOSSIP_DIGEST_ACK2

