#
# A fatal error has been detected by the Java Runtime Environment:
#
#  SIGBUS (0x7) at pc=0x00007f693924e03b, pid=13191, tid=140089913468672
#
# JRE version: 6.0_20-b20
# Java VM: OpenJDK 64-Bit Server VM (19.0-b09 mixed mode linux-amd64 )
# Derivative: IcedTea6 1.9.2
# Distribution: Ubuntu 10.04.1 LTS, package 6b20-1.9.2-0ubuntu1~10.04.1
# Problematic frame:
# C  [libpthread.so.0+0x803b]  pthread_join+0x10b
#
# If you would like to submit a bug report, please include
# instructions how to reproduce the bug and visit:
#   https://bugs.launchpad.net/ubuntu/+source/openjdk-6/
#

---------------  T H R E A D  ---------------

Current thread is native thread

siginfo:si_signo=SIGBUS: si_errno=0, si_code=0 (BUS0), si_addr=0x000003e8000028cd

Registers:
RAX=0x00000000000000ca, RBX=0x00007f6939874710, RCX=0xffffffffffffffff, RDX=0x0000000000003388
RSP=0x00007fffe610a0c0, RBP=0x00007fffe610a120, RSI=0x0000000000000000, RDI=0x00007f69398749e0
R8 =0x0000000000000000, R9 =0x00007f6939874710, R10=0x0000000000000000, R11=0x0000000000000246
R12=0x00007fffe610a0d0, R13=0x00007f6939874d38, R14=0x00007f6939876700, R15=0x0000000000402a50
RIP=0x00007f693924e03b, EFL=0x0000000000000246, CSGSFS=0x0000000000000033, ERR=0x0000000000000004
  TRAPNO=0x000000000000000e

Register to memory mapping:

RAX=0x00000000000000ca
0x00000000000000ca is pointing to unknown location

RBX=0x00007f6939874710
0x00007f6939874710 is pointing into the stack for thread: 0x00007f68e010f000
