Listening for transport dt_socket at address: 9003
 INFO 15:42:51,266 JNA not found. Native methods will be disabled.
DEBUG 15:42:51,285 Loading settings from /home/jinsu/research/cass-prj/trunk/stable_cass/conf/conf3/storage-conf.xml
DEBUG 15:42:51,526 Syncing log with a period of 10000
 INFO 15:42:51,531 DiskAccessMode 'auto' determined to be standard, indexAccessMode is standard
DEBUG 15:42:51,607 setting autoBootstrap to false
DEBUG 15:42:51,643 setting hintedHandoffEnabled to true
DEBUG 15:42:51,811 adding Super1 as 0
DEBUG 15:42:51,812 adding Standard2 as 1
DEBUG 15:42:51,813 adding Super2 as 2
DEBUG 15:42:51,814 adding Standard1 as 3
DEBUG 15:42:51,814 adding StandardByUUID1 as 4
DEBUG 15:42:51,814 adding LocationInfo as 5
DEBUG 15:42:51,815 adding HintsColumnFamily as 6
DEBUG 15:42:51,932 Starting CFS LocationInfo
DEBUG 15:42:51,947 key cache capacity for LocationInfo is 1
DEBUG 15:42:51,949 Starting CFS HintsColumnFamily
DEBUG 15:42:51,950 key cache capacity for HintsColumnFamily is 1
DEBUG 15:42:51,995 opening keyspace Keyspace1
DEBUG 15:42:51,995 Starting CFS Standard2
DEBUG 15:42:51,996 key cache capacity for Standard2 is 1
DEBUG 15:42:51,997 Starting CFS Super1
DEBUG 15:42:51,997 key cache capacity for Super1 is 200000
DEBUG 15:42:51,998 Starting CFS Standard1
DEBUG 15:42:51,999 key cache capacity for Standard1 is 200000
DEBUG 15:42:51,999 Starting CFS Super2
DEBUG 15:42:52,000 key cache capacity for Super2 is 1
DEBUG 15:42:52,000 row cache capacity for Super2 is 10000
DEBUG 15:42:52,001 Starting CFS StandardByUUID1
DEBUG 15:42:52,002 key cache capacity for StandardByUUID1 is 200000
DEBUG 15:42:52,002 opening keyspace system
 INFO 15:42:52,034 Saved Token not found. Using 20902772761227803006582482381914476626
 INFO 15:42:52,038 Saved ClusterName not found. Using Test Cluster
DEBUG 15:42:52,037 Estimating compactions for Super1
DEBUG 15:42:52,043 Estimating compactions for Standard2
DEBUG 15:42:52,043 Estimating compactions for Super2
DEBUG 15:42:52,044 Estimating compactions for Standard1
DEBUG 15:42:52,044 Estimating compactions for StandardByUUID1
DEBUG 15:42:52,044 Estimating compactions for LocationInfo
DEBUG 15:42:52,045 Estimating compactions for HintsColumnFamily
DEBUG 15:42:52,045 Checking to see if compaction of Super1 would be useful
DEBUG 15:42:52,045 Checking to see if compaction of Standard2 would be useful
DEBUG 15:42:52,046 Checking to see if compaction of Super2 would be useful
DEBUG 15:42:52,046 Checking to see if compaction of Standard1 would be useful
DEBUG 15:42:52,047 Checking to see if compaction of StandardByUUID1 would be useful
DEBUG 15:42:52,047 Checking to see if compaction of LocationInfo would be useful
DEBUG 15:42:52,047 Checking to see if compaction of HintsColumnFamily would be useful
 INFO 15:42:52,053 Creating new commitlog segment /tmp/fi/cassandra/node3/commitlog/CommitLog-1308955372053.log
 INFO 15:42:52,091 LocationInfo has reached its threshold; switching in a fresh Memtable at CommitLogContext(file='/tmp/fi/cassandra/node3/commitlog/CommitLog-1308955372053.log', position=419)
 INFO 15:42:52,095 Enqueuing flush of Memtable-LocationInfo@14433154(169 bytes, 4 operations)
 INFO 15:42:52,097 Writing Memtable-LocationInfo@14433154(169 bytes, 4 operations)
 INFO 15:42:52,216 Completed flushing /tmp/fi/cassandra/node3/data/system/LocationInfo-1-Data.db
DEBUG 15:42:52,220 Checking to see if compaction of LocationInfo would be useful
DEBUG 15:42:52,222 discard completed log segments for CommitLogContext(file='/tmp/fi/cassandra/node3/commitlog/CommitLog-1308955372053.log', position=419), column family 5. CFIDs are {Keyspace1: TableMetadata({Standard2: 1, Super1: 0, Standard1: 3, Super2: 2, StandardByUUID1: 4, }), system: TableMetadata({LocationInfo: 5, HintsColumnFamily: 6, }), }
DEBUG 15:42:52,223 Marking replay position 419 on commit log CommitLogSegment(/tmp/fi/cassandra/node3/commitlog/CommitLog-1308955372053.log)
 INFO 15:42:52,235 Starting up server gossip
- TM uNT(1) : size of sortedToken = 0
- TM uNT(2) : size of sortedToken = 1 ... leavingEndPoints = []
TokenSizeTest:1:-1009653
 INFO 15:42:52,296 Binding thrift service to /127.0.0.13:9160
 INFO 15:42:52,302 Cassandra starting up...
- Experiment not running, continue ===>GDSynVHandler
Sending message ::
-->ID:1
FROM:/127.0.0.13
TYPE:GS
VERB:GOSSIP_DIGEST_ACK

DEBUG 15:42:52,420 attempting to connect to /127.0.0.1
- Experiment not running, continue ===>GDSynVHandler
Sending message ::
-->ID:2
FROM:/127.0.0.13
TYPE:GS
VERB:GOSSIP_DIGEST_ACK

DEBUG 15:42:52,421 attempting to connect to /127.0.0.11
&&&Added socket : 39913
&&&Added socket : 44100
 INFO 15:42:52,437 Node /127.0.0.12 is now part of the cluster
DEBUG 15:42:52,438 Resetting pool for /127.0.0.12
DEBUG 15:42:52,440 Node /127.0.0.12 state normal, token 50016043385412673101145352720806872521
- TM uNT(1) : size of sortedToken = 1
- TM uNT(2) : size of sortedToken = 2 ... leavingEndPoints = []
TokenSizeTest:2:-1009652
DEBUG 15:42:52,446 No bootstrapping or leaving nodes -> empty pending ranges for Keyspace1
 INFO 15:42:52,447 Node /127.0.0.1 is now part of the cluster
DEBUG 15:42:52,447 Resetting pool for /127.0.0.1
DEBUG 15:42:52,447 Node /127.0.0.1 state normal, token 151364447406687126714367278325169556726
- TM uNT(1) : size of sortedToken = 2
- TM uNT(2) : size of sortedToken = 3 ... leavingEndPoints = []
TokenSizeTest:3:-1009652
DEBUG 15:42:52,448 No bootstrapping or leaving nodes -> empty pending ranges for Keyspace1
 INFO 15:42:52,449 Node /127.0.0.11 is now part of the cluster
DEBUG 15:42:52,449 Resetting pool for /127.0.0.11
DEBUG 15:42:52,449 Node /127.0.0.11 state normal, token 90155846607461294516970726905988850646
- TM uNT(1) : size of sortedToken = 3
- TM uNT(2) : size of sortedToken = 4 ... leavingEndPoints = []
TokenSizeTest:4:-1009652
DEBUG 15:42:52,450 No bootstrapping or leaving nodes -> empty pending ranges for Keyspace1
 INFO 15:42:52,456 InetAddress /127.0.0.12 is now UP
 INFO 15:42:52,456 /127.0.0.12is cassReady
 INFO 15:42:52,457 InetAddress /127.0.0.11 is now UP
 INFO 15:42:52,457 /127.0.0.11is cassReady
 INFO 15:42:52,458 Started hinted handoff for endPoint /127.0.0.12
 INFO 15:42:52,467 Finished hinted handoff of 0 rows to endpoint /127.0.0.12
 INFO 15:42:52,467 Started hinted handoff for endPoint /127.0.0.11
 INFO 15:42:52,468 Finished hinted handoff of 0 rows to endpoint /127.0.0.11
node3 recorded Tokensize 4
- Nodes not connected...
- Experiment not running, continue ===>sendGossip
Sending message ::
-->ID:3
FROM:/127.0.0.13
TYPE:GS
VERB:GOSSIP_DIGEST_SYN

DEBUG 15:42:53,254 attempting to connect to /127.0.0.11
&&&Added socket : 57279
- Experiment not running, continue ===>sendGossip
DEBUG 15:42:53,269 GC for ParNew: 33 ms, 31020544 reclaimed leaving 44989280 used; max is 654114816
Sending message ::
-->ID:3
FROM:/127.0.0.13
TYPE:GS
VERB:GOSSIP_DIGEST_SYN

DEBUG 15:42:53,273 attempting to connect to /127.0.0.12
- Experiment not running, continue ===>GDAckVHandler
Sending message ::
-->ID:4
FROM:/127.0.0.13
TYPE:GS
VERB:GOSSIP_DIGEST_ACK2

&&&Added socket : 34446
- Experiment not running, continue ===>GDAckVHandler
Sending message ::
-->ID:5
FROM:/127.0.0.13
TYPE:GS
VERB:GOSSIP_DIGEST_ACK2

- Experiment not running, continue ===>GDSynVHandler
Sending message ::
-->ID:6
FROM:/127.0.0.13
TYPE:GS
VERB:GOSSIP_DIGEST_ACK

 INFO 15:42:53,774 InetAddress /127.0.0.1 is now UP
 INFO 15:42:53,775 /127.0.0.1is cassReady
 INFO 15:42:53,775 Started hinted handoff for endPoint /127.0.0.1
 INFO 15:42:53,777 Finished hinted handoff of 0 rows to endpoint /127.0.0.1
node3 recorded Tokensize 4
- Nodes connected, Gossiper returning 
DEBUG 15:42:54,264 Disseminating load info ...
node3 recorded Tokensize 4
- Nodes connected, Gossiper returning 
node3 recorded Tokensize 4
- Nodes connected, Gossiper returning 
node3 recorded Tokensize 4
- Nodes connected, Gossiper returning 
node3 recorded Tokensize 4
- Nodes connected, Gossiper returning 
node3 recorded Tokensize 4
- Nodes connected, Gossiper returning 
node3 recorded Tokensize 4
- Nodes connected, Gossiper returning 
node3 recorded Tokensize 4
- Nodes connected, Gossiper returning 
node3 recorded Tokensize 4
- Nodes connected, Gossiper returning 
node3 recorded Tokensize 4
- Nodes connected, Gossiper returning 
node3 recorded Tokensize 4
- Nodes connected, Gossiper returning 
node3 recorded Tokensize 4 [part of workload]
- Nodes connected, Gossiper returning  [part of workload]
node3 recorded Tokensize 4 [part of workload]
- Nodes connected, Gossiper returning  [part of workload]
node3 recorded Tokensize 4 [part of workload]
- Nodes connected, Gossiper returning  [part of workload]
DEBUG 15:43:07,907 Applying RowMutation(table='Keyspace1', key='key-010', modifications=[ColumnFamily(Standard1 [6578706572696d656e7456616c7565:true:4@1308955387886,])])
DEBUG 15:43:07,914 RowMutation(table='Keyspace1', key='key-010', modifications=[ColumnFamily(Standard1 [6578706572696d656e7456616c7565:true:4@1308955387886,])]) applied.  Sending response to 363@/127.0.0.1
Sending message ::
-->ID:363
FROM:/127.0.0.13
TYPE:RESPONSE-STAGE
VERB:READ_RESPONSE

DEBUG 15:43:07,914 attempting to connect to /127.0.0.1
&&&Added socket : 41391
node3 recorded Tokensize 4
- Nodes connected, Gossiper returning 
DEBUG 15:43:09,165 Applying RowMutation(table='Keyspace1', key='key-011', modifications=[ColumnFamily(Standard1 [6578706572696d656e7456616c7565:false:8@1308955389160,])])
DEBUG 15:43:09,166 RowMutation(table='Keyspace1', key='key-011', modifications=[ColumnFamily(Standard1 [6578706572696d656e7456616c7565:false:8@1308955389160,])]) applied.  Sending response to 364@/127.0.0.1
Sending message ::
-->ID:364
FROM:/127.0.0.13
TYPE:RESPONSE-STAGE
VERB:READ_RESPONSE

node3 recorded Tokensize 4 [part of workload]
- Nodes connected, Gossiper returning  [part of workload]

## ############################################
## MESSAGE: I'm failing this (see below) with FailType: NONE
## ############################################

  [targetIO][NetIO-Node0:127.0.0.1:60976] at *Node3* :: [Undecided] message 

  call(int java.io.DataInputStream.readInt())
   ** PL:AFTER / EX:IO / BOOL:NO / IO:READ **
    SourceLoc: org/apache/cassandra/net/IncomingTcpConnection.java(59)

      [0] org.apache.cassandra.net.IncomingTcpConnection (run:59)



## ############################################
## MESSAGE: I'm failing this (see below) with FailType: NONE
## ############################################

  [targetIO][NetIO-Node0:127.0.0.1:60976] at *Node3* :: [Undecided] message 

  call(int java.io.DataInputStream.readInt())
   ** PL:BEFORE / EX:IO / BOOL:NO / IO:READ **
    SourceLoc: org/apache/cassandra/net/IncomingTcpConnection.java(60)

      [0] org.apache.cassandra.net.IncomingTcpConnection (run:60)



## ############################################
## MESSAGE: I'm failing this (see below) with FailType: NONE
## ############################################

  [targetIO][NetIO-Node0:127.0.0.1:60976] at *Node3* :: [Undecided] message 

  call(int java.io.DataInputStream.readInt())
   ** PL:AFTER / EX:IO / BOOL:NO / IO:READ **
    SourceLoc: org/apache/cassandra/net/IncomingTcpConnection.java(60)

      [0] org.apache.cassandra.net.IncomingTcpConnection (run:60)



## ############################################
## MESSAGE: I'm failing this (see below) with FailType: NONE
## ############################################

  [targetIO][NetIO-Node0:127.0.0.1:60976] at *Node3* :: [Undecided] message 

  call(int java.io.DataInputStream.readInt())
   ** PL:BEFORE / EX:IO / BOOL:NO / IO:READ **
    SourceLoc: org/apache/cassandra/net/IncomingTcpConnection.java(71)

      [0] org.apache.cassandra.net.IncomingTcpConnection (run:71)



## ############################################
## MESSAGE: I'm failing this (see below) with FailType: NONE
## ############################################

  [targetIO][NetIO-Node0:127.0.0.1:60976] at *Node3* :: [Undecided] message 

  call(int java.io.DataInputStream.readInt())
   ** PL:AFTER / EX:IO / BOOL:NO / IO:READ **
    SourceLoc: org/apache/cassandra/net/IncomingTcpConnection.java(71)

      [0] org.apache.cassandra.net.IncomingTcpConnection (run:71)



## ############################################
## MESSAGE: I'm failing this (see below) with FailType: NONE
## ############################################

  [targetIO][NetIO-Node0:127.0.0.1:60976] at *Node3* :: [Undecided] message 

  call(void java.io.DataInputStream.readFully(byte[]))
   ** PL:BEFORE / EX:IO / BOOL:NO / IO:READ **
    SourceLoc: org/apache/cassandra/net/IncomingTcpConnection.java(73)

      [0] org.apache.cassandra.net.IncomingTcpConnection (run:73)



## ############################################
## MESSAGE: I'm failing this (see below) with FailType: NONE
## ############################################

  [targetIO][NetIO-Node0:127.0.0.1:60976] at *Node3* :: [Undecided] message 

  call(void java.io.DataInputStream.readFully(byte[]))
   ** PL:AFTER / EX:IO / BOOL:NO / IO:READ **
    SourceLoc: org/apache/cassandra/net/IncomingTcpConnection.java(73)

      [0] org.apache.cassandra.net.IncomingTcpConnection (run:73)



## ############################################
## MESSAGE: I'm failing this (see below) with FailType: NONE
## ############################################

  [targetIO][NetIO-Node0:127.0.0.1:60976] at *Node3* :: [Undecided] message 

  call(int java.io.DataInputStream.readInt())
   ** PL:BEFORE / EX:IO / BOOL:NO / IO:READ **
    SourceLoc: org/apache/cassandra/net/IncomingTcpConnection.java(59)

      [0] org.apache.cassandra.net.IncomingTcpConnection (run:59)


DEBUG 15:43:09,645 digest is ae9cf345ddd9e1b4bd7d222da2150e64
DEBUG 15:43:09,647 Read key key-011; sending response to 8C911AD3-4547-29E7-6170-21092E2B093E@/127.0.0.1
wRRPATH ReadVerbHanlder doVerb(): Read key key-011; sending response to 8C911AD3-4547-29E7-6170-21092E2B093E@/127.0.0.1 [part of workload]
    [00] java.lang.Thread.getStackTrace(Thread.java:1436) 
    [01] org.apache.cassandra.Util.getStackTrace(Util.java:136) 
    [02] org.apache.cassandra.Util.printStackTrace(Util.java:123) 
    [03] org.apache.cassandra.Util.printStackTrace(Util.java:130) 
    [04] org.apache.cassandra.db.ReadVerbHandler.doVerb(ReadVerbHandler.java:100) 
    [05] org.apache.cassandra.net.MessageDeliveryTask.run(MessageDeliveryTask.java:49) 
    [06] java.util.concurrent.ThreadPoolExecutor$Worker.runTask(ThreadPoolExecutor.java:886) 
    [07] java.util.concurrent.ThreadPoolExecutor$Worker.run(ThreadPoolExecutor.java:908) 
    [08] java.lang.Thread.run(Thread.java:619) 
cutSendOneWay targetIO : NetIO-Node3:127.0.0.13
corrupt :: failType returned :: NONE
Sending message ::
-->ID:8C911AD3-4547-29E7-6170-21092E2B093E
FROM:/127.0.0.13
TYPE:RESPONSE-STAGE
VERB:READ_RESPONSE
 [part of workload]

## ############################################
## MESSAGE: I'm failing this (see below) with FailType: NONE
## ############################################

  [targetIO][NetIO-Node3:127.0.0.1:7000] at *Node3* :: [Undecided] message 

  call(void java.io.DataOutputStream.write(byte[], int, int))
   ** PL:BEFORE / EX:IO / BOOL:NO / IO:WRITE **
    SourceLoc: org/apache/cassandra/net/OutboundTcpConnection.java(101)

      [0] org.apache.cassandra.net.OutboundTcpConnection (writeConnected:101)
      [1] org.apache.cassandra.net.OutboundTcpConnection (run:90)



## ############################################
## MESSAGE: I'm failing this (see below) with FailType: NONE
## ############################################

  [targetIO][NetIO-Node3:127.0.0.1:7000] at *Node3* :: [Undecided] message 

  call(void java.io.DataOutputStream.write(byte[], int, int))
   ** PL:AFTER / EX:IO / BOOL:NO / IO:WRITE **
    SourceLoc: org/apache/cassandra/net/OutboundTcpConnection.java(101)

      [0] org.apache.cassandra.net.OutboundTcpConnection (writeConnected:101)
      [1] org.apache.cassandra.net.OutboundTcpConnection (run:90)



## ############################################
## MESSAGE: I'm failing this (see below) with FailType: NONE
## ############################################

  [targetIO][NetIO-Node3:127.0.0.1:7000] at *Node3* :: [Undecided] message 

  call(void java.io.DataOutputStream.flush())
   ** PL:BEFORE / EX:IO / BOOL:NO / IO:WRITE **
    SourceLoc: org/apache/cassandra/net/OutboundTcpConnection.java(104)

      [0] org.apache.cassandra.net.OutboundTcpConnection (writeConnected:104)
      [1] org.apache.cassandra.net.OutboundTcpConnection (run:90)



## ############################################
## MESSAGE: I'm failing this (see below) with FailType: NONE
## ############################################

  [targetIO][NetIO-Node3:127.0.0.1:7000] at *Node3* :: [Undecided] message 

  call(void java.io.DataOutputStream.flush())
   ** PL:AFTER / EX:IO / BOOL:NO / IO:WRITE **
    SourceLoc: org/apache/cassandra/net/OutboundTcpConnection.java(104)

      [0] org.apache.cassandra.net.OutboundTcpConnection (writeConnected:104)
      [1] org.apache.cassandra.net.OutboundTcpConnection (run:90)


node3 recorded Tokensize 4 [part of workload]
- Experiment running, Gossiper returning  [part of workload]
node3 recorded Tokensize 4 [part of workload]
- Experiment running, Gossiper returning  [part of workload]
node3 recorded Tokensize 4 [part of workload]
- Experiment running, Gossiper returning  [part of workload]
node3 recorded Tokensize 4 [part of workload]
- Experiment running, Gossiper returning  [part of workload]
node3 recorded Tokensize 4 [part of workload]
- Experiment running, Gossiper returning  [part of workload]
node3 recorded Tokensize 4 [part of workload]
- Experiment running, Gossiper returning  [part of workload]
node3 recorded Tokensize 4 [part of workload]
- Experiment running, Gossiper returning  [part of workload]
node3 recorded Tokensize 4 [part of workload]
- Experiment running, Gossiper returning  [part of workload]
node3 recorded Tokensize 4 [part of workload]
- Experiment running, Gossiper returning  [part of workload]
node3 recorded Tokensize 4 [part of workload]
- Experiment running, Gossiper returning  [part of workload]
node3 recorded Tokensize 4 [part of workload]
- Experiment running, Gossiper returning  [part of workload]
node3 recorded Tokensize 4 [part of workload]
- Experiment running, Gossiper returning  [part of workload]
DEBUG 15:43:22,191 Applying RowMutation(table='Keyspace1', key='key-011', modifications=[ColumnFamily(Standard1 [6578706572696d656e7456616c7565:true:4@1308955402182,])])
DEBUG 15:43:22,191 RowMutation(table='Keyspace1', key='key-011', modifications=[ColumnFamily(Standard1 [6578706572696d656e7456616c7565:true:4@1308955402182,])]) applied.  Sending response to 367@/127.0.0.1
Sending message ::
-->ID:367
FROM:/127.0.0.13
TYPE:RESPONSE-STAGE
VERB:READ_RESPONSE

node3 recorded Tokensize 4
- Nodes not connected...
- Experiment not running, continue ===>sendGossip
Sending message ::
-->ID:7
FROM:/127.0.0.13
TYPE:GS
VERB:GOSSIP_DIGEST_SYN

 INFO 15:43:22,257 InetAddress /127.0.0.1 is now dead.
DEBUG 15:43:22,258 Resetting pool for /127.0.0.1
 INFO 15:43:22,260 InetAddress /127.0.0.12 is now dead.
DEBUG 15:43:22,261 Resetting pool for /127.0.0.12
 INFO 15:43:22,261 InetAddress /127.0.0.11 is now dead.
DEBUG 15:43:22,263 Resetting pool for /127.0.0.11
 INFO 15:43:22,267 InetAddress /127.0.0.11 is now UP
 INFO 15:43:22,267 Started hinted handoff for endPoint /127.0.0.11
 INFO 15:43:22,268 /127.0.0.11is cassReady
- Experiment not running, continue ===>GDAckVHandler
 INFO 15:43:22,268 Finished hinted handoff of 0 rows to endpoint /127.0.0.11
Sending message ::
-->ID:8
FROM:/127.0.0.13
TYPE:GS
VERB:GOSSIP_DIGEST_ACK2

DEBUG 15:43:22,269 attempting to connect to /127.0.0.11
&&&Added socket : 55881
- Experiment not running, continue ===>GDSynVHandler
Sending message ::
-->ID:9
FROM:/127.0.0.13
TYPE:GS
VERB:GOSSIP_DIGEST_ACK

DEBUG 15:43:22,337 attempting to connect to /127.0.0.1
&&&Added socket : 55748
 INFO 15:43:22,347 InetAddress /127.0.0.1 is now UP
 INFO 15:43:22,348 /127.0.0.1is cassReady
 INFO 15:43:22,347 Started hinted handoff for endPoint /127.0.0.1
 INFO 15:43:22,352 Finished hinted handoff of 0 rows to endpoint /127.0.0.1
node3 recorded Tokensize 4
- Nodes not connected...
- Experiment not running, continue ===>sendGossip
Sending message ::
-->ID:10
FROM:/127.0.0.13
TYPE:GS
VERB:GOSSIP_DIGEST_SYN

- Experiment not running, continue ===>sendGossip
Sending message ::
-->ID:10
FROM:/127.0.0.13
TYPE:GS
VERB:GOSSIP_DIGEST_SYN

- Experiment not running, continue ===>GDAckVHandler
Sending message ::
-->ID:11
FROM:/127.0.0.13
TYPE:GS
VERB:GOSSIP_DIGEST_ACK2

- Experiment not running, continue ===>GDAckVHandler
Sending message ::
-->ID:12
FROM:/127.0.0.13
TYPE:GS
VERB:GOSSIP_DIGEST_ACK2

- Experiment not running, continue ===>GDSynVHandler
Sending message ::
-->ID:13
FROM:/127.0.0.13
TYPE:GS
VERB:GOSSIP_DIGEST_ACK

node3 recorded Tokensize 4
- Nodes not connected...
- Experiment not running, continue ===>sendGossip
Sending message ::
-->ID:14
FROM:/127.0.0.13
TYPE:GS
VERB:GOSSIP_DIGEST_SYN

- Experiment not running, continue ===>sendGossip
Sending message ::
-->ID:14
FROM:/127.0.0.13
TYPE:GS
VERB:GOSSIP_DIGEST_SYN

DEBUG 15:43:24,254 attempting to connect to /127.0.0.12
- Experiment not running, continue ===>GDAckVHandler
Sending message ::
-->ID:15
FROM:/127.0.0.13
TYPE:GS
VERB:GOSSIP_DIGEST_ACK2

- Experiment not running, continue ===>GDSynVHandler
Sending message ::
-->ID:16
FROM:/127.0.0.13
TYPE:GS
VERB:GOSSIP_DIGEST_ACK

node3 recorded Tokensize 4
- Nodes not connected...
- Experiment not running, continue ===>sendGossip
Sending message ::
-->ID:17
FROM:/127.0.0.13
TYPE:GS
VERB:GOSSIP_DIGEST_SYN

- Experiment not running, continue ===>sendGossip
Sending message ::
-->ID:17
FROM:/127.0.0.13
TYPE:GS
VERB:GOSSIP_DIGEST_SYN

- Experiment not running, continue ===>sendGossip
Sending message ::
-->ID:17
FROM:/127.0.0.13
TYPE:GS
VERB:GOSSIP_DIGEST_SYN

- Experiment not running, continue ===>GDAckVHandler
Sending message ::
-->ID:18
FROM:/127.0.0.13
TYPE:GS
VERB:GOSSIP_DIGEST_ACK2

- Experiment not running, continue ===>GDAckVHandler
Sending message ::
-->ID:19
FROM:/127.0.0.13
TYPE:GS
VERB:GOSSIP_DIGEST_ACK2

- Experiment not running, continue ===>GDSynVHandler
Sending message ::
-->ID:20
FROM:/127.0.0.13
TYPE:GS
VERB:GOSSIP_DIGEST_ACK

node3 recorded Tokensize 4
- Nodes not connected...
- Experiment not running, continue ===>sendGossip
Sending message ::
-->ID:21
FROM:/127.0.0.13
TYPE:GS
VERB:GOSSIP_DIGEST_SYN

- Experiment not running, continue ===>sendGossip
Sending message ::
-->ID:21
FROM:/127.0.0.13
TYPE:GS
VERB:GOSSIP_DIGEST_SYN

- Experiment not running, continue ===>GDAckVHandler
Sending message ::
-->ID:22
FROM:/127.0.0.13
TYPE:GS
VERB:GOSSIP_DIGEST_ACK2

- Experiment not running, continue ===>GDAckVHandler
Sending message ::
-->ID:23
FROM:/127.0.0.13
TYPE:GS
VERB:GOSSIP_DIGEST_ACK2

- Experiment not running, continue ===>GDSynVHandler
Sending message ::
-->ID:24
FROM:/127.0.0.13
TYPE:GS
VERB:GOSSIP_DIGEST_ACK

node3 recorded Tokensize 4
- Nodes not connected...
- Experiment not running, continue ===>sendGossip
Sending message ::
-->ID:25
FROM:/127.0.0.13
TYPE:GS
VERB:GOSSIP_DIGEST_SYN

- Experiment not running, continue ===>sendGossip
Sending message ::
-->ID:25
FROM:/127.0.0.13
TYPE:GS
VERB:GOSSIP_DIGEST_SYN

- Experiment not running, continue ===>GDAckVHandler
Sending message ::
-->ID:26
FROM:/127.0.0.13
TYPE:GS
VERB:GOSSIP_DIGEST_ACK2

- Experiment not running, continue ===>GDSynVHandler
Sending message ::
-->ID:27
FROM:/127.0.0.13
TYPE:GS
VERB:GOSSIP_DIGEST_ACK

node3 recorded Tokensize 4
- Nodes not connected...
- Experiment not running, continue ===>sendGossip
Sending message ::
-->ID:28
FROM:/127.0.0.13
TYPE:GS
VERB:GOSSIP_DIGEST_SYN

- Experiment not running, continue ===>sendGossip
Sending message ::
-->ID:28
FROM:/127.0.0.13
TYPE:GS
VERB:GOSSIP_DIGEST_SYN

- Experiment not running, continue ===>GDAckVHandler
Sending message ::
-->ID:29
FROM:/127.0.0.13
TYPE:GS
VERB:GOSSIP_DIGEST_ACK2

- Experiment not running, continue ===>GDSynVHandler
Sending message ::
-->ID:30
FROM:/127.0.0.13
TYPE:GS
VERB:GOSSIP_DIGEST_ACK

node3 recorded Tokensize 4
- Nodes not connected...
- Experiment not running, continue ===>sendGossip
Sending message ::
-->ID:31
FROM:/127.0.0.13
TYPE:GS
VERB:GOSSIP_DIGEST_SYN

- Experiment not running, continue ===>sendGossip
Sending message ::
-->ID:31
FROM:/127.0.0.13
TYPE:GS
VERB:GOSSIP_DIGEST_SYN

- Experiment not running, continue ===>sendGossip
Sending message ::
-->ID:31
FROM:/127.0.0.13
TYPE:GS
VERB:GOSSIP_DIGEST_SYN

- Experiment not running, continue ===>GDAckVHandler
Sending message ::
-->ID:32
FROM:/127.0.0.13
TYPE:GS
VERB:GOSSIP_DIGEST_ACK2

- Experiment not running, continue ===>GDAckVHandler
Sending message ::
-->ID:33
FROM:/127.0.0.13
TYPE:GS
VERB:GOSSIP_DIGEST_ACK2

- Experiment not running, continue ===>GDSynVHandler
Sending message ::
-->ID:34
FROM:/127.0.0.13
TYPE:GS
VERB:GOSSIP_DIGEST_ACK

node3 recorded Tokensize 4
- Nodes not connected...
- Experiment not running, continue ===>sendGossip
Sending message ::
-->ID:35
FROM:/127.0.0.13
TYPE:GS
VERB:GOSSIP_DIGEST_SYN

- Experiment not running, continue ===>sendGossip
Sending message ::
-->ID:35
FROM:/127.0.0.13
TYPE:GS
VERB:GOSSIP_DIGEST_SYN

- Experiment not running, continue ===>GDAckVHandler
Sending message ::
-->ID:36
FROM:/127.0.0.13
TYPE:GS
VERB:GOSSIP_DIGEST_ACK2

- Experiment not running, continue ===>GDAckVHandler
Sending message ::
-->ID:37
FROM:/127.0.0.13
TYPE:GS
VERB:GOSSIP_DIGEST_ACK2

node3 recorded Tokensize 4
- Nodes not connected...
- Experiment not running, continue ===>sendGossip
Sending message ::
-->ID:38
FROM:/127.0.0.13
TYPE:GS
VERB:GOSSIP_DIGEST_SYN

- Experiment not running, continue ===>sendGossip
Sending message ::
-->ID:38
FROM:/127.0.0.13
TYPE:GS
VERB:GOSSIP_DIGEST_SYN

- Experiment not running, continue ===>GDAckVHandler
Sending message ::
-->ID:39
FROM:/127.0.0.13
TYPE:GS
VERB:GOSSIP_DIGEST_ACK2

- Experiment not running, continue ===>GDAckVHandler
Sending message ::
-->ID:40
FROM:/127.0.0.13
TYPE:GS
VERB:GOSSIP_DIGEST_ACK2

node3 recorded Tokensize 4
- Nodes not connected...
- Experiment not running, continue ===>sendGossip
Sending message ::
-->ID:41
FROM:/127.0.0.13
TYPE:GS
VERB:GOSSIP_DIGEST_SYN

- Experiment not running, continue ===>sendGossip
Sending message ::
-->ID:41
FROM:/127.0.0.13
TYPE:GS
VERB:GOSSIP_DIGEST_SYN

- Experiment not running, continue ===>GDAckVHandler
Sending message ::
-->ID:42
FROM:/127.0.0.13
TYPE:GS
VERB:GOSSIP_DIGEST_ACK2

- Experiment not running, continue ===>GDAckVHandler
Sending message ::
-->ID:43
FROM:/127.0.0.13
TYPE:GS
VERB:GOSSIP_DIGEST_ACK2

- Experiment not running, continue ===>GDSynVHandler
Sending message ::
-->ID:44
FROM:/127.0.0.13
TYPE:GS
VERB:GOSSIP_DIGEST_ACK

DEBUG 15:43:33,237 GC for ParNew: 18 ms, 32806400 reclaimed leaving 47279560 used; max is 654114816
node3 recorded Tokensize 4
- Nodes not connected...
- Experiment not running, continue ===>sendGossip
Sending message ::
-->ID:45
FROM:/127.0.0.13
TYPE:GS
VERB:GOSSIP_DIGEST_SYN

- Experiment not running, continue ===>sendGossip
Sending message ::
-->ID:45
FROM:/127.0.0.13
TYPE:GS
VERB:GOSSIP_DIGEST_SYN

- Experiment not running, continue ===>GDAckVHandler
Sending message ::
-->ID:46
FROM:/127.0.0.13
TYPE:GS
VERB:GOSSIP_DIGEST_ACK2

- Experiment not running, continue ===>GDAckVHandler
Sending message ::
-->ID:47
FROM:/127.0.0.13
TYPE:GS
VERB:GOSSIP_DIGEST_ACK2

- Experiment not running, continue ===>GDSynVHandler
Sending message ::
-->ID:48
FROM:/127.0.0.13
TYPE:GS
VERB:GOSSIP_DIGEST_ACK

&&&Added socket : 42917
 INFO 15:43:34,231 Node /127.0.0.12 has restarted, now UP again
DEBUG 15:43:34,232 Node /127.0.0.12 state normal, token 95763128674829263755597563476114486239
 INFO 15:43:34,232 Node /127.0.0.12 state jump to normal
- TM uNT(1) : size of sortedToken = 4
- TM uNT(2) : size of sortedToken = 4 ... leavingEndPoints = []
TokenSizeTest:4:-1009611
DEBUG 15:43:34,233 No bootstrapping or leaving nodes -> empty pending ranges for Keyspace1
 INFO 15:43:34,233 Started hinted handoff for endPoint /127.0.0.12
 INFO 15:43:34,234 Finished hinted handoff of 0 rows to endpoint /127.0.0.12
- Experiment not running, continue ===>GDAckVHandler
Sending message ::
-->ID:49
FROM:/127.0.0.13
TYPE:GS
VERB:GOSSIP_DIGEST_ACK2

- Experiment not running, continue ===>GDAckVHandler
Sending message ::
-->ID:50
FROM:/127.0.0.13
TYPE:GS
VERB:GOSSIP_DIGEST_ACK2

- Experiment not running, continue ===>GDAckVHandler
Sending message ::
-->ID:51
FROM:/127.0.0.13
TYPE:GS
VERB:GOSSIP_DIGEST_ACK2

node3 recorded Tokensize 4
- Nodes not connected...
- Experiment not running, continue ===>sendGossip
Sending message ::
-->ID:52
FROM:/127.0.0.13
TYPE:GS
VERB:GOSSIP_DIGEST_SYN

- Experiment not running, continue ===>GDAckVHandler
Sending message ::
-->ID:53
FROM:/127.0.0.13
TYPE:GS
VERB:GOSSIP_DIGEST_ACK2

- Experiment not running, continue ===>GDAckVHandler
Sending message ::
-->ID:54
FROM:/127.0.0.13
TYPE:GS
VERB:GOSSIP_DIGEST_ACK2

- Experiment not running, continue ===>GDAckVHandler
Sending message ::
-->ID:55
FROM:/127.0.0.13
TYPE:GS
VERB:GOSSIP_DIGEST_ACK2

- Experiment not running, continue ===>GDSynVHandler
Sending message ::
-->ID:56
FROM:/127.0.0.13
TYPE:GS
VERB:GOSSIP_DIGEST_ACK

- Experiment not running, continue ===>GDSynVHandler
Sending message ::
-->ID:57
FROM:/127.0.0.13
TYPE:GS
VERB:GOSSIP_DIGEST_ACK

node3 recorded Tokensize 4
- Nodes not connected...
- Experiment not running, continue ===>sendGossip
Sending message ::
-->ID:58
FROM:/127.0.0.13
TYPE:GS
VERB:GOSSIP_DIGEST_SYN

- Experiment not running, continue ===>GDAckVHandler
Sending message ::
-->ID:59
FROM:/127.0.0.13
TYPE:GS
VERB:GOSSIP_DIGEST_ACK2

- Experiment not running, continue ===>GDSynVHandler
Sending message ::
-->ID:60
FROM:/127.0.0.13
TYPE:GS
VERB:GOSSIP_DIGEST_ACK

node3 recorded Tokensize 4
- Nodes not connected...
- Experiment not running, continue ===>sendGossip
Sending message ::
-->ID:61
FROM:/127.0.0.13
TYPE:GS
VERB:GOSSIP_DIGEST_SYN

- Experiment not running, continue ===>GDAckVHandler
Sending message ::
-->ID:62
FROM:/127.0.0.13
TYPE:GS
VERB:GOSSIP_DIGEST_ACK2

- Experiment not running, continue ===>GDSynVHandler
Sending message ::
-->ID:63
FROM:/127.0.0.13
TYPE:GS
VERB:GOSSIP_DIGEST_ACK

node3 recorded Tokensize 4
- Nodes connected, Gossiper returning 
DEBUG 15:43:37,591 Applying RowMutation(table='Keyspace1', key='key-012', modifications=[ColumnFamily(Standard1 [6578706572696d656e7456616c7565:false:8@1308955417579,])])
DEBUG 15:43:37,592 RowMutation(table='Keyspace1', key='key-012', modifications=[ColumnFamily(Standard1 [6578706572696d656e7456616c7565:false:8@1308955417579,])]) applied.  Sending response to 416@/127.0.0.1
Sending message ::
-->ID:416
FROM:/127.0.0.13
TYPE:RESPONSE-STAGE
VERB:READ_RESPONSE


## ############################################
## MESSAGE: I'm failing this (see below) with FailType: NONE
## ############################################

  [targetIO][NetIO-Node0:127.0.0.1:60976] at *Node3* :: [Undecided] message 

  call(int java.io.DataInputStream.readInt())
   ** PL:AFTER / EX:IO / BOOL:NO / IO:READ **
    SourceLoc: org/apache/cassandra/net/IncomingTcpConnection.java(59)

      [0] org.apache.cassandra.net.IncomingTcpConnection (run:59)



## ############################################
## MESSAGE: I'm failing this (see below) with FailType: NONE
## ############################################

  [targetIO][NetIO-Node0:127.0.0.1:60976] at *Node3* :: [Undecided] message 

  call(int java.io.DataInputStream.readInt())
   ** PL:BEFORE / EX:IO / BOOL:NO / IO:READ **
    SourceLoc: org/apache/cassandra/net/IncomingTcpConnection.java(60)

      [0] org.apache.cassandra.net.IncomingTcpConnection (run:60)



## ############################################
## MESSAGE: I'm failing this (see below) with FailType: NONE
## ############################################

  [targetIO][NetIO-Node0:127.0.0.1:60976] at *Node3* :: [Undecided] message 

  call(int java.io.DataInputStream.readInt())
   ** PL:AFTER / EX:IO / BOOL:NO / IO:READ **
    SourceLoc: org/apache/cassandra/net/IncomingTcpConnection.java(60)

      [0] org.apache.cassandra.net.IncomingTcpConnection (run:60)



## ############################################
## MESSAGE: I'm failing this (see below) with FailType: NONE
## ############################################

  [targetIO][NetIO-Node0:127.0.0.1:60976] at *Node3* :: [Undecided] message 

  call(int java.io.DataInputStream.readInt())
   ** PL:BEFORE / EX:IO / BOOL:NO / IO:READ **
    SourceLoc: org/apache/cassandra/net/IncomingTcpConnection.java(71)

      [0] org.apache.cassandra.net.IncomingTcpConnection (run:71)



## ############################################
## MESSAGE: I'm failing this (see below) with FailType: NONE
## ############################################

  [targetIO][NetIO-Node0:127.0.0.1:60976] at *Node3* :: [Undecided] message 

  call(int java.io.DataInputStream.readInt())
   ** PL:AFTER / EX:IO / BOOL:NO / IO:READ **
    SourceLoc: org/apache/cassandra/net/IncomingTcpConnection.java(71)

      [0] org.apache.cassandra.net.IncomingTcpConnection (run:71)



## ############################################
## MESSAGE: I'm failing this (see below) with FailType: NONE
## ############################################

  [targetIO][NetIO-Node0:127.0.0.1:60976] at *Node3* :: [Undecided] message 

  call(void java.io.DataInputStream.readFully(byte[]))
   ** PL:BEFORE / EX:IO / BOOL:NO / IO:READ **
    SourceLoc: org/apache/cassandra/net/IncomingTcpConnection.java(73)

      [0] org.apache.cassandra.net.IncomingTcpConnection (run:73)



## ############################################
## MESSAGE: I'm failing this (see below) with FailType: NONE
## ############################################

  [targetIO][NetIO-Node0:127.0.0.1:60976] at *Node3* :: [Undecided] message 

  call(void java.io.DataInputStream.readFully(byte[]))
   ** PL:AFTER / EX:IO / BOOL:NO / IO:READ **
    SourceLoc: org/apache/cassandra/net/IncomingTcpConnection.java(73)

      [0] org.apache.cassandra.net.IncomingTcpConnection (run:73)


DEBUG 15:43:37,775 digest is c52d2f696a7f4d4461557f1df6a084be
DEBUG 15:43:37,775 Read key key-012; sending response to F319A059-1AD0-F727-38CD-1B7230C3B779@/127.0.0.1
wRRPATH ReadVerbHanlder doVerb(): Read key key-012; sending response to F319A059-1AD0-F727-38CD-1B7230C3B779@/127.0.0.1 [part of workload]
    [00] java.lang.Thread.getStackTrace(Thread.java:1436) 
    [01] org.apache.cassandra.Util.getStackTrace(Util.java:136) 
    [02] org.apache.cassandra.Util.printStackTrace(Util.java:123) 
    [03] org.apache.cassandra.Util.printStackTrace(Util.java:130) 
    [04] org.apache.cassandra.db.ReadVerbHandler.doVerb(ReadVerbHandler.java:100) 
    [05] org.apache.cassandra.net.MessageDeliveryTask.run(MessageDeliveryTask.java:49) 
    [06] java.util.concurrent.ThreadPoolExecutor$Worker.runTask(ThreadPoolExecutor.java:886) 
    [07] java.util.concurrent.ThreadPoolExecutor$Worker.run(ThreadPoolExecutor.java:908) 
    [08] java.lang.Thread.run(Thread.java:619) 
cutSendOneWay targetIO : NetIO-Node2:127.0.0.13
corrupt :: failType returned :: NONE
Sending message ::
-->ID:F319A059-1AD0-F727-38CD-1B7230C3B779
FROM:/127.0.0.13
TYPE:RESPONSE-STAGE
VERB:READ_RESPONSE
 [part of workload]

## ############################################
## MESSAGE: I'm failing this (see below) with FailType: NONE
## ############################################

  [targetIO][NetIO-Node3:127.0.0.1:7000] at *Node3* :: [Undecided] message 

  call(void java.io.DataOutputStream.write(byte[], int, int))
   ** PL:BEFORE / EX:IO / BOOL:NO / IO:WRITE **
    SourceLoc: org/apache/cassandra/net/OutboundTcpConnection.java(101)

      [0] org.apache.cassandra.net.OutboundTcpConnection (writeConnected:101)
      [1] org.apache.cassandra.net.OutboundTcpConnection (run:90)



## ############################################
## MESSAGE: I'm failing this (see below) with FailType: NONE
## ############################################

  [targetIO][NetIO-Node3:127.0.0.1:7000] at *Node3* :: [Undecided] message 

  call(void java.io.DataOutputStream.write(byte[], int, int))
   ** PL:AFTER / EX:IO / BOOL:NO / IO:WRITE **
    SourceLoc: org/apache/cassandra/net/OutboundTcpConnection.java(101)

      [0] org.apache.cassandra.net.OutboundTcpConnection (writeConnected:101)
      [1] org.apache.cassandra.net.OutboundTcpConnection (run:90)



## ############################################
## MESSAGE: I'm failing this (see below) with FailType: NONE
## ############################################

  [targetIO][NetIO-Node3:127.0.0.1:7000] at *Node3* :: [Undecided] message 

  call(void java.io.DataOutputStream.flush())
   ** PL:BEFORE / EX:IO / BOOL:NO / IO:WRITE **
    SourceLoc: org/apache/cassandra/net/OutboundTcpConnection.java(104)

      [0] org.apache.cassandra.net.OutboundTcpConnection (writeConnected:104)
      [1] org.apache.cassandra.net.OutboundTcpConnection (run:90)



## ############################################
## MESSAGE: I'm failing this (see below) with FailType: NONE
## ############################################

  [targetIO][NetIO-Node3:127.0.0.1:7000] at *Node3* :: [Undecided] message 

  call(void java.io.DataOutputStream.flush())
   ** PL:AFTER / EX:IO / BOOL:NO / IO:WRITE **
    SourceLoc: org/apache/cassandra/net/OutboundTcpConnection.java(104)

      [0] org.apache.cassandra.net.OutboundTcpConnection (writeConnected:104)
      [1] org.apache.cassandra.net.OutboundTcpConnection (run:90)



## ############################################
## MESSAGE: I'm failing this (see below) with FailType: NONE
## ############################################

  [targetIO][NetIO-Node0:127.0.0.1:60976] at *Node3* :: [Undecided] message 

  call(int java.io.DataInputStream.readInt())
   ** PL:BEFORE / EX:IO / BOOL:NO / IO:READ **
    SourceLoc: org/apache/cassandra/net/IncomingTcpConnection.java(59)

      [0] org.apache.cassandra.net.IncomingTcpConnection (run:59)


node3 recorded Tokensize 4 [part of workload]
- Nodes connected, Gossiper returning  [part of workload]
node3 recorded Tokensize 4 [part of workload]
- Nodes connected, Gossiper returning  [part of workload]
node3 recorded Tokensize 4 [part of workload]
- Nodes connected, Gossiper returning  [part of workload]
DEBUG 15:43:41,185 Applying RowMutation(table='Keyspace1', key='key-012', modifications=[ColumnFamily(Standard1 [6578706572696d656e7456616c7565:true:4@1308955421176,])])
DEBUG 15:43:41,185 RowMutation(table='Keyspace1', key='key-012', modifications=[ColumnFamily(Standard1 [6578706572696d656e7456616c7565:true:4@1308955421176,])]) applied.  Sending response to 419@/127.0.0.1
Sending message ::
-->ID:419
FROM:/127.0.0.13
TYPE:RESPONSE-STAGE
VERB:READ_RESPONSE

node3 recorded Tokensize 4
- Nodes connected, Gossiper returning 
node3 recorded Tokensize 4
- Nodes connected, Gossiper returning 
DEBUG 15:43:42,425 Applying RowMutation(table='Keyspace1', key='key-013', modifications=[ColumnFamily(Standard1 [6578706572696d656e7456616c7565:false:8@1308955422415,])])
DEBUG 15:43:42,425 RowMutation(table='Keyspace1', key='key-013', modifications=[ColumnFamily(Standard1 [6578706572696d656e7456616c7565:false:8@1308955422415,])]) applied.  Sending response to 420@/127.0.0.1
Sending message ::
-->ID:420
FROM:/127.0.0.13
TYPE:RESPONSE-STAGE
VERB:READ_RESPONSE


## ############################################
## MESSAGE: I'm failing this (see below) with FailType: NONE
## ############################################

  [targetIO][NetIO-Node0:127.0.0.1:60976] at *Node3* :: [Undecided] message 

  call(int java.io.DataInputStream.readInt())
   ** PL:AFTER / EX:IO / BOOL:NO / IO:READ **
    SourceLoc: org/apache/cassandra/net/IncomingTcpConnection.java(59)

      [0] org.apache.cassandra.net.IncomingTcpConnection (run:59)



## ############################################
## MESSAGE: I'm failing this (see below) with FailType: NONE
## ############################################

  [targetIO][NetIO-Node0:127.0.0.1:60976] at *Node3* :: [Undecided] message 

  call(int java.io.DataInputStream.readInt())
   ** PL:BEFORE / EX:IO / BOOL:NO / IO:READ **
    SourceLoc: org/apache/cassandra/net/IncomingTcpConnection.java(60)

      [0] org.apache.cassandra.net.IncomingTcpConnection (run:60)



## ############################################
## MESSAGE: I'm failing this (see below) with FailType: NONE
## ############################################

  [targetIO][NetIO-Node0:127.0.0.1:60976] at *Node3* :: [Undecided] message 

  call(int java.io.DataInputStream.readInt())
   ** PL:AFTER / EX:IO / BOOL:NO / IO:READ **
    SourceLoc: org/apache/cassandra/net/IncomingTcpConnection.java(60)

      [0] org.apache.cassandra.net.IncomingTcpConnection (run:60)



## ############################################
## MESSAGE: I'm failing this (see below) with FailType: NONE
## ############################################

  [targetIO][NetIO-Node0:127.0.0.1:60976] at *Node3* :: [Undecided] message 

  call(int java.io.DataInputStream.readInt())
   ** PL:BEFORE / EX:IO / BOOL:NO / IO:READ **
    SourceLoc: org/apache/cassandra/net/IncomingTcpConnection.java(71)

      [0] org.apache.cassandra.net.IncomingTcpConnection (run:71)



## ############################################
## MESSAGE: I'm failing this (see below) with FailType: NONE
## ############################################

  [targetIO][NetIO-Node0:127.0.0.1:60976] at *Node3* :: [Undecided] message 

  call(int java.io.DataInputStream.readInt())
   ** PL:AFTER / EX:IO / BOOL:NO / IO:READ **
    SourceLoc: org/apache/cassandra/net/IncomingTcpConnection.java(71)

      [0] org.apache.cassandra.net.IncomingTcpConnection (run:71)



## ############################################
## MESSAGE: I'm failing this (see below) with FailType: NONE
## ############################################

  [targetIO][NetIO-Node0:127.0.0.1:60976] at *Node3* :: [Undecided] message 

  call(void java.io.DataInputStream.readFully(byte[]))
   ** PL:BEFORE / EX:IO / BOOL:NO / IO:READ **
    SourceLoc: org/apache/cassandra/net/IncomingTcpConnection.java(73)

      [0] org.apache.cassandra.net.IncomingTcpConnection (run:73)



## ############################################
## MESSAGE: I'm failing this (see below) with FailType: NONE
## ############################################

  [targetIO][NetIO-Node0:127.0.0.1:60976] at *Node3* :: [Undecided] message 

  call(void java.io.DataInputStream.readFully(byte[]))
   ** PL:AFTER / EX:IO / BOOL:NO / IO:READ **
    SourceLoc: org/apache/cassandra/net/IncomingTcpConnection.java(73)

      [0] org.apache.cassandra.net.IncomingTcpConnection (run:73)


DEBUG 15:43:42,627 digest is 12aa0d852171fffc3159b631f9e30da0
DEBUG 15:43:42,627 Read key key-013; sending response to E3A4574E-289A-54EE-0FC2-1E85A92E2C46@/127.0.0.1
wRRPATH ReadVerbHanlder doVerb(): Read key key-013; sending response to E3A4574E-289A-54EE-0FC2-1E85A92E2C46@/127.0.0.1 [part of workload]
    [00] java.lang.Thread.getStackTrace(Thread.java:1436) 
    [01] org.apache.cassandra.Util.getStackTrace(Util.java:136) 
    [02] org.apache.cassandra.Util.printStackTrace(Util.java:123) 
    [03] org.apache.cassandra.Util.printStackTrace(Util.java:130) 
    [04] org.apache.cassandra.db.ReadVerbHandler.doVerb(ReadVerbHandler.java:100) 
    [05] org.apache.cassandra.net.MessageDeliveryTask.run(MessageDeliveryTask.java:49) 
    [06] java.util.concurrent.ThreadPoolExecutor$Worker.runTask(ThreadPoolExecutor.java:886) 
    [07] java.util.concurrent.ThreadPoolExecutor$Worker.run(ThreadPoolExecutor.java:908) 
    [08] java.lang.Thread.run(Thread.java:619) 
cutSendOneWay targetIO : NetIO-Node2:127.0.0.13
corrupt :: failType returned :: CORRUPTION
corrupt :: byte array length 16
corrupt :: array [B@3bce70
corrupt :: cor_array [B@6e56ae
corrupt :: response created
Sending message ::
-->ID:E3A4574E-289A-54EE-0FC2-1E85A92E2C46
FROM:/127.0.0.13
TYPE:RESPONSE-STAGE
VERB:READ_RESPONSE
 [part of workload]

## ############################################
## MESSAGE: I'm failing this (see below) with FailType: NONE
## ############################################

  [targetIO][NetIO-Node0:127.0.0.1:60976] at *Node3* :: [Undecided] message 

  call(int java.io.DataInputStream.readInt())
   ** PL:BEFORE / EX:IO / BOOL:NO / IO:READ **
    SourceLoc: org/apache/cassandra/net/IncomingTcpConnection.java(59)

      [0] org.apache.cassandra.net.IncomingTcpConnection (run:59)



## ############################################
## MESSAGE: I'm failing this (see below) with FailType: NONE
## ############################################

  [targetIO][NetIO-Node3:127.0.0.1:7000] at *Node3* :: [Undecided] message 

  call(void java.io.DataOutputStream.write(byte[], int, int))
   ** PL:BEFORE / EX:IO / BOOL:NO / IO:WRITE **
    SourceLoc: org/apache/cassandra/net/OutboundTcpConnection.java(101)

      [0] org.apache.cassandra.net.OutboundTcpConnection (writeConnected:101)
      [1] org.apache.cassandra.net.OutboundTcpConnection (run:90)



## ############################################
## MESSAGE: I'm failing this (see below) with FailType: NONE
## ############################################

  [targetIO][NetIO-Node3:127.0.0.1:7000] at *Node3* :: [Undecided] message 

  call(void java.io.DataOutputStream.write(byte[], int, int))
   ** PL:AFTER / EX:IO / BOOL:NO / IO:WRITE **
    SourceLoc: org/apache/cassandra/net/OutboundTcpConnection.java(101)

      [0] org.apache.cassandra.net.OutboundTcpConnection (writeConnected:101)
      [1] org.apache.cassandra.net.OutboundTcpConnection (run:90)



## ############################################
## MESSAGE: I'm failing this (see below) with FailType: NONE
## ############################################

  [targetIO][NetIO-Node3:127.0.0.1:7000] at *Node3* :: [Undecided] message 

  call(void java.io.DataOutputStream.flush())
   ** PL:BEFORE / EX:IO / BOOL:NO / IO:WRITE **
    SourceLoc: org/apache/cassandra/net/OutboundTcpConnection.java(104)

      [0] org.apache.cassandra.net.OutboundTcpConnection (writeConnected:104)
      [1] org.apache.cassandra.net.OutboundTcpConnection (run:90)



## ############################################
## MESSAGE: I'm failing this (see below) with FailType: NONE
## ############################################

  [targetIO][NetIO-Node3:127.0.0.1:7000] at *Node3* :: [Undecided] message 

  call(void java.io.DataOutputStream.flush())
   ** PL:AFTER / EX:IO / BOOL:NO / IO:WRITE **
    SourceLoc: org/apache/cassandra/net/OutboundTcpConnection.java(104)

      [0] org.apache.cassandra.net.OutboundTcpConnection (writeConnected:104)
      [1] org.apache.cassandra.net.OutboundTcpConnection (run:90)



## ############################################
## MESSAGE: I'm failing this (see below) with FailType: NONE
## ############################################

  [targetIO][NetIO-Node0:127.0.0.1:60976] at *Node3* :: [Undecided] message 

  call(int java.io.DataInputStream.readInt())
   ** PL:AFTER / EX:IO / BOOL:NO / IO:READ **
    SourceLoc: org/apache/cassandra/net/IncomingTcpConnection.java(59)

      [0] org.apache.cassandra.net.IncomingTcpConnection (run:59)



## ############################################
## MESSAGE: I'm failing this (see below) with FailType: NONE
## ############################################

  [targetIO][NetIO-Node0:127.0.0.1:60976] at *Node3* :: [Undecided] message 

  call(int java.io.DataInputStream.readInt())
   ** PL:BEFORE / EX:IO / BOOL:NO / IO:READ **
    SourceLoc: org/apache/cassandra/net/IncomingTcpConnection.java(60)

      [0] org.apache.cassandra.net.IncomingTcpConnection (run:60)



## ############################################
## MESSAGE: I'm failing this (see below) with FailType: NONE
## ############################################

  [targetIO][NetIO-Node0:127.0.0.1:60976] at *Node3* :: [Undecided] message 

  call(int java.io.DataInputStream.readInt())
   ** PL:AFTER / EX:IO / BOOL:NO / IO:READ **
    SourceLoc: org/apache/cassandra/net/IncomingTcpConnection.java(60)

      [0] org.apache.cassandra.net.IncomingTcpConnection (run:60)



## ############################################
## MESSAGE: I'm failing this (see below) with FailType: NONE
## ############################################

  [targetIO][NetIO-Node0:127.0.0.1:60976] at *Node3* :: [Undecided] message 

  call(int java.io.DataInputStream.readInt())
   ** PL:BEFORE / EX:IO / BOOL:NO / IO:READ **
    SourceLoc: org/apache/cassandra/net/IncomingTcpConnection.java(71)

      [0] org.apache.cassandra.net.IncomingTcpConnection (run:71)



## ############################################
## MESSAGE: I'm failing this (see below) with FailType: NONE
## ############################################

  [targetIO][NetIO-Node0:127.0.0.1:60976] at *Node3* :: [Undecided] message 

  call(int java.io.DataInputStream.readInt())
   ** PL:AFTER / EX:IO / BOOL:NO / IO:READ **
    SourceLoc: org/apache/cassandra/net/IncomingTcpConnection.java(71)

      [0] org.apache.cassandra.net.IncomingTcpConnection (run:71)



## ############################################
## MESSAGE: I'm failing this (see below) with FailType: NONE
## ############################################

  [targetIO][NetIO-Node0:127.0.0.1:60976] at *Node3* :: [Undecided] message 

  call(void java.io.DataInputStream.readFully(byte[]))
   ** PL:BEFORE / EX:IO / BOOL:NO / IO:READ **
    SourceLoc: org/apache/cassandra/net/IncomingTcpConnection.java(73)

      [0] org.apache.cassandra.net.IncomingTcpConnection (run:73)



## ############################################
## MESSAGE: I'm failing this (see below) with FailType: NONE
## ############################################

  [targetIO][NetIO-Node0:127.0.0.1:60976] at *Node3* :: [Undecided] message 

  call(void java.io.DataInputStream.readFully(byte[]))
   ** PL:AFTER / EX:IO / BOOL:NO / IO:READ **
    SourceLoc: org/apache/cassandra/net/IncomingTcpConnection.java(73)

      [0] org.apache.cassandra.net.IncomingTcpConnection (run:73)


DEBUG 15:43:43,118 Read key key-013; sending response to 423@/127.0.0.1
wRRPATH ReadVerbHanlder doVerb(): Read key key-013; sending response to 423@/127.0.0.1 [part of workload]
    [00] java.lang.Thread.getStackTrace(Thread.java:1436) 
    [01] org.apache.cassandra.Util.getStackTrace(Util.java:136) 
    [02] org.apache.cassandra.Util.printStackTrace(Util.java:123) 
    [03] org.apache.cassandra.Util.printStackTrace(Util.java:130) 
    [04] org.apache.cassandra.db.ReadVerbHandler.doVerb(ReadVerbHandler.java:100) 
    [05] org.apache.cassandra.net.MessageDeliveryTask.run(MessageDeliveryTask.java:49) 
    [06] java.util.concurrent.ThreadPoolExecutor$Worker.runTask(ThreadPoolExecutor.java:886) 
    [07] java.util.concurrent.ThreadPoolExecutor$Worker.run(ThreadPoolExecutor.java:908) 
    [08] java.lang.Thread.run(Thread.java:619) 
cutSendOneWay targetIO : NetIO-Node2:127.0.0.13
corrupt :: failType returned :: NONE
Sending message ::
-->ID:423
FROM:/127.0.0.13
TYPE:RESPONSE-STAGE
VERB:READ_RESPONSE
 [part of workload]

## ############################################
## MESSAGE: I'm failing this (see below) with FailType: NONE
## ############################################

  [targetIO][NetIO-Node0:127.0.0.1:60976] at *Node3* :: [Undecided] message 

  call(int java.io.DataInputStream.readInt())
   ** PL:BEFORE / EX:IO / BOOL:NO / IO:READ **
    SourceLoc: org/apache/cassandra/net/IncomingTcpConnection.java(59)

      [0] org.apache.cassandra.net.IncomingTcpConnection (run:59)



## ############################################
## MESSAGE: I'm failing this (see below) with FailType: NONE
## ############################################

  [targetIO][NetIO-Node3:127.0.0.1:7000] at *Node3* :: [Undecided] message 

  call(void java.io.DataOutputStream.write(byte[], int, int))
   ** PL:BEFORE / EX:IO / BOOL:NO / IO:WRITE **
    SourceLoc: org/apache/cassandra/net/OutboundTcpConnection.java(101)

      [0] org.apache.cassandra.net.OutboundTcpConnection (writeConnected:101)
      [1] org.apache.cassandra.net.OutboundTcpConnection (run:90)



## ############################################
## MESSAGE: I'm failing this (see below) with FailType: NONE
## ############################################

  [targetIO][NetIO-Node3:127.0.0.1:7000] at *Node3* :: [Undecided] message 

  call(void java.io.DataOutputStream.write(byte[], int, int))
   ** PL:AFTER / EX:IO / BOOL:NO / IO:WRITE **
    SourceLoc: org/apache/cassandra/net/OutboundTcpConnection.java(101)

      [0] org.apache.cassandra.net.OutboundTcpConnection (writeConnected:101)
      [1] org.apache.cassandra.net.OutboundTcpConnection (run:90)



## ############################################
## MESSAGE: I'm failing this (see below) with FailType: NONE
## ############################################

  [targetIO][NetIO-Node3:127.0.0.1:7000] at *Node3* :: [Undecided] message 

  call(void java.io.DataOutputStream.flush())
   ** PL:BEFORE / EX:IO / BOOL:NO / IO:WRITE **
    SourceLoc: org/apache/cassandra/net/OutboundTcpConnection.java(104)

      [0] org.apache.cassandra.net.OutboundTcpConnection (writeConnected:104)
      [1] org.apache.cassandra.net.OutboundTcpConnection (run:90)



## ############################################
## MESSAGE: I'm failing this (see below) with FailType: NONE
## ############################################

  [targetIO][NetIO-Node3:127.0.0.1:7000] at *Node3* :: [Undecided] message 

  call(void java.io.DataOutputStream.flush())
   ** PL:AFTER / EX:IO / BOOL:NO / IO:WRITE **
    SourceLoc: org/apache/cassandra/net/OutboundTcpConnection.java(104)

      [0] org.apache.cassandra.net.OutboundTcpConnection (writeConnected:104)
      [1] org.apache.cassandra.net.OutboundTcpConnection (run:90)


node3 recorded Tokensize 4 [part of workload]
- Experiment running, Gossiper returning  [part of workload]
node3 recorded Tokensize 4 [part of workload]
- Experiment running, Gossiper returning  [part of workload]
node3 recorded Tokensize 4 [part of workload]
- Experiment running, Gossiper returning  [part of workload]
node3 recorded Tokensize 4 [part of workload]
- Experiment running, Gossiper returning  [part of workload]
node3 recorded Tokensize 4 [part of workload]
- Experiment running, Gossiper returning  [part of workload]
node3 recorded Tokensize 4 [part of workload]
- Experiment running, Gossiper returning  [part of workload]
node3 recorded Tokensize 4 [part of workload]
- Experiment running, Gossiper returning  [part of workload]
node3 recorded Tokensize 4 [part of workload]
- Experiment running, Gossiper returning  [part of workload]
node3 recorded Tokensize 4 [part of workload]
- Experiment running, Gossiper returning  [part of workload]
node3 recorded Tokensize 4 [part of workload]
- Experiment running, Gossiper returning  [part of workload]
node3 recorded Tokensize 4 [part of workload]
- Experiment running, Gossiper returning  [part of workload]
node3 recorded Tokensize 4 [part of workload]
- Experiment running, Gossiper returning  [part of workload]
DEBUG 15:43:54,264 Disseminating load info ...
node3 recorded Tokensize 4 [part of workload]
- Experiment running, Gossiper returning  [part of workload]
DEBUG 15:43:55,958 Applying RowMutation(table='Keyspace1', key='key-013', modifications=[ColumnFamily(Standard1 [6578706572696d656e7456616c7565:true:4@1308955435945,])])
DEBUG 15:43:55,959 RowMutation(table='Keyspace1', key='key-013', modifications=[ColumnFamily(Standard1 [6578706572696d656e7456616c7565:true:4@1308955435945,])]) applied.  Sending response to 424@/127.0.0.1
Sending message ::
-->ID:424
FROM:/127.0.0.13
TYPE:RESPONSE-STAGE
VERB:READ_RESPONSE

- Experiment not running, continue ===>GDSynVHandler
Sending message ::
-->ID:64
FROM:/127.0.0.13
TYPE:GS
VERB:GOSSIP_DIGEST_ACK

node3 recorded Tokensize 4
- Nodes not connected...
- Experiment not running, continue ===>sendGossip
Sending message ::
-->ID:65
FROM:/127.0.0.13
TYPE:GS
VERB:GOSSIP_DIGEST_SYN

- Experiment not running, continue ===>GDAckVHandler
Sending message ::
-->ID:66
FROM:/127.0.0.13
TYPE:GS
VERB:GOSSIP_DIGEST_ACK2

- Experiment not running, continue ===>GDSynVHandler
Sending message ::
-->ID:67
FROM:/127.0.0.13
TYPE:GS
VERB:GOSSIP_DIGEST_ACK

- Experiment not running, continue ===>GDSynVHandler
Sending message ::
-->ID:68
FROM:/127.0.0.13
TYPE:GS
VERB:GOSSIP_DIGEST_ACK

node3 recorded Tokensize 4
- Nodes not connected...
- Experiment not running, continue ===>sendGossip
Sending message ::
-->ID:69
FROM:/127.0.0.13
TYPE:GS
VERB:GOSSIP_DIGEST_SYN

node3 recorded Tokensize 4
- Nodes not connected...
- Experiment not running, continue ===>sendGossip
Sending message ::
-->ID:70
FROM:/127.0.0.13
TYPE:GS
VERB:GOSSIP_DIGEST_SYN

- Experiment not running, continue ===>GDAckVHandler
Sending message ::
-->ID:71
FROM:/127.0.0.13
TYPE:GS
VERB:GOSSIP_DIGEST_ACK2

- Experiment not running, continue ===>GDSynVHandler
Sending message ::
-->ID:72
FROM:/127.0.0.13
TYPE:GS
VERB:GOSSIP_DIGEST_ACK

node3 recorded Tokensize 4
- Nodes not connected...
- Experiment not running, continue ===>sendGossip
Sending message ::
-->ID:73
FROM:/127.0.0.13
TYPE:GS
VERB:GOSSIP_DIGEST_SYN

 INFO 15:43:59,257 error writing to /127.0.0.11
- Experiment not running, continue ===>GDSynVHandler
Sending message ::
-->ID:74
FROM:/127.0.0.13
TYPE:GS
VERB:GOSSIP_DIGEST_ACK

node3 recorded Tokensize 4
- Nodes not connected...
- Experiment not running, continue ===>sendGossip
Sending message ::
-->ID:75
FROM:/127.0.0.13
TYPE:GS
VERB:GOSSIP_DIGEST_SYN

- Experiment not running, continue ===>GDAckVHandler
Sending message ::
-->ID:76
FROM:/127.0.0.13
TYPE:GS
VERB:GOSSIP_DIGEST_ACK2

node3 recorded Tokensize 4
- Nodes not connected...
- Experiment not running, continue ===>sendGossip
Sending message ::
-->ID:77
FROM:/127.0.0.13
TYPE:GS
VERB:GOSSIP_DIGEST_SYN

- Experiment not running, continue ===>GDAckVHandler
Sending message ::
-->ID:78
FROM:/127.0.0.13
TYPE:GS
VERB:GOSSIP_DIGEST_ACK2

node3 recorded Tokensize 4
- Nodes not connected...
- Experiment not running, continue ===>sendGossip
Sending message ::
-->ID:79
FROM:/127.0.0.13
TYPE:GS
VERB:GOSSIP_DIGEST_SYN

 INFO 15:44:02,257 InetAddress /127.0.0.11 is now dead.
DEBUG 15:44:02,257 attempting to connect to /127.0.0.11
DEBUG 15:44:02,257 Resetting pool for /127.0.0.11
node3 recorded Tokensize 4
- Nodes not connected...
- Experiment not running, continue ===>sendGossip
Sending message ::
-->ID:80
FROM:/127.0.0.13
TYPE:GS
VERB:GOSSIP_DIGEST_SYN

- Experiment not running, continue ===>sendGossip
Sending message ::
-->ID:80
FROM:/127.0.0.13
TYPE:GS
VERB:GOSSIP_DIGEST_SYN

- Experiment not running, continue ===>GDAckVHandler
Sending message ::
-->ID:81
FROM:/127.0.0.13
TYPE:GS
VERB:GOSSIP_DIGEST_ACK2

- Experiment not running, continue ===>GDSynVHandler
Sending message ::
-->ID:82
FROM:/127.0.0.13
TYPE:GS
VERB:GOSSIP_DIGEST_ACK

node3 recorded Tokensize 4
- Nodes not connected...
- Experiment not running, continue ===>sendGossip
Sending message ::
-->ID:83
FROM:/127.0.0.13
TYPE:GS
VERB:GOSSIP_DIGEST_SYN

- Experiment not running, continue ===>sendGossip
Sending message ::
-->ID:83
FROM:/127.0.0.13
TYPE:GS
VERB:GOSSIP_DIGEST_SYN

- Experiment not running, continue ===>sendGossip
Sending message ::
-->ID:83
FROM:/127.0.0.13
TYPE:GS
VERB:GOSSIP_DIGEST_SYN

- Experiment not running, continue ===>GDAckVHandler
Sending message ::
-->ID:84
FROM:/127.0.0.13
TYPE:GS
VERB:GOSSIP_DIGEST_ACK2

- Experiment not running, continue ===>GDSynVHandler
Sending message ::
-->ID:85
FROM:/127.0.0.13
TYPE:GS
VERB:GOSSIP_DIGEST_ACK

node3 recorded Tokensize 4
- Nodes not connected...
- Experiment not running, continue ===>sendGossip
Sending message ::
-->ID:86
FROM:/127.0.0.13
TYPE:GS
VERB:GOSSIP_DIGEST_SYN

- Experiment not running, continue ===>sendGossip
Sending message ::
-->ID:86
FROM:/127.0.0.13
TYPE:GS
VERB:GOSSIP_DIGEST_SYN

- Experiment not running, continue ===>GDAckVHandler
Sending message ::
-->ID:87
FROM:/127.0.0.13
TYPE:GS
VERB:GOSSIP_DIGEST_ACK2

