Listening for transport dt_socket at address: 9002
 INFO 15:43:33,014 JNA not found. Native methods will be disabled.
DEBUG 15:43:33,030 Loading settings from /home/jinsu/research/cass-prj/trunk/stable_cass/conf/conf2/storage-conf.xml
DEBUG 15:43:33,294 Syncing log with a period of 10000
 INFO 15:43:33,299 DiskAccessMode 'auto' determined to be standard, indexAccessMode is standard
DEBUG 15:43:33,386 setting autoBootstrap to false
DEBUG 15:43:33,421 setting hintedHandoffEnabled to true
DEBUG 15:43:33,539 adding Super1 as 0
DEBUG 15:43:33,540 adding Standard2 as 1
DEBUG 15:43:33,540 adding Super2 as 2
DEBUG 15:43:33,541 adding Standard1 as 3
DEBUG 15:43:33,541 adding StandardByUUID1 as 4
DEBUG 15:43:33,542 adding LocationInfo as 5
DEBUG 15:43:33,543 adding HintsColumnFamily as 6
DEBUG 15:43:33,697 Starting CFS LocationInfo
DEBUG 15:43:33,711 key cache capacity for LocationInfo is 1
DEBUG 15:43:33,713 Starting CFS HintsColumnFamily
DEBUG 15:43:33,713 key cache capacity for HintsColumnFamily is 1
DEBUG 15:43:33,751 opening keyspace Keyspace1
DEBUG 15:43:33,751 Starting CFS Standard2
DEBUG 15:43:33,752 key cache capacity for Standard2 is 1
DEBUG 15:43:33,752 Starting CFS Super1
DEBUG 15:43:33,753 key cache capacity for Super1 is 200000
DEBUG 15:43:33,754 Starting CFS Standard1
DEBUG 15:43:33,754 key cache capacity for Standard1 is 200000
DEBUG 15:43:33,756 Starting CFS Super2
DEBUG 15:43:33,757 key cache capacity for Super2 is 1
DEBUG 15:43:33,758 row cache capacity for Super2 is 10000
DEBUG 15:43:33,758 Starting CFS StandardByUUID1
DEBUG 15:43:33,760 key cache capacity for StandardByUUID1 is 200000
DEBUG 15:43:33,761 opening keyspace system
DEBUG 15:43:33,800 Estimating compactions for Super1
DEBUG 15:43:33,801 Estimating compactions for Standard2
DEBUG 15:43:33,801 Estimating compactions for Super2
DEBUG 15:43:33,802 Estimating compactions for Standard1
DEBUG 15:43:33,802 Estimating compactions for StandardByUUID1
DEBUG 15:43:33,803 Estimating compactions for LocationInfo
DEBUG 15:43:33,803 Estimating compactions for HintsColumnFamily
DEBUG 15:43:33,803 Checking to see if compaction of Super1 would be useful
 INFO 15:43:33,804 Saved Token not found. Using 95763128674829263755597563476114486239
 INFO 15:43:33,805 Saved ClusterName not found. Using Test Cluster
DEBUG 15:43:33,810 Checking to see if compaction of Standard2 would be useful
DEBUG 15:43:33,811 Checking to see if compaction of Super2 would be useful
DEBUG 15:43:33,811 Checking to see if compaction of Standard1 would be useful
DEBUG 15:43:33,812 Checking to see if compaction of StandardByUUID1 would be useful
DEBUG 15:43:33,812 Checking to see if compaction of LocationInfo would be useful
DEBUG 15:43:33,812 Checking to see if compaction of HintsColumnFamily would be useful
 INFO 15:43:33,816 Creating new commitlog segment /tmp/fi/cassandra/node2/commitlog/CommitLog-1308955413816.log
 INFO 15:43:33,861 LocationInfo has reached its threshold; switching in a fresh Memtable at CommitLogContext(file='/tmp/fi/cassandra/node2/commitlog/CommitLog-1308955413816.log', position=419)
 INFO 15:43:33,866 Enqueuing flush of Memtable-LocationInfo@14433154(169 bytes, 4 operations)
 INFO 15:43:33,868 Writing Memtable-LocationInfo@14433154(169 bytes, 4 operations)
 INFO 15:43:34,017 Completed flushing /tmp/fi/cassandra/node2/data/system/LocationInfo-1-Data.db
DEBUG 15:43:34,027 Checking to see if compaction of LocationInfo would be useful
DEBUG 15:43:34,028 discard completed log segments for CommitLogContext(file='/tmp/fi/cassandra/node2/commitlog/CommitLog-1308955413816.log', position=419), column family 5. CFIDs are {Keyspace1: TableMetadata({Standard2: 1, Super1: 0, Standard1: 3, Super2: 2, StandardByUUID1: 4, }), system: TableMetadata({LocationInfo: 5, HintsColumnFamily: 6, }), }
DEBUG 15:43:34,029 Marking replay position 419 on commit log CommitLogSegment(/tmp/fi/cassandra/node2/commitlog/CommitLog-1308955413816.log)
 INFO 15:43:34,041 Starting up server gossip
- TM uNT(1) : size of sortedToken = 0
- TM uNT(2) : size of sortedToken = 1 ... leavingEndPoints = []
TokenSizeTest:1:-1009611
 INFO 15:43:34,146 Binding thrift service to /127.0.0.12:9160
 INFO 15:43:34,172 Cassandra starting up...
- Experiment not running, continue ===>GDSynVHandler
Sending message ::
-->ID:1
FROM:/127.0.0.12
TYPE:GS
VERB:GOSSIP_DIGEST_ACK

DEBUG 15:43:34,187 attempting to connect to /127.0.0.11
- Experiment not running, continue ===>GDSynVHandler
Sending message ::
-->ID:2
FROM:/127.0.0.12
TYPE:GS
VERB:GOSSIP_DIGEST_ACK

- Experiment not running, continue ===>GDSynVHandler
Sending message ::
-->ID:3
FROM:/127.0.0.12
TYPE:GS
VERB:GOSSIP_DIGEST_ACK

- Experiment not running, continue ===>GDSynVHandler
Sending message ::
-->ID:4
FROM:/127.0.0.12
TYPE:GS
VERB:GOSSIP_DIGEST_ACK

- Experiment not running, continue ===>GDSynVHandler
Sending message ::
-->ID:5
FROM:/127.0.0.12
TYPE:GS
VERB:GOSSIP_DIGEST_ACK

- Experiment not running, continue ===>GDSynVHandler
Sending message ::
-->ID:6
FROM:/127.0.0.12
TYPE:GS
VERB:GOSSIP_DIGEST_ACK

- Experiment not running, continue ===>GDSynVHandler
Sending message ::
-->ID:7
FROM:/127.0.0.12
TYPE:GS
VERB:GOSSIP_DIGEST_ACK

- Experiment not running, continue ===>GDSynVHandler
Sending message ::
-->ID:8
FROM:/127.0.0.12
TYPE:GS
VERB:GOSSIP_DIGEST_ACK

- Experiment not running, continue ===>GDSynVHandler
Sending message ::
-->ID:9
FROM:/127.0.0.12
TYPE:GS
VERB:GOSSIP_DIGEST_ACK

- Experiment not running, continue ===>GDSynVHandler
Sending message ::
-->ID:10
FROM:/127.0.0.12
TYPE:GS
VERB:GOSSIP_DIGEST_ACK

DEBUG 15:43:34,192 attempting to connect to /127.0.0.1
DEBUG 15:43:34,200 attempting to connect to /127.0.0.13
&&&Added socket : 37125
&&&Added socket : 57778
&&&Added socket : 49308
 INFO 15:43:34,217 Node /127.0.0.13 is now part of the cluster
DEBUG 15:43:34,217 Resetting pool for /127.0.0.13
DEBUG 15:43:34,218 Node /127.0.0.13 state normal, token 20902772761227803006582482381914476626
- TM uNT(1) : size of sortedToken = 1
- TM uNT(2) : size of sortedToken = 2 ... leavingEndPoints = []
TokenSizeTest:2:-1009611
DEBUG 15:43:34,228 No bootstrapping or leaving nodes -> empty pending ranges for Keyspace1
 INFO 15:43:34,229 Node /127.0.0.1 is now part of the cluster
DEBUG 15:43:34,229 Resetting pool for /127.0.0.1
DEBUG 15:43:34,230 Node /127.0.0.1 state normal, token 151364447406687126714367278325169556726
- TM uNT(1) : size of sortedToken = 2
- TM uNT(2) : size of sortedToken = 3 ... leavingEndPoints = []
TokenSizeTest:3:-1009611
DEBUG 15:43:34,230 No bootstrapping or leaving nodes -> empty pending ranges for Keyspace1
 INFO 15:43:34,231 Node /127.0.0.11 is now part of the cluster
DEBUG 15:43:34,231 Resetting pool for /127.0.0.11
DEBUG 15:43:34,232 Node /127.0.0.11 state normal, token 90155846607461294516970726905988850646
- TM uNT(1) : size of sortedToken = 3
- TM uNT(2) : size of sortedToken = 4 ... leavingEndPoints = []
TokenSizeTest:4:-1009611
DEBUG 15:43:34,233 No bootstrapping or leaving nodes -> empty pending ranges for Keyspace1
 INFO 15:43:34,248 InetAddress /127.0.0.1 is now UP
 INFO 15:43:34,249 /127.0.0.1is cassReady
 INFO 15:43:34,269 InetAddress /127.0.0.13 is now UP
 INFO 15:43:34,270 /127.0.0.13is cassReady
 INFO 15:43:34,273 Started hinted handoff for endPoint /127.0.0.1
 INFO 15:43:34,282 Finished hinted handoff of 0 rows to endpoint /127.0.0.1
 INFO 15:43:34,282 Started hinted handoff for endPoint /127.0.0.13
 INFO 15:43:34,283 Finished hinted handoff of 0 rows to endpoint /127.0.0.13
node2 recorded Tokensize 4
- Nodes not connected...
- Experiment not running, continue ===>sendGossip
Sending message ::
-->ID:11
FROM:/127.0.0.12
TYPE:GS
VERB:GOSSIP_DIGEST_SYN

- Experiment not running, continue ===>sendGossip
DEBUG 15:43:35,063 attempting to connect to /127.0.0.13
Sending message ::
-->ID:11
FROM:/127.0.0.12
TYPE:GS
VERB:GOSSIP_DIGEST_SYN

- Experiment not running, continue ===>sendGossip
Sending message ::
-->ID:11
FROM:/127.0.0.12
TYPE:GS
VERB:GOSSIP_DIGEST_SYN

DEBUG 15:43:35,066 attempting to connect to /127.0.0.11
DEBUG 15:43:35,068 GC for ParNew: 55 ms, 31020896 reclaimed leaving 44988072 used; max is 654114816
&&&Added socket : 56074
&&&Added socket : 48211
 INFO 15:43:35,075 InetAddress /127.0.0.11 is now UP
 INFO 15:43:35,075 /127.0.0.11is cassReady
- Experiment not running, continue ===>GDAckVHandler
Sending message ::
-->ID:12
FROM:/127.0.0.12
TYPE:GS
VERB:GOSSIP_DIGEST_ACK2

 INFO 15:43:35,076 Started hinted handoff for endPoint /127.0.0.11
 INFO 15:43:35,077 Finished hinted handoff of 0 rows to endpoint /127.0.0.11
- Experiment not running, continue ===>GDAckVHandler
Sending message ::
-->ID:13
FROM:/127.0.0.12
TYPE:GS
VERB:GOSSIP_DIGEST_ACK2

- Experiment not running, continue ===>GDAckVHandler
Sending message ::
-->ID:14
FROM:/127.0.0.12
TYPE:GS
VERB:GOSSIP_DIGEST_ACK2

node2 recorded Tokensize 4
- Nodes not connected...
- Experiment not running, continue ===>sendGossip
Sending message ::
-->ID:15
FROM:/127.0.0.12
TYPE:GS
VERB:GOSSIP_DIGEST_SYN

DEBUG 15:43:36,056 attempting to connect to /127.0.0.1
&&&Added socket : 39183
- Experiment not running, continue ===>GDAckVHandler
Sending message ::
-->ID:16
FROM:/127.0.0.12
TYPE:GS
VERB:GOSSIP_DIGEST_ACK2

DEBUG 15:43:36,069 Disseminating load info ...
node2 recorded Tokensize 4
- Nodes connected, Gossiper returning 
DEBUG 15:43:37,607 Applying RowMutation(table='Keyspace1', key='key-012', modifications=[ColumnFamily(Standard1 [6578706572696d656e7456616c7565:false:8@1308955417579,])])
DEBUG 15:43:37,610 RowMutation(table='Keyspace1', key='key-012', modifications=[ColumnFamily(Standard1 [6578706572696d656e7456616c7565:false:8@1308955417579,])]) applied.  Sending response to 416@/127.0.0.1
Sending message ::
-->ID:416
FROM:/127.0.0.12
TYPE:RESPONSE-STAGE
VERB:READ_RESPONSE


## ############################################
## MESSAGE: I'm failing this (see below) with FailType: NONE
## ############################################

  [targetIO][NetIO-Node0:127.0.0.1:54402] at *Node2* :: [Undecided] message 

  call(int java.io.DataInputStream.readInt())
   ** PL:AFTER / EX:IO / BOOL:NO / IO:READ **
    SourceLoc: org/apache/cassandra/net/IncomingTcpConnection.java(59)

      [0] org.apache.cassandra.net.IncomingTcpConnection (run:59)



## ############################################
## MESSAGE: I'm failing this (see below) with FailType: NONE
## ############################################

  [targetIO][NetIO-Node0:127.0.0.1:54402] at *Node2* :: [Undecided] message 

  call(int java.io.DataInputStream.readInt())
   ** PL:BEFORE / EX:IO / BOOL:NO / IO:READ **
    SourceLoc: org/apache/cassandra/net/IncomingTcpConnection.java(60)

      [0] org.apache.cassandra.net.IncomingTcpConnection (run:60)



## ############################################
## MESSAGE: I'm failing this (see below) with FailType: NONE
## ############################################

  [targetIO][NetIO-Node0:127.0.0.1:54402] at *Node2* :: [Undecided] message 

  call(int java.io.DataInputStream.readInt())
   ** PL:AFTER / EX:IO / BOOL:NO / IO:READ **
    SourceLoc: org/apache/cassandra/net/IncomingTcpConnection.java(60)

      [0] org.apache.cassandra.net.IncomingTcpConnection (run:60)


node2 recorded Tokensize 4 [part of workload]

## ############################################
## MESSAGE: I'm failing this (see below) with FailType: NONE
## ############################################

- Nodes connected, Gossiper returning  [part of workload]
  [targetIO][NetIO-Node0:127.0.0.1:54402] at *Node2* :: [Undecided] message 

  call(int java.io.DataInputStream.readInt())
   ** PL:BEFORE / EX:IO / BOOL:NO / IO:READ **
    SourceLoc: org/apache/cassandra/net/IncomingTcpConnection.java(71)

      [0] org.apache.cassandra.net.IncomingTcpConnection (run:71)



## ############################################
## MESSAGE: I'm failing this (see below) with FailType: NONE
## ############################################

  [targetIO][NetIO-Node0:127.0.0.1:54402] at *Node2* :: [Undecided] message 

  call(int java.io.DataInputStream.readInt())
   ** PL:AFTER / EX:IO / BOOL:NO / IO:READ **
    SourceLoc: org/apache/cassandra/net/IncomingTcpConnection.java(71)

      [0] org.apache.cassandra.net.IncomingTcpConnection (run:71)



## ############################################
## MESSAGE: I'm failing this (see below) with FailType: NONE
## ############################################

  [targetIO][NetIO-Node0:127.0.0.1:54402] at *Node2* :: [Undecided] message 

  call(void java.io.DataInputStream.readFully(byte[]))
   ** PL:BEFORE / EX:IO / BOOL:NO / IO:READ **
    SourceLoc: org/apache/cassandra/net/IncomingTcpConnection.java(73)

      [0] org.apache.cassandra.net.IncomingTcpConnection (run:73)



## ############################################
## MESSAGE: I'm failing this (see below) with FailType: NONE
## ############################################

  [targetIO][NetIO-Node0:127.0.0.1:54402] at *Node2* :: [Undecided] message 

  call(void java.io.DataInputStream.readFully(byte[]))
   ** PL:AFTER / EX:IO / BOOL:NO / IO:READ **
    SourceLoc: org/apache/cassandra/net/IncomingTcpConnection.java(73)

      [0] org.apache.cassandra.net.IncomingTcpConnection (run:73)



## ############################################
## MESSAGE: I'm failing this (see below) with FailType: NONE
## ############################################

  [targetIO][NetIO-Node0:127.0.0.1:54402] at *Node2* :: [Undecided] message 

  call(int java.io.DataInputStream.readInt())
   ** PL:BEFORE / EX:IO / BOOL:NO / IO:READ **
    SourceLoc: org/apache/cassandra/net/IncomingTcpConnection.java(59)

      [0] org.apache.cassandra.net.IncomingTcpConnection (run:59)


DEBUG 15:43:38,090 digest is c52d2f696a7f4d4461557f1df6a084be
DEBUG 15:43:38,094 Read key key-012; sending response to F319A059-1AD0-F727-38CD-1B7230C3B779@/127.0.0.1
wRRPATH ReadVerbHanlder doVerb(): Read key key-012; sending response to F319A059-1AD0-F727-38CD-1B7230C3B779@/127.0.0.1 [part of workload]
    [00] java.lang.Thread.getStackTrace(Thread.java:1436) 
    [01] org.apache.cassandra.Util.getStackTrace(Util.java:136) 
    [02] org.apache.cassandra.Util.printStackTrace(Util.java:123) 
    [03] org.apache.cassandra.Util.printStackTrace(Util.java:130) 
    [04] org.apache.cassandra.db.ReadVerbHandler.doVerb(ReadVerbHandler.java:100) 
    [05] org.apache.cassandra.net.MessageDeliveryTask.run(MessageDeliveryTask.java:49) 
    [06] java.util.concurrent.ThreadPoolExecutor$Worker.runTask(ThreadPoolExecutor.java:886) 
    [07] java.util.concurrent.ThreadPoolExecutor$Worker.run(ThreadPoolExecutor.java:908) 
    [08] java.lang.Thread.run(Thread.java:619) 
cutSendOneWay targetIO : NetIO-Node0:127.0.0.12
corrupt :: failType returned :: NONE
Sending message ::
-->ID:F319A059-1AD0-F727-38CD-1B7230C3B779
FROM:/127.0.0.12
TYPE:RESPONSE-STAGE
VERB:READ_RESPONSE
 [part of workload]

## ############################################
## MESSAGE: I'm failing this (see below) with FailType: NONE
## ############################################

  [targetIO][NetIO-Node2:127.0.0.1:7000] at *Node2* :: [Undecided] message 

  call(void java.io.DataOutputStream.write(byte[], int, int))
   ** PL:BEFORE / EX:IO / BOOL:NO / IO:WRITE **
    SourceLoc: org/apache/cassandra/net/OutboundTcpConnection.java(101)

      [0] org.apache.cassandra.net.OutboundTcpConnection (writeConnected:101)
      [1] org.apache.cassandra.net.OutboundTcpConnection (run:90)



## ############################################
## MESSAGE: I'm failing this (see below) with FailType: NONE
## ############################################

  [targetIO][NetIO-Node2:127.0.0.1:7000] at *Node2* :: [Undecided] message 

  call(void java.io.DataOutputStream.write(byte[], int, int))
   ** PL:AFTER / EX:IO / BOOL:NO / IO:WRITE **
    SourceLoc: org/apache/cassandra/net/OutboundTcpConnection.java(101)

      [0] org.apache.cassandra.net.OutboundTcpConnection (writeConnected:101)
      [1] org.apache.cassandra.net.OutboundTcpConnection (run:90)



## ############################################
## MESSAGE: I'm failing this (see below) with FailType: NONE
## ############################################

  [targetIO][NetIO-Node2:127.0.0.1:7000] at *Node2* :: [Undecided] message 

  call(void java.io.DataOutputStream.flush())
   ** PL:BEFORE / EX:IO / BOOL:NO / IO:WRITE **
    SourceLoc: org/apache/cassandra/net/OutboundTcpConnection.java(104)

      [0] org.apache.cassandra.net.OutboundTcpConnection (writeConnected:104)
      [1] org.apache.cassandra.net.OutboundTcpConnection (run:90)



## ############################################
## MESSAGE: I'm failing this (see below) with FailType: NONE
## ############################################

  [targetIO][NetIO-Node2:127.0.0.1:7000] at *Node2* :: [Undecided] message 

  call(void java.io.DataOutputStream.flush())
   ** PL:AFTER / EX:IO / BOOL:NO / IO:WRITE **
    SourceLoc: org/apache/cassandra/net/OutboundTcpConnection.java(104)

      [0] org.apache.cassandra.net.OutboundTcpConnection (writeConnected:104)
      [1] org.apache.cassandra.net.OutboundTcpConnection (run:90)


node2 recorded Tokensize 4 [part of workload]
- Nodes connected, Gossiper returning  [part of workload]
node2 recorded Tokensize 4 [part of workload]
- Nodes connected, Gossiper returning  [part of workload]
node2 recorded Tokensize 4 [part of workload]
- Nodes connected, Gossiper returning  [part of workload]
DEBUG 15:43:41,185 Applying RowMutation(table='Keyspace1', key='key-012', modifications=[ColumnFamily(Standard1 [6578706572696d656e7456616c7565:true:4@1308955421176,])])
DEBUG 15:43:41,187 RowMutation(table='Keyspace1', key='key-012', modifications=[ColumnFamily(Standard1 [6578706572696d656e7456616c7565:true:4@1308955421176,])]) applied.  Sending response to 419@/127.0.0.1
Sending message ::
-->ID:419
FROM:/127.0.0.12
TYPE:RESPONSE-STAGE
VERB:READ_RESPONSE

