Listening for transport dt_socket at address: 9003
 INFO 15:42:17,881 JNA not found. Native methods will be disabled.
DEBUG 15:42:17,900 Loading settings from /home/jinsu/research/cass-prj/trunk/stable_cass/conf/conf3/storage-conf.xml
DEBUG 15:42:18,144 Syncing log with a period of 10000
 INFO 15:42:18,149 DiskAccessMode 'auto' determined to be standard, indexAccessMode is standard
DEBUG 15:42:18,231 setting autoBootstrap to false
DEBUG 15:42:18,272 setting hintedHandoffEnabled to true
DEBUG 15:42:18,401 adding Super1 as 0
DEBUG 15:42:18,402 adding Standard2 as 1
DEBUG 15:42:18,403 adding Super2 as 2
DEBUG 15:42:18,404 adding Standard1 as 3
DEBUG 15:42:18,409 adding StandardByUUID1 as 4
DEBUG 15:42:18,410 adding LocationInfo as 5
DEBUG 15:42:18,411 adding HintsColumnFamily as 6
DEBUG 15:42:18,571 Starting CFS LocationInfo
DEBUG 15:42:18,586 key cache capacity for LocationInfo is 1
DEBUG 15:42:18,589 Starting CFS HintsColumnFamily
DEBUG 15:42:18,590 key cache capacity for HintsColumnFamily is 1
DEBUG 15:42:18,624 opening keyspace Keyspace1
DEBUG 15:42:18,625 Starting CFS Standard2
DEBUG 15:42:18,626 key cache capacity for Standard2 is 1
DEBUG 15:42:18,626 Starting CFS Super1
DEBUG 15:42:18,627 key cache capacity for Super1 is 200000
DEBUG 15:42:18,627 Starting CFS Standard1
DEBUG 15:42:18,628 key cache capacity for Standard1 is 200000
DEBUG 15:42:18,629 Starting CFS Super2
DEBUG 15:42:18,629 key cache capacity for Super2 is 1
DEBUG 15:42:18,630 row cache capacity for Super2 is 10000
DEBUG 15:42:18,630 Starting CFS StandardByUUID1
DEBUG 15:42:18,631 key cache capacity for StandardByUUID1 is 200000
DEBUG 15:42:18,631 opening keyspace system
 INFO 15:42:18,667 Saved Token not found. Using 76123975191475619051558893617268117241
 INFO 15:42:18,668 Saved ClusterName not found. Using Test Cluster
DEBUG 15:42:18,671 Estimating compactions for Super1
DEBUG 15:42:18,672 Estimating compactions for Standard2
DEBUG 15:42:18,673 Estimating compactions for Super2
DEBUG 15:42:18,673 Estimating compactions for Standard1
DEBUG 15:42:18,673 Estimating compactions for StandardByUUID1
DEBUG 15:42:18,674 Estimating compactions for LocationInfo
DEBUG 15:42:18,674 Estimating compactions for HintsColumnFamily
DEBUG 15:42:18,675 Checking to see if compaction of Super1 would be useful
DEBUG 15:42:18,675 Checking to see if compaction of Standard2 would be useful
DEBUG 15:42:18,675 Checking to see if compaction of Super2 would be useful
DEBUG 15:42:18,676 Checking to see if compaction of Standard1 would be useful
DEBUG 15:42:18,676 Checking to see if compaction of StandardByUUID1 would be useful
DEBUG 15:42:18,676 Checking to see if compaction of LocationInfo would be useful
DEBUG 15:42:18,688 Checking to see if compaction of HintsColumnFamily would be useful
 INFO 15:42:18,685 Creating new commitlog segment /tmp/fi/cassandra/node3/commitlog/CommitLog-1308955338685.log
 INFO 15:42:18,719 LocationInfo has reached its threshold; switching in a fresh Memtable at CommitLogContext(file='/tmp/fi/cassandra/node3/commitlog/CommitLog-1308955338685.log', position=419)
 INFO 15:42:18,723 Enqueuing flush of Memtable-LocationInfo@14433154(169 bytes, 4 operations)
 INFO 15:42:18,725 Writing Memtable-LocationInfo@14433154(169 bytes, 4 operations)
 INFO 15:42:18,866 Completed flushing /tmp/fi/cassandra/node3/data/system/LocationInfo-1-Data.db
DEBUG 15:42:18,868 Checking to see if compaction of LocationInfo would be useful
DEBUG 15:42:18,870 discard completed log segments for CommitLogContext(file='/tmp/fi/cassandra/node3/commitlog/CommitLog-1308955338685.log', position=419), column family 5. CFIDs are {Keyspace1: TableMetadata({Standard2: 1, Super1: 0, Standard1: 3, Super2: 2, StandardByUUID1: 4, }), system: TableMetadata({LocationInfo: 5, HintsColumnFamily: 6, }), }
DEBUG 15:42:18,870 Marking replay position 419 on commit log CommitLogSegment(/tmp/fi/cassandra/node3/commitlog/CommitLog-1308955338685.log)
 INFO 15:42:18,893 Starting up server gossip
- TM uNT(1) : size of sortedToken = 0
- TM uNT(2) : size of sortedToken = 1 ... leavingEndPoints = []
TokenSizeTest:1:-1009686
 INFO 15:42:18,949 Binding thrift service to /127.0.0.13:9160
 INFO 15:42:18,955 Cassandra starting up...
- Experiment not running, continue ===>GDSynVHandler
Sending message ::
-->ID:1
FROM:/127.0.0.13
TYPE:GS
VERB:GOSSIP_DIGEST_ACK

DEBUG 15:42:19,093 attempting to connect to /127.0.0.11
- Experiment not running, continue ===>GDSynVHandler
Sending message ::
-->ID:2
FROM:/127.0.0.13
TYPE:GS
VERB:GOSSIP_DIGEST_ACK

- Experiment not running, continue ===>GDSynVHandler
Sending message ::
-->ID:3
FROM:/127.0.0.13
TYPE:GS
VERB:GOSSIP_DIGEST_ACK

&&&Added socket : 50991
 INFO 15:42:19,116 Node /127.0.0.12 is now part of the cluster
DEBUG 15:42:19,117 Resetting pool for /127.0.0.12
DEBUG 15:42:19,118 Node /127.0.0.12 state normal, token 50016043385412673101145352720806872521
- TM uNT(1) : size of sortedToken = 1
- TM uNT(2) : size of sortedToken = 2 ... leavingEndPoints = []
TokenSizeTest:2:-1009686
DEBUG 15:42:19,119 No bootstrapping or leaving nodes -> empty pending ranges for Keyspace1
 INFO 15:42:19,120 Node /127.0.0.1 is now part of the cluster
DEBUG 15:42:19,121 Resetting pool for /127.0.0.1
DEBUG 15:42:19,121 Node /127.0.0.1 state normal, token 151364447406687126714367278325169556726
- TM uNT(1) : size of sortedToken = 2
- TM uNT(2) : size of sortedToken = 3 ... leavingEndPoints = []
TokenSizeTest:3:-1009686
DEBUG 15:42:19,121 No bootstrapping or leaving nodes -> empty pending ranges for Keyspace1
 INFO 15:42:19,122 Node /127.0.0.11 is now part of the cluster
DEBUG 15:42:19,122 Resetting pool for /127.0.0.11
DEBUG 15:42:19,123 Node /127.0.0.11 state normal, token 90155846607461294516970726905988850646
- TM uNT(1) : size of sortedToken = 3
- TM uNT(2) : size of sortedToken = 4 ... leavingEndPoints = []
TokenSizeTest:4:-1009686
DEBUG 15:42:19,124 No bootstrapping or leaving nodes -> empty pending ranges for Keyspace1
- Experiment not running, continue ===>GDSynVHandler
Sending message ::
-->ID:4
FROM:/127.0.0.13
TYPE:GS
VERB:GOSSIP_DIGEST_ACK

DEBUG 15:42:19,769 attempting to connect to /127.0.0.12
&&&Added socket : 42549
 INFO 15:42:19,793 InetAddress /127.0.0.12 is now UP
 INFO 15:42:19,793 Started hinted handoff for endPoint /127.0.0.12
 INFO 15:42:19,793 /127.0.0.12is cassReady
 INFO 15:42:19,795 InetAddress /127.0.0.1 is now UP
 INFO 15:42:19,795 /127.0.0.1is cassReady
 INFO 15:42:19,796 InetAddress /127.0.0.11 is now UP
 INFO 15:42:19,796 /127.0.0.11is cassReady
 INFO 15:42:19,810 Finished hinted handoff of 0 rows to endpoint /127.0.0.12
 INFO 15:42:19,810 Started hinted handoff for endPoint /127.0.0.1
 INFO 15:42:19,815 Finished hinted handoff of 0 rows to endpoint /127.0.0.1
 INFO 15:42:19,815 Started hinted handoff for endPoint /127.0.0.11
 INFO 15:42:19,816 Finished hinted handoff of 0 rows to endpoint /127.0.0.11
node3 recorded Tokensize 4
- Nodes not connected...
- Experiment not running, continue ===>sendGossip
Sending message ::
-->ID:5
FROM:/127.0.0.13
TYPE:GS
VERB:GOSSIP_DIGEST_SYN

- Experiment not running, continue ===>GDAckVHandler
Sending message ::
-->ID:6
FROM:/127.0.0.13
TYPE:GS
VERB:GOSSIP_DIGEST_ACK2

DEBUG 15:42:19,929 GC for ParNew: 32 ms, 31021008 reclaimed leaving 44987808 used; max is 654114816
- Experiment not running, continue ===>GDSynVHandler
Sending message ::
-->ID:7
FROM:/127.0.0.13
TYPE:GS
VERB:GOSSIP_DIGEST_ACK

DEBUG 15:42:20,248 attempting to connect to /127.0.0.11
&&&Added socket : 43079
- Experiment not running, continue ===>GDSynVHandler
Sending message ::
-->ID:8
FROM:/127.0.0.13
TYPE:GS
VERB:GOSSIP_DIGEST_ACK

node3 recorded Tokensize 4
- Nodes not connected...
- Experiment not running, continue ===>sendGossip
Sending message ::
-->ID:9
FROM:/127.0.0.13
TYPE:GS
VERB:GOSSIP_DIGEST_SYN

- Experiment not running, continue ===>GDAckVHandler
Sending message ::
-->ID:10
FROM:/127.0.0.13
TYPE:GS
VERB:GOSSIP_DIGEST_ACK2

DEBUG 15:42:20,918 Disseminating load info ...
- Experiment not running, continue ===>GDSynVHandler
Sending message ::
-->ID:11
FROM:/127.0.0.13
TYPE:GS
VERB:GOSSIP_DIGEST_ACK

node3 recorded Tokensize 4
- Nodes connected, Gossiper returning 
DEBUG 15:42:22,512 Applying RowMutation(table='Keyspace1', key='key-008', modifications=[ColumnFamily(Standard1 [6578706572696d656e7456616c7565:false:8@1308955342498,])])
DEBUG 15:42:22,515 RowMutation(table='Keyspace1', key='key-008', modifications=[ColumnFamily(Standard1 [6578706572696d656e7456616c7565:false:8@1308955342498,])]) applied.  Sending response to 326@/127.0.0.1
Sending message ::
-->ID:326
FROM:/127.0.0.13
TYPE:RESPONSE-STAGE
VERB:READ_RESPONSE

DEBUG 15:42:22,520 attempting to connect to /127.0.0.1
&&&Added socket : 47524
node3 recorded Tokensize 4 [part of workload]
- Nodes connected, Gossiper returning  [part of workload]

## ############################################
## MESSAGE: I'm failing this (see below) with FailType: NONE
## ############################################

  [targetIO][NetIO-Node0:127.0.0.1:46228] at *Node3* :: [Undecided] message 

  call(int java.io.DataInputStream.readInt())
   ** PL:AFTER / EX:IO / BOOL:NO / IO:READ **
    SourceLoc: org/apache/cassandra/net/IncomingTcpConnection.java(59)

      [0] org.apache.cassandra.net.IncomingTcpConnection (run:59)



## ############################################
## MESSAGE: I'm failing this (see below) with FailType: NONE
## ############################################

  [targetIO][NetIO-Node0:127.0.0.1:46228] at *Node3* :: [Undecided] message 

  call(int java.io.DataInputStream.readInt())
   ** PL:BEFORE / EX:IO / BOOL:NO / IO:READ **
    SourceLoc: org/apache/cassandra/net/IncomingTcpConnection.java(60)

      [0] org.apache.cassandra.net.IncomingTcpConnection (run:60)



## ############################################
## MESSAGE: I'm failing this (see below) with FailType: NONE
## ############################################

  [targetIO][NetIO-Node0:127.0.0.1:46228] at *Node3* :: [Undecided] message 

  call(int java.io.DataInputStream.readInt())
   ** PL:AFTER / EX:IO / BOOL:NO / IO:READ **
    SourceLoc: org/apache/cassandra/net/IncomingTcpConnection.java(60)

      [0] org.apache.cassandra.net.IncomingTcpConnection (run:60)



## ############################################
## MESSAGE: I'm failing this (see below) with FailType: NONE
## ############################################

  [targetIO][NetIO-Node0:127.0.0.1:46228] at *Node3* :: [Undecided] message 

  call(int java.io.DataInputStream.readInt())
   ** PL:BEFORE / EX:IO / BOOL:NO / IO:READ **
    SourceLoc: org/apache/cassandra/net/IncomingTcpConnection.java(71)

      [0] org.apache.cassandra.net.IncomingTcpConnection (run:71)



## ############################################
## MESSAGE: I'm failing this (see below) with FailType: NONE
## ############################################

  [targetIO][NetIO-Node0:127.0.0.1:46228] at *Node3* :: [Undecided] message 

  call(int java.io.DataInputStream.readInt())
   ** PL:AFTER / EX:IO / BOOL:NO / IO:READ **
    SourceLoc: org/apache/cassandra/net/IncomingTcpConnection.java(71)

      [0] org.apache.cassandra.net.IncomingTcpConnection (run:71)



## ############################################
## MESSAGE: I'm failing this (see below) with FailType: NONE
## ############################################

  [targetIO][NetIO-Node0:127.0.0.1:46228] at *Node3* :: [Undecided] message 

  call(void java.io.DataInputStream.readFully(byte[]))
   ** PL:BEFORE / EX:IO / BOOL:NO / IO:READ **
    SourceLoc: org/apache/cassandra/net/IncomingTcpConnection.java(73)

      [0] org.apache.cassandra.net.IncomingTcpConnection (run:73)



## ############################################
## MESSAGE: I'm failing this (see below) with FailType: NONE
## ############################################

  [targetIO][NetIO-Node0:127.0.0.1:46228] at *Node3* :: [Undecided] message 

  call(void java.io.DataInputStream.readFully(byte[]))
   ** PL:AFTER / EX:IO / BOOL:NO / IO:READ **
    SourceLoc: org/apache/cassandra/net/IncomingTcpConnection.java(73)

      [0] org.apache.cassandra.net.IncomingTcpConnection (run:73)


DEBUG 15:42:23,037 digest is 6c73f2974bfc93a991adba2e4115be08
DEBUG 15:42:23,039 Read key key-008; sending response to 0C6D7549-0363-35CB-35AC-79A22B9113DA@/127.0.0.1
wRRPATH ReadVerbHanlder doVerb(): Read key key-008; sending response to 0C6D7549-0363-35CB-35AC-79A22B9113DA@/127.0.0.1 [part of workload]

## ############################################
## MESSAGE: I'm failing this (see below) with FailType: NONE
## ############################################

    [00] java.lang.Thread.getStackTrace(Thread.java:1436) 
    [01] org.apache.cassandra.Util.getStackTrace(Util.java:136) 
    [02] org.apache.cassandra.Util.printStackTrace(Util.java:123) 
    [03] org.apache.cassandra.Util.printStackTrace(Util.java:130) 
    [04] org.apache.cassandra.db.ReadVerbHandler.doVerb(ReadVerbHandler.java:100) 
    [05] org.apache.cassandra.net.MessageDeliveryTask.run(MessageDeliveryTask.java:49) 
    [06] java.util.concurrent.ThreadPoolExecutor$Worker.runTask(ThreadPoolExecutor.java:886) 
    [07] java.util.concurrent.ThreadPoolExecutor$Worker.run(ThreadPoolExecutor.java:908) 
    [08] java.lang.Thread.run(Thread.java:619) 
  [targetIO][NetIO-Node0:127.0.0.1:46228] at *Node3* :: [Undecided] message 

  call(int java.io.DataInputStream.readInt())
   ** PL:BEFORE / EX:IO / BOOL:NO / IO:READ **
    SourceLoc: org/apache/cassandra/net/IncomingTcpConnection.java(59)

      [0] org.apache.cassandra.net.IncomingTcpConnection (run:59)


cutSendOneWay targetIO : NetIO-Node3:127.0.0.13
corrupt :: failType returned :: NONE
Sending message ::
-->ID:0C6D7549-0363-35CB-35AC-79A22B9113DA
FROM:/127.0.0.13
TYPE:RESPONSE-STAGE
VERB:READ_RESPONSE
 [part of workload]

## ############################################
## MESSAGE: I'm failing this (see below) with FailType: NONE
## ############################################

  [targetIO][NetIO-Node3:127.0.0.1:7000] at *Node3* :: [Undecided] message 

  call(void java.io.DataOutputStream.write(byte[], int, int))
   ** PL:BEFORE / EX:IO / BOOL:NO / IO:WRITE **
    SourceLoc: org/apache/cassandra/net/OutboundTcpConnection.java(101)

      [0] org.apache.cassandra.net.OutboundTcpConnection (writeConnected:101)
      [1] org.apache.cassandra.net.OutboundTcpConnection (run:90)



## ############################################
## MESSAGE: I'm failing this (see below) with FailType: NONE
## ############################################

  [targetIO][NetIO-Node3:127.0.0.1:7000] at *Node3* :: [Undecided] message 

  call(void java.io.DataOutputStream.write(byte[], int, int))
   ** PL:AFTER / EX:IO / BOOL:NO / IO:WRITE **
    SourceLoc: org/apache/cassandra/net/OutboundTcpConnection.java(101)

      [0] org.apache.cassandra.net.OutboundTcpConnection (writeConnected:101)
      [1] org.apache.cassandra.net.OutboundTcpConnection (run:90)



## ############################################
## MESSAGE: I'm failing this (see below) with FailType: NONE
## ############################################

  [targetIO][NetIO-Node3:127.0.0.1:7000] at *Node3* :: [Undecided] message 

  call(void java.io.DataOutputStream.flush())
   ** PL:BEFORE / EX:IO / BOOL:NO / IO:WRITE **
    SourceLoc: org/apache/cassandra/net/OutboundTcpConnection.java(104)

      [0] org.apache.cassandra.net.OutboundTcpConnection (writeConnected:104)
      [1] org.apache.cassandra.net.OutboundTcpConnection (run:90)



## ############################################
## MESSAGE: I'm failing this (see below) with FailType: NONE
## ############################################

  [targetIO][NetIO-Node3:127.0.0.1:7000] at *Node3* :: [Undecided] message 

  call(void java.io.DataOutputStream.flush())
   ** PL:AFTER / EX:IO / BOOL:NO / IO:WRITE **
    SourceLoc: org/apache/cassandra/net/OutboundTcpConnection.java(104)

      [0] org.apache.cassandra.net.OutboundTcpConnection (writeConnected:104)
      [1] org.apache.cassandra.net.OutboundTcpConnection (run:90)


node3 recorded Tokensize 4 [part of workload]
- Nodes connected, Gossiper returning  [part of workload]
node3 recorded Tokensize 4 [part of workload]
- Nodes connected, Gossiper returning  [part of workload]
node3 recorded Tokensize 4 [part of workload]
- Nodes connected, Gossiper returning  [part of workload]
DEBUG 15:42:26,171 Applying RowMutation(table='Keyspace1', key='key-008', modifications=[ColumnFamily(Standard1 [6578706572696d656e7456616c7565:true:4@1308955346155,])])
DEBUG 15:42:26,172 RowMutation(table='Keyspace1', key='key-008', modifications=[ColumnFamily(Standard1 [6578706572696d656e7456616c7565:true:4@1308955346155,])]) applied.  Sending response to 329@/127.0.0.1
Sending message ::
-->ID:329
FROM:/127.0.0.13
TYPE:RESPONSE-STAGE
VERB:READ_RESPONSE

