FMDriver.Main: Starting ...
FMDRIVER.Main: before calling fm.start()
- Starting XML-RPC Server...
- Waiting for incoming ...
- After webserver.start ...
FMDriver.Main: after calling fm.start()
FMDriver.Main: Stopping ...
Receive sendContext: [2855259]

  [targetIO][NetIO-Node0:127.0.0.11:7000] at *Node0* :: [Undecided] message 

  call(void java.io.DataOutputStream.write(byte[], int, int))
   ** PL:BEFORE / EX:IO / BOOL:NO / IO:WRITE **
    SourceLoc: org/apache/cassandra/net/OutboundTcpConnection.java(101)

      [0] org.apache.cassandra.net.OutboundTcpConnection (writeConnected:101)
      [1] org.apache.cassandra.net.OutboundTcpConnection (run:90)


     [iajc] warning at call(void java.io.DataOutputStream.write(byte[], int, int)) 
     [iajc] ^^^^^^^^^^    
     [iajc] org/apache/cassandra/net/OutboundTcpConnection.java:101:0:0 warningHooks:javaIO ...
     [messageType] Undecided

FMLogic run : chkpnt 1
FMLogic tTF : chkpt 1
FMLogic tThisF : chkpt 3
FMLogic tThisF : chkpt 3
Receive sendContext: [78366110]

  [targetIO][NetIO-Node0:127.0.0.12:7000] at *Node0* :: [Undecided] message 

  call(void java.io.DataOutputStream.write(byte[], int, int))
   ** PL:BEFORE / EX:IO / BOOL:NO / IO:WRITE **
    SourceLoc: org/apache/cassandra/net/OutboundTcpConnection.java(101)

      [0] org.apache.cassandra.net.OutboundTcpConnection (writeConnected:101)
      [1] org.apache.cassandra.net.OutboundTcpConnection (run:90)

FMLogic run : chkpnt 1
FMLogic tTF : chkpt 1
FMLogic tThisF : chkpt 3
FMLogic tThisF : chkpt 3
Receive sendContext: [3611465]

  [targetIO][NetIO-Node0:127.0.0.13:7000] at *Node0* :: [Undecided] message 

  call(void java.io.DataOutputStream.write(byte[], int, int))
   ** PL:BEFORE / EX:IO / BOOL:NO / IO:WRITE **
    SourceLoc: org/apache/cassandra/net/OutboundTcpConnection.java(101)

      [0] org.apache.cassandra.net.OutboundTcpConnection (writeConnected:101)
      [1] org.apache.cassandra.net.OutboundTcpConnection (run:90)

FMLogic run : chkpnt 1
FMLogic tTF : chkpt 1
FMLogic tThisF : chkpt 3
FMLogic tThisF : chkpt 3
Receive sendContext: [82084012]

  [targetIO][NetIO-Node0:127.0.0.12:7000] at *Node0* :: [Undecided] message 

  call(void java.io.DataOutputStream.write(byte[], int, int))
   ** PL:AFTER / EX:IO / BOOL:NO / IO:WRITE **
    SourceLoc: org/apache/cassandra/net/OutboundTcpConnection.java(101)

      [0] org.apache.cassandra.net.OutboundTcpConnection (writeConnected:101)
      [1] org.apache.cassandra.net.OutboundTcpConnection (run:90)

FMLogic run : chkpnt 1
FMLogic tTF : chkpt 1
FMLogic tThisF : chkpt 3
Receive sendContext: [98576886]

  [targetIO][NetIO-Node0:127.0.0.11:7000] at *Node0* :: [Undecided] message 

  call(void java.io.DataOutputStream.write(byte[], int, int))
   ** PL:AFTER / EX:IO / BOOL:NO / IO:WRITE **
    SourceLoc: org/apache/cassandra/net/OutboundTcpConnection.java(101)

      [0] org.apache.cassandra.net.OutboundTcpConnection (writeConnected:101)
      [1] org.apache.cassandra.net.OutboundTcpConnection (run:90)

FMLogic run : chkpnt 1
FMLogic tTF : chkpt 1
FMLogic tThisF : chkpt 3
Receive sendContext: [5714191]

  [targetIO][NetIO-Node0:127.0.0.12:7000] at *Node0* :: [Undecided] message 

  call(void java.io.DataOutputStream.flush())
   ** PL:BEFORE / EX:IO / BOOL:NO / IO:WRITE **
    SourceLoc: org/apache/cassandra/net/OutboundTcpConnection.java(104)

      [0] org.apache.cassandra.net.OutboundTcpConnection (writeConnected:104)
      [1] org.apache.cassandra.net.OutboundTcpConnection (run:90)


     [iajc] warning at call(void java.io.DataOutputStream.flush()) 
     [iajc] ^^^^^^^^^^    
     [iajc] org/apache/cassandra/net/OutboundTcpConnection.java:104:0:0 warningHooks:javaIO ...
     [messageType] Undecided

FMLogic run : chkpnt 1
FMLogic tTF : chkpt 1
FMLogic tThisF : chkpt 3
FMLogic tThisF : chkpt 3
Receive sendContext: [46490246]

  [targetIO][NetIO-Node0:127.0.0.13:7000] at *Node0* :: [Undecided] message 

  call(void java.io.DataOutputStream.write(byte[], int, int))
   ** PL:AFTER / EX:IO / BOOL:NO / IO:WRITE **
    SourceLoc: org/apache/cassandra/net/OutboundTcpConnection.java(101)

      [0] org.apache.cassandra.net.OutboundTcpConnection (writeConnected:101)
      [1] org.apache.cassandra.net.OutboundTcpConnection (run:90)

FMLogic run : chkpnt 1
FMLogic tTF : chkpt 1
FMLogic tThisF : chkpt 3
Receive sendContext: [19427469]

  [targetIO][NetIO-Node0:127.0.0.12:7000] at *Node0* :: [Undecided] message 

  call(void java.io.DataOutputStream.flush())
   ** PL:AFTER / EX:IO / BOOL:NO / IO:WRITE **
    SourceLoc: org/apache/cassandra/net/OutboundTcpConnection.java(104)

      [0] org.apache.cassandra.net.OutboundTcpConnection (writeConnected:104)
      [1] org.apache.cassandra.net.OutboundTcpConnection (run:90)

FMLogic run : chkpnt 1
FMLogic tTF : chkpt 1
FMLogic tThisF : chkpt 3
Receive sendContext: [82546668]

  [targetIO][NetIO-Node0:127.0.0.11:7000] at *Node0* :: [Undecided] message 

  call(void java.io.DataOutputStream.flush())
   ** PL:BEFORE / EX:IO / BOOL:NO / IO:WRITE **
    SourceLoc: org/apache/cassandra/net/OutboundTcpConnection.java(104)

      [0] org.apache.cassandra.net.OutboundTcpConnection (writeConnected:104)
      [1] org.apache.cassandra.net.OutboundTcpConnection (run:90)

FMLogic run : chkpnt 1
FMLogic tTF : chkpt 1
FMLogic tThisF : chkpt 3
FMLogic tThisF : chkpt 3
Receive sendContext: [22020296]

  [targetIO][NetIO-Node0:127.0.0.13:7000] at *Node0* :: [Undecided] message 

  call(void java.io.DataOutputStream.flush())
   ** PL:BEFORE / EX:IO / BOOL:NO / IO:WRITE **
    SourceLoc: org/apache/cassandra/net/OutboundTcpConnection.java(104)

      [0] org.apache.cassandra.net.OutboundTcpConnection (writeConnected:104)
      [1] org.apache.cassandra.net.OutboundTcpConnection (run:90)

FMLogic run : chkpnt 1
FMLogic tTF : chkpt 1
FMLogic tThisF : chkpt 3
FMLogic tThisF : chkpt 3
Receive sendContext: [51948774]

  [targetIO][NetIO-Node0:127.0.0.11:7000] at *Node0* :: [Undecided] message 

  call(void java.io.DataOutputStream.flush())
   ** PL:AFTER / EX:IO / BOOL:NO / IO:WRITE **
    SourceLoc: org/apache/cassandra/net/OutboundTcpConnection.java(104)

      [0] org.apache.cassandra.net.OutboundTcpConnection (writeConnected:104)
      [1] org.apache.cassandra.net.OutboundTcpConnection (run:90)

FMLogic run : chkpnt 1
FMLogic tTF : chkpt 1
FMLogic tThisF : chkpt 3
Receive sendContext: [19369462]

  [targetIO][NetIO-Node0:127.0.0.13:7000] at *Node0* :: [Undecided] message 

  call(void java.io.DataOutputStream.flush())
   ** PL:AFTER / EX:IO / BOOL:NO / IO:WRITE **
    SourceLoc: org/apache/cassandra/net/OutboundTcpConnection.java(104)

      [0] org.apache.cassandra.net.OutboundTcpConnection (writeConnected:104)
      [1] org.apache.cassandra.net.OutboundTcpConnection (run:90)

FMLogic run : chkpnt 1
FMLogic tTF : chkpt 1
FMLogic tThisF : chkpt 3
Receive sendContext: [76424108]

  [targetIO][NetIO-Node0:127.0.0.1:42401] at *Node1* :: [Undecided] message 

  call(int java.io.DataInputStream.readInt())
   ** PL:AFTER / EX:IO / BOOL:NO / IO:READ **
    SourceLoc: org/apache/cassandra/net/IncomingTcpConnection.java(59)

      [0] org.apache.cassandra.net.IncomingTcpConnection (run:59)


     [iajc] warning at call(int java.io.DataInputStream.readInt()) 
     [iajc] ^^^^^^^^^^    
     [iajc] org/apache/cassandra/net/IncomingTcpConnection.java:59:0:0 warningHooks:javaIO ...
     [messageType] Undecided

FMLogic run : chkpnt 1
FMLogic tTF : chkpt 1
FMLogic tThisF : chkpt 3
Receive sendContext: [13828211]

  [targetIO][NetIO-Node0:127.0.0.1:40844] at *Node2* :: [Undecided] message 

  call(int java.io.DataInputStream.readInt())
   ** PL:AFTER / EX:IO / BOOL:NO / IO:READ **
    SourceLoc: org/apache/cassandra/net/IncomingTcpConnection.java(59)

      [0] org.apache.cassandra.net.IncomingTcpConnection (run:59)

FMLogic run : chkpnt 1
FMLogic tTF : chkpt 1
FMLogic tThisF : chkpt 3
Receive sendContext: [79663185]

  [targetIO][NetIO-Node0:127.0.0.1:40844] at *Node2* :: [Undecided] message 

  call(int java.io.DataInputStream.readInt())
   ** PL:BEFORE / EX:IO / BOOL:NO / IO:READ **
    SourceLoc: org/apache/cassandra/net/IncomingTcpConnection.java(60)

      [0] org.apache.cassandra.net.IncomingTcpConnection (run:60)


     [iajc] warning at call(int java.io.DataInputStream.readInt()) 
     [iajc] ^^^^^^^^^^    
     [iajc] org/apache/cassandra/net/IncomingTcpConnection.java:60:0:0 warningHooks:javaIO ...
     [messageType] Undecided

FMLogic run : chkpnt 1
FMLogic tTF : chkpt 1
FMLogic tThisF : chkpt 3
FMLogic tThisF : chkpt 3
Receive sendContext: [14054945]

  [targetIO][NetIO-Node0:127.0.0.1:40844] at *Node2* :: [Undecided] message 

  call(int java.io.DataInputStream.readInt())
   ** PL:AFTER / EX:IO / BOOL:NO / IO:READ **
    SourceLoc: org/apache/cassandra/net/IncomingTcpConnection.java(60)

      [0] org.apache.cassandra.net.IncomingTcpConnection (run:60)

FMLogic run : chkpnt 1
FMLogic tTF : chkpt 1
FMLogic tThisF : chkpt 3
Receive sendContext: [32496963]

  [targetIO][NetIO-Node0:127.0.0.1:42401] at *Node1* :: [Undecided] message 

  call(int java.io.DataInputStream.readInt())
   ** PL:BEFORE / EX:IO / BOOL:NO / IO:READ **
    SourceLoc: org/apache/cassandra/net/IncomingTcpConnection.java(60)

      [0] org.apache.cassandra.net.IncomingTcpConnection (run:60)

FMLogic run : chkpnt 1
FMLogic tTF : chkpt 1
FMLogic tThisF : chkpt 3
FMLogic tThisF : chkpt 3
Receive sendContext: [14998866]

  [targetIO][NetIO-Node0:127.0.0.1:39566] at *Node3* :: [Undecided] message 

  call(int java.io.DataInputStream.readInt())
   ** PL:AFTER / EX:IO / BOOL:NO / IO:READ **
    SourceLoc: org/apache/cassandra/net/IncomingTcpConnection.java(59)

      [0] org.apache.cassandra.net.IncomingTcpConnection (run:59)

FMLogic run : chkpnt 1
FMLogic tTF : chkpt 1
FMLogic tThisF : chkpt 3
Receive sendContext: [56106090]

  [targetIO][NetIO-Node0:127.0.0.1:40844] at *Node2* :: [Undecided] message 

  call(int java.io.DataInputStream.readInt())
   ** PL:BEFORE / EX:IO / BOOL:NO / IO:READ **
    SourceLoc: org/apache/cassandra/net/IncomingTcpConnection.java(71)

      [0] org.apache.cassandra.net.IncomingTcpConnection (run:71)


     [iajc] warning at call(int java.io.DataInputStream.readInt()) 
     [iajc] ^^^^^^^^^^    
     [iajc] org/apache/cassandra/net/IncomingTcpConnection.java:71:0:0 warningHooks:javaIO ...
     [messageType] Undecided

FMLogic run : chkpnt 1
FMLogic tTF : chkpt 1
FMLogic tThisF : chkpt 3
FMLogic tThisF : chkpt 3
Receive sendContext: [43776778]

  [targetIO][NetIO-Node0:127.0.0.1:42401] at *Node1* :: [Undecided] message 

  call(int java.io.DataInputStream.readInt())
   ** PL:AFTER / EX:IO / BOOL:NO / IO:READ **
    SourceLoc: org/apache/cassandra/net/IncomingTcpConnection.java(60)

      [0] org.apache.cassandra.net.IncomingTcpConnection (run:60)

FMLogic run : chkpnt 1
FMLogic tTF : chkpt 1
FMLogic tThisF : chkpt 3
Receive sendContext: [74310319]

  [targetIO][NetIO-Node0:127.0.0.1:40844] at *Node2* :: [Undecided] message 

  call(int java.io.DataInputStream.readInt())
   ** PL:AFTER / EX:IO / BOOL:NO / IO:READ **
    SourceLoc: org/apache/cassandra/net/IncomingTcpConnection.java(71)

      [0] org.apache.cassandra.net.IncomingTcpConnection (run:71)

FMLogic run : chkpnt 1
FMLogic tTF : chkpt 1
FMLogic tThisF : chkpt 3
Receive sendContext: [11533771]

  [targetIO][NetIO-Node0:127.0.0.1:40844] at *Node2* :: [Undecided] message 

  call(void java.io.DataInputStream.readFully(byte[]))
   ** PL:BEFORE / EX:IO / BOOL:NO / IO:READ **
    SourceLoc: org/apache/cassandra/net/IncomingTcpConnection.java(73)

      [0] org.apache.cassandra.net.IncomingTcpConnection (run:73)


     [iajc] warning at call(void java.io.DataInputStream.readFully(byte[])) 
     [iajc] ^^^^^^^^^^    
     [iajc] org/apache/cassandra/net/IncomingTcpConnection.java:73:0:0 warningHooks:javaIO ...
     [messageType] Undecided

FMLogic run : chkpnt 1
FMLogic tTF : chkpt 1
FMLogic tThisF : chkpt 3
FMLogic tThisF : chkpt 3
Receive sendContext: [13543361]

  [targetIO][NetIO-Node0:127.0.0.1:40844] at *Node2* :: [Undecided] message 

  call(void java.io.DataInputStream.readFully(byte[]))
   ** PL:AFTER / EX:IO / BOOL:NO / IO:READ **
    SourceLoc: org/apache/cassandra/net/IncomingTcpConnection.java(73)

      [0] org.apache.cassandra.net.IncomingTcpConnection (run:73)

FMLogic run : chkpnt 1
FMLogic tTF : chkpt 1
FMLogic tThisF : chkpt 3
Receive sendContext: [3770100]

  [targetIO][NetIO-Node0:127.0.0.1:42401] at *Node1* :: [Undecided] message 

  call(int java.io.DataInputStream.readInt())
   ** PL:BEFORE / EX:IO / BOOL:NO / IO:READ **
    SourceLoc: org/apache/cassandra/net/IncomingTcpConnection.java(71)

      [0] org.apache.cassandra.net.IncomingTcpConnection (run:71)

FMLogic run : chkpnt 1
FMLogic tTF : chkpt 1
FMLogic tThisF : chkpt 3
FMLogic tThisF : chkpt 3
Receive sendContext: [88285508]

  [targetIO][NetIO-Node0:127.0.0.1:40844] at *Node2* :: [Undecided] message 

  call(int java.io.DataInputStream.readInt())
   ** PL:BEFORE / EX:IO / BOOL:NO / IO:READ **
    SourceLoc: org/apache/cassandra/net/IncomingTcpConnection.java(59)

      [0] org.apache.cassandra.net.IncomingTcpConnection (run:59)

FMLogic run : chkpnt 1
FMLogic tTF : chkpt 1
FMLogic tThisF : chkpt 3
FMLogic tThisF : chkpt 3
Receive sendContext: [55284514]

  [targetIO][NetIO-Node0:127.0.0.1:42401] at *Node1* :: [Undecided] message 

  call(int java.io.DataInputStream.readInt())
   ** PL:AFTER / EX:IO / BOOL:NO / IO:READ **
    SourceLoc: org/apache/cassandra/net/IncomingTcpConnection.java(71)

      [0] org.apache.cassandra.net.IncomingTcpConnection (run:71)

FMLogic run : chkpnt 1
FMLogic tTF : chkpt 1
FMLogic tThisF : chkpt 3
Receive sendContext: [98707023]

  [targetIO][NetIO-Node0:127.0.0.12] at *Node2* :: [Digest] message 

  call(void org.apache.cassandra.net.MessagingService.sendOneWay(Message, InetAddress))
   ** PL:AFTER / EX:IO / BOOL:NO / IO:READ **
    SourceLoc: org/apache/cassandra/db/ReadVerbHandler.java(102)

      [0] org.apache.cassandra.db.ReadVerbHandler (doVerb:102)
      [1] org.apache.cassandra.net.MessageDeliveryTask (run:49)


     [iajc] warning at call(void org.apache.cassandra.net.MessagingService.sendOneWay(Message, InetAddress)) 
     [iajc] ^^^^^^^^^^    
     [iajc] org/apache/cassandra/db/ReadVerbHandler.java:102:0:0 warningHooks:javaIO ...
     [messageType] Digest

FMLogic run : chkpnt 1
FMLogic tTF : chkpt 1
FMLogic tThisF : chkpt 3
FMLogic tThisF : chkpt 1
FMLogic tThisF : chkpt 2
corrupt :: rfl1 :: show me FailType => CORRUPTION
corrupt :: rfl2 :: checkpoint
corrupt :: sf4 checkpoint
corrupt :: rfl3 :: checkpoint

## ############################################
## MESSAGE: Server: I'm failing this (see above) [ft:CORRUPTION]
## ############################################

Receive sendContext: [43771722]

  [targetIO][NetIO-Node0:127.0.0.1:42401] at *Node1* :: [Undecided] message 

  call(void java.io.DataInputStream.readFully(byte[]))
   ** PL:BEFORE / EX:IO / BOOL:NO / IO:READ **
    SourceLoc: org/apache/cassandra/net/IncomingTcpConnection.java(73)

      [0] org.apache.cassandra.net.IncomingTcpConnection (run:73)

FMLogic run : chkpnt 1
FMLogic tTF : chkpt 1
|| ctx ||   [targetIO][NetIO-Node0:127.0.0.1:42401] at *Node1* :: [Undecided] message 

FMLogic tThisF : chkpt 1
FMLogic tThisF : chkpt 2
corrupt :: rfl1 :: show me FailType => CRASH
corrupt :: rfl2 :: checkpoint
corrupt :: sf4 checkpoint
corrupt :: rfl3 :: checkpoint

## ############################################
## MESSAGE: Server: I'm failing this (see above) [ft:CRASH]
## ############################################

Receive sendContext: [80013623]

  [targetIO][NetIO-Node2:127.0.0.1:7000] at *Node2* :: [Undecided] message 

  call(void java.io.DataOutputStream.write(byte[], int, int))
   ** PL:BEFORE / EX:IO / BOOL:NO / IO:WRITE **
    SourceLoc: org/apache/cassandra/net/OutboundTcpConnection.java(101)

      [0] org.apache.cassandra.net.OutboundTcpConnection (writeConnected:101)
      [1] org.apache.cassandra.net.OutboundTcpConnection (run:90)

FMLogic run : chkpnt 1
FMLogic tTF : chkpt 1
FMLogic tThisF : chkpt 3
FMLogic tThisF : chkpt 3
Receive sendContext: [4789197]

  [targetIO][NetIO-Node0:127.0.0.1:39566] at *Node3* :: [Undecided] message 

  call(int java.io.DataInputStream.readInt())
   ** PL:BEFORE / EX:IO / BOOL:NO / IO:READ **
    SourceLoc: org/apache/cassandra/net/IncomingTcpConnection.java(60)

      [0] org.apache.cassandra.net.IncomingTcpConnection (run:60)

FMLogic run : chkpnt 1
FMLogic tTF : chkpt 1
FMLogic tThisF : chkpt 3
FMLogic tThisF : chkpt 3
Receive sendContext: [51563655]

  [targetIO][NetIO-Node2:127.0.0.12:35195] at *Node0* :: [Undecided] message 

  call(int java.io.DataInputStream.readInt())
   ** PL:AFTER / EX:IO / BOOL:NO / IO:READ **
    SourceLoc: org/apache/cassandra/net/IncomingTcpConnection.java(59)

      [0] org.apache.cassandra.net.IncomingTcpConnection (run:59)

FMLogic run : chkpnt 1
FMLogic tTF : chkpt 1
FMLogic tThisF : chkpt 3
Receive sendContext: [44268437]

  [targetIO][NetIO-Node0:127.0.0.1:39566] at *Node3* :: [Undecided] message 

  call(int java.io.DataInputStream.readInt())
   ** PL:AFTER / EX:IO / BOOL:NO / IO:READ **
    SourceLoc: org/apache/cassandra/net/IncomingTcpConnection.java(60)

      [0] org.apache.cassandra.net.IncomingTcpConnection (run:60)

FMLogic run : chkpnt 1
FMLogic tTF : chkpt 1
FMLogic tThisF : chkpt 3
Receive sendContext: [8990069]

  [targetIO][NetIO-Node2:127.0.0.12:35195] at *Node0* :: [Undecided] message 

  call(int java.io.DataInputStream.readInt())
   ** PL:BEFORE / EX:IO / BOOL:NO / IO:READ **
    SourceLoc: org/apache/cassandra/net/IncomingTcpConnection.java(60)

      [0] org.apache.cassandra.net.IncomingTcpConnection (run:60)

FMLogic run : chkpnt 1
FMLogic tTF : chkpt 1
FMLogic tThisF : chkpt 3
FMLogic tThisF : chkpt 3
Receive sendContext: [81073373]

  [targetIO][NetIO-Node2:127.0.0.1:7000] at *Node2* :: [Undecided] message 

  call(void java.io.DataOutputStream.write(byte[], int, int))
   ** PL:AFTER / EX:IO / BOOL:NO / IO:WRITE **
    SourceLoc: org/apache/cassandra/net/OutboundTcpConnection.java(101)

      [0] org.apache.cassandra.net.OutboundTcpConnection (writeConnected:101)
      [1] org.apache.cassandra.net.OutboundTcpConnection (run:90)

FMLogic run : chkpnt 1
FMLogic tTF : chkpt 1
FMLogic tThisF : chkpt 3
Receive sendContext: [29445003]

  [targetIO][NetIO-Node0:127.0.0.1:39566] at *Node3* :: [Undecided] message 

  call(int java.io.DataInputStream.readInt())
   ** PL:BEFORE / EX:IO / BOOL:NO / IO:READ **
    SourceLoc: org/apache/cassandra/net/IncomingTcpConnection.java(71)

      [0] org.apache.cassandra.net.IncomingTcpConnection (run:71)

FMLogic run : chkpnt 1
FMLogic tTF : chkpt 1
FMLogic tThisF : chkpt 3
FMLogic tThisF : chkpt 3
Receive sendContext: [88257952]

  [targetIO][NetIO-Node0:127.0.0.1:39566] at *Node3* :: [Undecided] message 

  call(int java.io.DataInputStream.readInt())
   ** PL:AFTER / EX:IO / BOOL:NO / IO:READ **
    SourceLoc: org/apache/cassandra/net/IncomingTcpConnection.java(71)

      [0] org.apache.cassandra.net.IncomingTcpConnection (run:71)

FMLogic run : chkpnt 1
FMLogic tTF : chkpt 1
FMLogic tThisF : chkpt 3
Receive sendContext: [8793401]

  [targetIO][NetIO-Node2:127.0.0.12:35195] at *Node0* :: [Undecided] message 

  call(int java.io.DataInputStream.readInt())
   ** PL:AFTER / EX:IO / BOOL:NO / IO:READ **
    SourceLoc: org/apache/cassandra/net/IncomingTcpConnection.java(60)

      [0] org.apache.cassandra.net.IncomingTcpConnection (run:60)

FMLogic run : chkpnt 1
FMLogic tTF : chkpt 1
FMLogic tThisF : chkpt 3
Receive sendContext: [21215732]

  [targetIO][NetIO-Node2:127.0.0.1:7000] at *Node2* :: [Undecided] message 

  call(void java.io.DataOutputStream.flush())
   ** PL:BEFORE / EX:IO / BOOL:NO / IO:WRITE **
    SourceLoc: org/apache/cassandra/net/OutboundTcpConnection.java(104)

      [0] org.apache.cassandra.net.OutboundTcpConnection (writeConnected:104)
      [1] org.apache.cassandra.net.OutboundTcpConnection (run:90)

FMLogic run : chkpnt 1
FMLogic tTF : chkpt 1
FMLogic tThisF : chkpt 3
FMLogic tThisF : chkpt 3
Receive sendContext: [3399931]

  [targetIO][NetIO-Node0:127.0.0.1:39566] at *Node3* :: [Undecided] message 

  call(void java.io.DataInputStream.readFully(byte[]))
   ** PL:BEFORE / EX:IO / BOOL:NO / IO:READ **
    SourceLoc: org/apache/cassandra/net/IncomingTcpConnection.java(73)

      [0] org.apache.cassandra.net.IncomingTcpConnection (run:73)

FMLogic run : chkpnt 1
FMLogic tTF : chkpt 1
FMLogic tThisF : chkpt 3
FMLogic tThisF : chkpt 3
Receive sendContext: [33823324]

  [targetIO][NetIO-Node2:127.0.0.12:35195] at *Node0* :: [Undecided] message 

  call(int java.io.DataInputStream.readInt())
   ** PL:BEFORE / EX:IO / BOOL:NO / IO:READ **
    SourceLoc: org/apache/cassandra/net/IncomingTcpConnection.java(71)

      [0] org.apache.cassandra.net.IncomingTcpConnection (run:71)

FMLogic run : chkpnt 1
FMLogic tTF : chkpt 1
FMLogic tThisF : chkpt 3
FMLogic tThisF : chkpt 3
Receive sendContext: [11042247]

  [targetIO][NetIO-Node0:127.0.0.1:39566] at *Node3* :: [Undecided] message 

  call(void java.io.DataInputStream.readFully(byte[]))
   ** PL:AFTER / EX:IO / BOOL:NO / IO:READ **
    SourceLoc: org/apache/cassandra/net/IncomingTcpConnection.java(73)

      [0] org.apache.cassandra.net.IncomingTcpConnection (run:73)

FMLogic run : chkpnt 1
FMLogic tTF : chkpt 1
FMLogic tThisF : chkpt 3
Receive sendContext: [31851268]

  [targetIO][NetIO-Node2:127.0.0.1:7000] at *Node2* :: [Undecided] message 

  call(void java.io.DataOutputStream.flush())
   ** PL:AFTER / EX:IO / BOOL:NO / IO:WRITE **
    SourceLoc: org/apache/cassandra/net/OutboundTcpConnection.java(104)

      [0] org.apache.cassandra.net.OutboundTcpConnection (writeConnected:104)
      [1] org.apache.cassandra.net.OutboundTcpConnection (run:90)

FMLogic run : chkpnt 1
FMLogic tTF : chkpt 1
FMLogic tThisF : chkpt 3
Receive sendContext: [62566906]

  [targetIO][NetIO-Node2:127.0.0.12:35195] at *Node0* :: [Undecided] message 

  call(int java.io.DataInputStream.readInt())
   ** PL:AFTER / EX:IO / BOOL:NO / IO:READ **
    SourceLoc: org/apache/cassandra/net/IncomingTcpConnection.java(71)

      [0] org.apache.cassandra.net.IncomingTcpConnection (run:71)

FMLogic run : chkpnt 1
FMLogic tTF : chkpt 1
FMLogic tThisF : chkpt 3
Receive sendContext: [57795258]

  [targetIO][NetIO-Node2:127.0.0.12:35195] at *Node0* :: [Undecided] message 

  call(void java.io.DataInputStream.readFully(byte[]))
   ** PL:BEFORE / EX:IO / BOOL:NO / IO:READ **
    SourceLoc: org/apache/cassandra/net/IncomingTcpConnection.java(73)

      [0] org.apache.cassandra.net.IncomingTcpConnection (run:73)

FMLogic run : chkpnt 1
FMLogic tTF : chkpt 1
FMLogic tThisF : chkpt 3
FMLogic tThisF : chkpt 3
Receive sendContext: [61496932]

  [targetIO][NetIO-Node0:127.0.0.1:39566] at *Node3* :: [Undecided] message 

  call(int java.io.DataInputStream.readInt())
   ** PL:BEFORE / EX:IO / BOOL:NO / IO:READ **
    SourceLoc: org/apache/cassandra/net/IncomingTcpConnection.java(59)

      [0] org.apache.cassandra.net.IncomingTcpConnection (run:59)

FMLogic run : chkpnt 1
FMLogic tTF : chkpt 1
FMLogic tThisF : chkpt 3
FMLogic tThisF : chkpt 3
Receive sendContext: [39896220]

  [targetIO][NetIO-Node2:127.0.0.12:35195] at *Node0* :: [Undecided] message 

  call(void java.io.DataInputStream.readFully(byte[]))
   ** PL:AFTER / EX:IO / BOOL:NO / IO:READ **
    SourceLoc: org/apache/cassandra/net/IncomingTcpConnection.java(73)

      [0] org.apache.cassandra.net.IncomingTcpConnection (run:73)

FMLogic run : chkpnt 1
FMLogic tTF : chkpt 1
FMLogic tThisF : chkpt 3
Receive sendContext: [55209168]

  [targetIO][NetIO-Node0:127.0.0.13] at *Node3* :: [Digest] message 

  call(void org.apache.cassandra.net.MessagingService.sendOneWay(Message, InetAddress))
   ** PL:AFTER / EX:IO / BOOL:NO / IO:READ **
    SourceLoc: org/apache/cassandra/db/ReadVerbHandler.java(102)

      [0] org.apache.cassandra.db.ReadVerbHandler (doVerb:102)
      [1] org.apache.cassandra.net.MessageDeliveryTask (run:49)

FMLogic run : chkpnt 1
FMLogic tTF : chkpt 1
FMLogic tThisF : chkpt 3
FMLogic tThisF : chkpt 3
Receive sendContext: [186977]

  [targetIO][NetIO-Node3:127.0.0.1:7000] at *Node3* :: [Undecided] message 

  call(void java.io.DataOutputStream.write(byte[], int, int))
   ** PL:BEFORE / EX:IO / BOOL:NO / IO:WRITE **
    SourceLoc: org/apache/cassandra/net/OutboundTcpConnection.java(101)

      [0] org.apache.cassandra.net.OutboundTcpConnection (writeConnected:101)
      [1] org.apache.cassandra.net.OutboundTcpConnection (run:90)

FMLogic run : chkpnt 1
FMLogic tTF : chkpt 1
FMLogic tThisF : chkpt 3
FMLogic tThisF : chkpt 3
Receive sendContext: [52121876]

  [targetIO][NetIO-Node2:127.0.0.12:35195] at *Node0* :: [Undecided] message 

  call(int java.io.DataInputStream.readInt())
   ** PL:BEFORE / EX:IO / BOOL:NO / IO:READ **
    SourceLoc: org/apache/cassandra/net/IncomingTcpConnection.java(59)

      [0] org.apache.cassandra.net.IncomingTcpConnection (run:59)

FMLogic run : chkpnt 1
FMLogic tTF : chkpt 1
FMLogic tThisF : chkpt 3
FMLogic tThisF : chkpt 3
Receive sendContext: [97744697]

  [targetIO][NetIO-Node3:127.0.0.13:47542] at *Node0* :: [Undecided] message 

  call(int java.io.DataInputStream.readInt())
   ** PL:AFTER / EX:IO / BOOL:NO / IO:READ **
    SourceLoc: org/apache/cassandra/net/IncomingTcpConnection.java(59)

      [0] org.apache.cassandra.net.IncomingTcpConnection (run:59)

FMLogic run : chkpnt 1
FMLogic tTF : chkpt 1
FMLogic tThisF : chkpt 3
Receive sendContext: [87861363]

  [targetIO][NetIO-Node3:127.0.0.1:7000] at *Node3* :: [Undecided] message 

  call(void java.io.DataOutputStream.write(byte[], int, int))
   ** PL:AFTER / EX:IO / BOOL:NO / IO:WRITE **
    SourceLoc: org/apache/cassandra/net/OutboundTcpConnection.java(101)

      [0] org.apache.cassandra.net.OutboundTcpConnection (writeConnected:101)
      [1] org.apache.cassandra.net.OutboundTcpConnection (run:90)

FMLogic run : chkpnt 1
FMLogic tTF : chkpt 1
FMLogic tThisF : chkpt 3
Receive sendContext: [70870626]

  [targetIO][NetIO-Node3:127.0.0.13:47542] at *Node0* :: [Undecided] message 

  call(int java.io.DataInputStream.readInt())
   ** PL:BEFORE / EX:IO / BOOL:NO / IO:READ **
    SourceLoc: org/apache/cassandra/net/IncomingTcpConnection.java(60)

      [0] org.apache.cassandra.net.IncomingTcpConnection (run:60)

FMLogic run : chkpnt 1
FMLogic tTF : chkpt 1
FMLogic tThisF : chkpt 3
FMLogic tThisF : chkpt 3
Receive sendContext: [56932943]

  [targetIO][NetIO-Node3:127.0.0.1:7000] at *Node3* :: [Undecided] message 

  call(void java.io.DataOutputStream.flush())
   ** PL:BEFORE / EX:IO / BOOL:NO / IO:WRITE **
    SourceLoc: org/apache/cassandra/net/OutboundTcpConnection.java(104)

      [0] org.apache.cassandra.net.OutboundTcpConnection (writeConnected:104)
      [1] org.apache.cassandra.net.OutboundTcpConnection (run:90)

FMLogic run : chkpnt 1
FMLogic tTF : chkpt 1
FMLogic tThisF : chkpt 3
FMLogic tThisF : chkpt 3
Receive sendContext: [33930466]

  [targetIO][NetIO-Node3:127.0.0.13:47542] at *Node0* :: [Undecided] message 

  call(int java.io.DataInputStream.readInt())
   ** PL:AFTER / EX:IO / BOOL:NO / IO:READ **
    SourceLoc: org/apache/cassandra/net/IncomingTcpConnection.java(60)

      [0] org.apache.cassandra.net.IncomingTcpConnection (run:60)

FMLogic run : chkpnt 1
FMLogic tTF : chkpt 1
FMLogic tThisF : chkpt 3
Receive sendContext: [83105087]

  [targetIO][NetIO-Node3:127.0.0.13:47542] at *Node0* :: [Undecided] message 

  call(int java.io.DataInputStream.readInt())
   ** PL:BEFORE / EX:IO / BOOL:NO / IO:READ **
    SourceLoc: org/apache/cassandra/net/IncomingTcpConnection.java(71)

      [0] org.apache.cassandra.net.IncomingTcpConnection (run:71)

FMLogic run : chkpnt 1
FMLogic tTF : chkpt 1
FMLogic tThisF : chkpt 3
FMLogic tThisF : chkpt 3
Receive sendContext: [64553873]

  [targetIO][NetIO-Node3:127.0.0.1:7000] at *Node3* :: [Undecided] message 

  call(void java.io.DataOutputStream.flush())
   ** PL:AFTER / EX:IO / BOOL:NO / IO:WRITE **
    SourceLoc: org/apache/cassandra/net/OutboundTcpConnection.java(104)

      [0] org.apache.cassandra.net.OutboundTcpConnection (writeConnected:104)
      [1] org.apache.cassandra.net.OutboundTcpConnection (run:90)

FMLogic run : chkpnt 1
FMLogic tTF : chkpt 1
FMLogic tThisF : chkpt 3
Receive sendContext: [53791112]

  [targetIO][NetIO-Node3:127.0.0.13:47542] at *Node0* :: [Undecided] message 

  call(int java.io.DataInputStream.readInt())
   ** PL:AFTER / EX:IO / BOOL:NO / IO:READ **
    SourceLoc: org/apache/cassandra/net/IncomingTcpConnection.java(71)

      [0] org.apache.cassandra.net.IncomingTcpConnection (run:71)

FMLogic run : chkpnt 1
FMLogic tTF : chkpt 1
FMLogic tThisF : chkpt 3
Receive sendContext: [24479380]

  [targetIO][NetIO-Node3:127.0.0.13:47542] at *Node0* :: [Undecided] message 

  call(void java.io.DataInputStream.readFully(byte[]))
   ** PL:BEFORE / EX:IO / BOOL:NO / IO:READ **
    SourceLoc: org/apache/cassandra/net/IncomingTcpConnection.java(73)

      [0] org.apache.cassandra.net.IncomingTcpConnection (run:73)

FMLogic run : chkpnt 1
FMLogic tTF : chkpt 1
FMLogic tThisF : chkpt 3
FMLogic tThisF : chkpt 3
Receive sendContext: [25845897]

  [targetIO][NetIO-Node3:127.0.0.13:47542] at *Node0* :: [Undecided] message 

  call(void java.io.DataInputStream.readFully(byte[]))
   ** PL:AFTER / EX:IO / BOOL:NO / IO:READ **
    SourceLoc: org/apache/cassandra/net/IncomingTcpConnection.java(73)

      [0] org.apache.cassandra.net.IncomingTcpConnection (run:73)

FMLogic run : chkpnt 1
FMLogic tTF : chkpt 1
FMLogic tThisF : chkpt 3
Receive sendContext: [48610383]

  [targetIO][NetIO-Node3:127.0.0.13:47542] at *Node0* :: [Undecided] message 

  call(int java.io.DataInputStream.readInt())
   ** PL:BEFORE / EX:IO / BOOL:NO / IO:READ **
    SourceLoc: org/apache/cassandra/net/IncomingTcpConnection.java(59)

      [0] org.apache.cassandra.net.IncomingTcpConnection (run:59)

FMLogic run : chkpnt 1
FMLogic tTF : chkpt 1
FMLogic tThisF : chkpt 3
FMLogic tThisF : chkpt 3
Receive sendContext: [42674781]

  [targetIO][NetIO-Node0:127.0.0.11:7000] at *Node0* :: [Undecided] message 

  call(void java.io.DataOutputStream.write(byte[], int, int))
   ** PL:BEFORE / EX:IO / BOOL:NO / IO:WRITE **
    SourceLoc: org/apache/cassandra/net/OutboundTcpConnection.java(101)

      [0] org.apache.cassandra.net.OutboundTcpConnection (writeConnected:101)
      [1] org.apache.cassandra.net.OutboundTcpConnection (run:90)

FMLogic run : chkpnt 1
FMLogic tTF : chkpt 1
FMLogic tThisF : chkpt 3
FMLogic tThisF : chkpt 3
Receive sendContext: [82102749]

  [targetIO][NetIO-Node0:127.0.0.12:7000] at *Node0* :: [Undecided] message 

  call(void java.io.DataOutputStream.write(byte[], int, int))
   ** PL:BEFORE / EX:IO / BOOL:NO / IO:WRITE **
    SourceLoc: org/apache/cassandra/net/OutboundTcpConnection.java(101)

      [0] org.apache.cassandra.net.OutboundTcpConnection (writeConnected:101)
      [1] org.apache.cassandra.net.OutboundTcpConnection (run:90)

FMLogic run : chkpnt 1
FMLogic tTF : chkpt 1
FMLogic tThisF : chkpt 3
FMLogic tThisF : chkpt 3
Receive sendContext: [54636023]

  [targetIO][NetIO-Node0:127.0.0.12:7000] at *Node0* :: [Undecided] message 

  call(void java.io.DataOutputStream.write(byte[], int, int))
   ** PL:AFTER / EX:IO / BOOL:NO / IO:WRITE **
    SourceLoc: org/apache/cassandra/net/OutboundTcpConnection.java(101)

      [0] org.apache.cassandra.net.OutboundTcpConnection (writeConnected:101)
      [1] org.apache.cassandra.net.OutboundTcpConnection (run:90)

FMLogic run : chkpnt 1
FMLogic tTF : chkpt 1
FMLogic tThisF : chkpt 3
Receive sendContext: [60118765]

  [targetIO][NetIO-Node0:127.0.0.1:36221] at *Node2* :: [Undecided] message 

  call(int java.io.DataInputStream.readInt())
   ** PL:AFTER / EX:IO / BOOL:NO / IO:READ **
    SourceLoc: org/apache/cassandra/net/IncomingTcpConnection.java(59)

      [0] org.apache.cassandra.net.IncomingTcpConnection (run:59)

FMLogic run : chkpnt 1
FMLogic tTF : chkpt 1
FMLogic tThisF : chkpt 3
Receive sendContext: [45398582]

  [targetIO][NetIO-Node0:127.0.0.13:7000] at *Node0* :: [Undecided] message 

  call(void java.io.DataOutputStream.write(byte[], int, int))
   ** PL:BEFORE / EX:IO / BOOL:NO / IO:WRITE **
    SourceLoc: org/apache/cassandra/net/OutboundTcpConnection.java(101)

      [0] org.apache.cassandra.net.OutboundTcpConnection (writeConnected:101)
      [1] org.apache.cassandra.net.OutboundTcpConnection (run:90)

FMLogic run : chkpnt 1
FMLogic tTF : chkpt 1
FMLogic tThisF : chkpt 3
FMLogic tThisF : chkpt 3
Receive sendContext: [82809360]

  [targetIO][NetIO-Node0:127.0.0.1:36221] at *Node2* :: [Undecided] message 

  call(int java.io.DataInputStream.readInt())
   ** PL:BEFORE / EX:IO / BOOL:NO / IO:READ **
    SourceLoc: org/apache/cassandra/net/IncomingTcpConnection.java(60)

      [0] org.apache.cassandra.net.IncomingTcpConnection (run:60)

FMLogic run : chkpnt 1
FMLogic tTF : chkpt 1
FMLogic tThisF : chkpt 3
FMLogic tThisF : chkpt 3
Receive sendContext: [73345233]

  [targetIO][NetIO-Node0:127.0.0.1:60936] at *Node3* :: [Undecided] message 

  call(int java.io.DataInputStream.readInt())
   ** PL:AFTER / EX:IO / BOOL:NO / IO:READ **
    SourceLoc: org/apache/cassandra/net/IncomingTcpConnection.java(59)

      [0] org.apache.cassandra.net.IncomingTcpConnection (run:59)

FMLogic run : chkpnt 1
FMLogic tTF : chkpt 1
FMLogic tThisF : chkpt 3
Receive sendContext: [93497400]

  [targetIO][NetIO-Node0:127.0.0.13:7000] at *Node0* :: [Undecided] message 

  call(void java.io.DataOutputStream.write(byte[], int, int))
   ** PL:AFTER / EX:IO / BOOL:NO / IO:WRITE **
    SourceLoc: org/apache/cassandra/net/OutboundTcpConnection.java(101)

      [0] org.apache.cassandra.net.OutboundTcpConnection (writeConnected:101)
      [1] org.apache.cassandra.net.OutboundTcpConnection (run:90)

FMLogic run : chkpnt 1
FMLogic tTF : chkpt 1
FMLogic tThisF : chkpt 3
Receive sendContext: [5620091]

  [targetIO][NetIO-Node0:127.0.0.1:36221] at *Node2* :: [Undecided] message 

  call(int java.io.DataInputStream.readInt())
   ** PL:AFTER / EX:IO / BOOL:NO / IO:READ **
    SourceLoc: org/apache/cassandra/net/IncomingTcpConnection.java(60)

      [0] org.apache.cassandra.net.IncomingTcpConnection (run:60)

FMLogic run : chkpnt 1
FMLogic tTF : chkpt 1
FMLogic tThisF : chkpt 3
Receive sendContext: [11340150]

  [targetIO][NetIO-Node0:127.0.0.12:7000] at *Node0* :: [Undecided] message 

  call(void java.io.DataOutputStream.flush())
   ** PL:BEFORE / EX:IO / BOOL:NO / IO:WRITE **
    SourceLoc: org/apache/cassandra/net/OutboundTcpConnection.java(104)

      [0] org.apache.cassandra.net.OutboundTcpConnection (writeConnected:104)
      [1] org.apache.cassandra.net.OutboundTcpConnection (run:90)

FMLogic run : chkpnt 1
FMLogic tTF : chkpt 1
FMLogic tThisF : chkpt 3
FMLogic tThisF : chkpt 3
Receive sendContext: [47651315]

  [targetIO][NetIO-Node0:127.0.0.12:7000] at *Node0* :: [Undecided] message 

  call(void java.io.DataOutputStream.flush())
   ** PL:AFTER / EX:IO / BOOL:NO / IO:WRITE **
    SourceLoc: org/apache/cassandra/net/OutboundTcpConnection.java(104)

      [0] org.apache.cassandra.net.OutboundTcpConnection (writeConnected:104)
      [1] org.apache.cassandra.net.OutboundTcpConnection (run:90)

FMLogic run : chkpnt 1
FMLogic tTF : chkpt 1
FMLogic tThisF : chkpt 3
Receive sendContext: [47219634]

  [targetIO][NetIO-Node0:127.0.0.11:7000] at *Node0* :: [Undecided] message 

  call(void java.io.DataOutputStream.write(byte[], int, int))
   ** PL:AFTER / EX:IO / BOOL:NO / IO:WRITE **
    SourceLoc: org/apache/cassandra/net/OutboundTcpConnection.java(101)

      [0] org.apache.cassandra.net.OutboundTcpConnection (writeConnected:101)
      [1] org.apache.cassandra.net.OutboundTcpConnection (run:90)

FMLogic run : chkpnt 1
FMLogic tTF : chkpt 1
FMLogic tThisF : chkpt 3
Receive sendContext: [85449224]

  [targetIO][NetIO-Node0:127.0.0.1:60936] at *Node3* :: [Undecided] message 

  call(int java.io.DataInputStream.readInt())
   ** PL:BEFORE / EX:IO / BOOL:NO / IO:READ **
    SourceLoc: org/apache/cassandra/net/IncomingTcpConnection.java(60)

      [0] org.apache.cassandra.net.IncomingTcpConnection (run:60)

FMLogic run : chkpnt 1
FMLogic tTF : chkpt 1
FMLogic tThisF : chkpt 3
FMLogic tThisF : chkpt 3
Receive sendContext: [8975110]

  [targetIO][NetIO-Node0:127.0.0.1:60936] at *Node3* :: [Undecided] message 

  call(int java.io.DataInputStream.readInt())
   ** PL:AFTER / EX:IO / BOOL:NO / IO:READ **
    SourceLoc: org/apache/cassandra/net/IncomingTcpConnection.java(60)

      [0] org.apache.cassandra.net.IncomingTcpConnection (run:60)

FMLogic run : chkpnt 1
FMLogic tTF : chkpt 1
FMLogic tThisF : chkpt 3
Receive sendContext: [59337158]

  [targetIO][NetIO-Node0:127.0.0.11:7000] at *Node0* :: [Undecided] message 

  call(void java.io.DataOutputStream.flush())
   ** PL:BEFORE / EX:IO / BOOL:NO / IO:WRITE **
    SourceLoc: org/apache/cassandra/net/OutboundTcpConnection.java(104)

      [0] org.apache.cassandra.net.OutboundTcpConnection (writeConnected:104)
      [1] org.apache.cassandra.net.OutboundTcpConnection (run:90)

FMLogic run : chkpnt 1
FMLogic tTF : chkpt 1
FMLogic tThisF : chkpt 3
FMLogic tThisF : chkpt 3
Receive sendContext: [57788397]

  [targetIO][NetIO-Node0:127.0.0.1:36221] at *Node2* :: [Undecided] message 

  call(int java.io.DataInputStream.readInt())
   ** PL:BEFORE / EX:IO / BOOL:NO / IO:READ **
    SourceLoc: org/apache/cassandra/net/IncomingTcpConnection.java(71)

      [0] org.apache.cassandra.net.IncomingTcpConnection (run:71)

FMLogic run : chkpnt 1
FMLogic tTF : chkpt 1
FMLogic tThisF : chkpt 3
FMLogic tThisF : chkpt 3
Receive sendContext: [15660241]

  [targetIO][NetIO-Node0:127.0.0.13:7000] at *Node0* :: [Undecided] message 

  call(void java.io.DataOutputStream.flush())
   ** PL:BEFORE / EX:IO / BOOL:NO / IO:WRITE **
    SourceLoc: org/apache/cassandra/net/OutboundTcpConnection.java(104)

      [0] org.apache.cassandra.net.OutboundTcpConnection (writeConnected:104)
      [1] org.apache.cassandra.net.OutboundTcpConnection (run:90)

FMLogic run : chkpnt 1
FMLogic tTF : chkpt 1
FMLogic tThisF : chkpt 3
FMLogic tThisF : chkpt 3
Receive sendContext: [91319770]

  [targetIO][NetIO-Node0:127.0.0.1:60936] at *Node3* :: [Undecided] message 

  call(int java.io.DataInputStream.readInt())
   ** PL:BEFORE / EX:IO / BOOL:NO / IO:READ **
    SourceLoc: org/apache/cassandra/net/IncomingTcpConnection.java(71)

      [0] org.apache.cassandra.net.IncomingTcpConnection (run:71)

FMLogic run : chkpnt 1
FMLogic tTF : chkpt 1
FMLogic tThisF : chkpt 3
FMLogic tThisF : chkpt 3
Receive sendContext: [44020626]

  [targetIO][NetIO-Node0:127.0.0.13:7000] at *Node0* :: [Undecided] message 

  call(void java.io.DataOutputStream.flush())
   ** PL:AFTER / EX:IO / BOOL:NO / IO:WRITE **
    SourceLoc: org/apache/cassandra/net/OutboundTcpConnection.java(104)

      [0] org.apache.cassandra.net.OutboundTcpConnection (writeConnected:104)
      [1] org.apache.cassandra.net.OutboundTcpConnection (run:90)

FMLogic run : chkpnt 1
FMLogic tTF : chkpt 1
FMLogic tThisF : chkpt 3
Receive sendContext: [40465242]

  [targetIO][NetIO-Node0:127.0.0.1:36221] at *Node2* :: [Undecided] message 

  call(int java.io.DataInputStream.readInt())
   ** PL:AFTER / EX:IO / BOOL:NO / IO:READ **
    SourceLoc: org/apache/cassandra/net/IncomingTcpConnection.java(71)

      [0] org.apache.cassandra.net.IncomingTcpConnection (run:71)

FMLogic run : chkpnt 1
FMLogic tTF : chkpt 1
FMLogic tThisF : chkpt 3
Receive sendContext: [84346324]

  [targetIO][NetIO-Node0:127.0.0.11:7000] at *Node0* :: [Undecided] message 

  call(void java.io.DataOutputStream.flush())
   ** PL:AFTER / EX:IO / BOOL:NO / IO:WRITE **
    SourceLoc: org/apache/cassandra/net/OutboundTcpConnection.java(104)

      [0] org.apache.cassandra.net.OutboundTcpConnection (writeConnected:104)
      [1] org.apache.cassandra.net.OutboundTcpConnection (run:90)

FMLogic run : chkpnt 1
FMLogic tTF : chkpt 1
FMLogic tThisF : chkpt 3
Receive sendContext: [90242000]

  [targetIO][NetIO-Node0:127.0.0.1:36221] at *Node2* :: [Undecided] message 

  call(void java.io.DataInputStream.readFully(byte[]))
   ** PL:BEFORE / EX:IO / BOOL:NO / IO:READ **
    SourceLoc: org/apache/cassandra/net/IncomingTcpConnection.java(73)

      [0] org.apache.cassandra.net.IncomingTcpConnection (run:73)

FMLogic run : chkpnt 1
FMLogic tTF : chkpt 1
FMLogic tThisF : chkpt 3
FMLogic tThisF : chkpt 3
Receive sendContext: [36546846]

  [targetIO][NetIO-Node0:127.0.0.1:60936] at *Node3* :: [Undecided] message 

  call(int java.io.DataInputStream.readInt())
   ** PL:AFTER / EX:IO / BOOL:NO / IO:READ **
    SourceLoc: org/apache/cassandra/net/IncomingTcpConnection.java(71)

      [0] org.apache.cassandra.net.IncomingTcpConnection (run:71)

FMLogic run : chkpnt 1
FMLogic tTF : chkpt 1
FMLogic tThisF : chkpt 3
Receive sendContext: [9161736]

  [targetIO][NetIO-Node0:127.0.0.1:60936] at *Node3* :: [Undecided] message 

  call(void java.io.DataInputStream.readFully(byte[]))
   ** PL:BEFORE / EX:IO / BOOL:NO / IO:READ **
    SourceLoc: org/apache/cassandra/net/IncomingTcpConnection.java(73)

      [0] org.apache.cassandra.net.IncomingTcpConnection (run:73)

FMLogic run : chkpnt 1
FMLogic tTF : chkpt 1
FMLogic tThisF : chkpt 3
FMLogic tThisF : chkpt 3
Receive sendContext: [41384911]

  [targetIO][NetIO-Node0:127.0.0.1:36221] at *Node2* :: [Undecided] message 

  call(void java.io.DataInputStream.readFully(byte[]))
   ** PL:AFTER / EX:IO / BOOL:NO / IO:READ **
    SourceLoc: org/apache/cassandra/net/IncomingTcpConnection.java(73)

      [0] org.apache.cassandra.net.IncomingTcpConnection (run:73)

FMLogic run : chkpnt 1
FMLogic tTF : chkpt 1
FMLogic tThisF : chkpt 3
Receive sendContext: [18247238]

  [targetIO][NetIO-Node0:127.0.0.1:36221] at *Node2* :: [Undecided] message 

  call(int java.io.DataInputStream.readInt())
   ** PL:BEFORE / EX:IO / BOOL:NO / IO:READ **
    SourceLoc: org/apache/cassandra/net/IncomingTcpConnection.java(59)

      [0] org.apache.cassandra.net.IncomingTcpConnection (run:59)

FMLogic run : chkpnt 1
FMLogic tTF : chkpt 1
FMLogic tThisF : chkpt 3
FMLogic tThisF : chkpt 3
Receive sendContext: [53883823]

  [targetIO][NetIO-Node0:127.0.0.1:60936] at *Node3* :: [Undecided] message 

  call(void java.io.DataInputStream.readFully(byte[]))
   ** PL:AFTER / EX:IO / BOOL:NO / IO:READ **
    SourceLoc: org/apache/cassandra/net/IncomingTcpConnection.java(73)

      [0] org.apache.cassandra.net.IncomingTcpConnection (run:73)

FMLogic run : chkpnt 1
FMLogic tTF : chkpt 1
FMLogic tThisF : chkpt 3
Receive sendContext: [91120401]

  [targetIO][NetIO-Node0:127.0.0.12] at *Node2* :: [Digest] message 

  call(void org.apache.cassandra.net.MessagingService.sendOneWay(Message, InetAddress))
   ** PL:AFTER / EX:IO / BOOL:NO / IO:READ **
    SourceLoc: org/apache/cassandra/db/ReadVerbHandler.java(102)

      [0] org.apache.cassandra.db.ReadVerbHandler (doVerb:102)
      [1] org.apache.cassandra.net.MessageDeliveryTask (run:49)

FMLogic run : chkpnt 1
FMLogic tTF : chkpt 1
FMLogic tThisF : chkpt 3
FMLogic tThisF : chkpt 1
FMLogic tThisF : chkpt 2
corrupt :: rfl1 :: show me FailType => CORRUPTION
corrupt :: rfl2 :: checkpoint
corrupt :: sf1 checkpoint
corrupt :: rfl3 :: checkpoint

## ############################################
## MESSAGE: Server: I'm failing this (see above) [ft:CORRUPTION]
## ############################################

Receive sendContext: [40649969]

  [targetIO][NetIO-Node0:127.0.0.13] at *Node3* :: [Digest] message 

  call(void org.apache.cassandra.net.MessagingService.sendOneWay(Message, InetAddress))
   ** PL:AFTER / EX:IO / BOOL:NO / IO:READ **
    SourceLoc: org/apache/cassandra/db/ReadVerbHandler.java(102)

      [0] org.apache.cassandra.db.ReadVerbHandler (doVerb:102)
      [1] org.apache.cassandra.net.MessageDeliveryTask (run:49)

FMLogic run : chkpnt 1
FMLogic tTF : chkpt 1
FMLogic tThisF : chkpt 3
FMLogic tThisF : chkpt 3
Receive sendContext: [25847077]

  [targetIO][NetIO-Node0:127.0.0.1:60936] at *Node3* :: [Undecided] message 

  call(int java.io.DataInputStream.readInt())
   ** PL:BEFORE / EX:IO / BOOL:NO / IO:READ **
    SourceLoc: org/apache/cassandra/net/IncomingTcpConnection.java(59)

      [0] org.apache.cassandra.net.IncomingTcpConnection (run:59)

FMLogic run : chkpnt 1
FMLogic tTF : chkpt 1
|| ctx ||   [targetIO][NetIO-Node0:127.0.0.1:60936] at *Node3* :: [Undecided] message 

FMLogic tThisF : chkpt 1
FMLogic tThisF : chkpt 2
corrupt :: rfl1 :: show me FailType => CRASH
corrupt :: rfl2 :: checkpoint
corrupt :: sf4 checkpoint
corrupt :: rfl3 :: checkpoint

## ############################################
## MESSAGE: Server: I'm failing this (see above) [ft:CRASH]
## ############################################

Receive sendContext: [86879165]

  [targetIO][NetIO-Node2:127.0.0.1:7000] at *Node2* :: [Undecided] message 

  call(void java.io.DataOutputStream.write(byte[], int, int))
   ** PL:BEFORE / EX:IO / BOOL:NO / IO:WRITE **
    SourceLoc: org/apache/cassandra/net/OutboundTcpConnection.java(101)

      [0] org.apache.cassandra.net.OutboundTcpConnection (writeConnected:101)
      [1] org.apache.cassandra.net.OutboundTcpConnection (run:90)

FMLogic run : chkpnt 1
FMLogic tTF : chkpt 1
FMLogic tThisF : chkpt 3
FMLogic tThisF : chkpt 3
Receive sendContext: [16260881]

  [targetIO][NetIO-Node2:127.0.0.1:7000] at *Node2* :: [Undecided] message 

  call(void java.io.DataOutputStream.write(byte[], int, int))
   ** PL:AFTER / EX:IO / BOOL:NO / IO:WRITE **
    SourceLoc: org/apache/cassandra/net/OutboundTcpConnection.java(101)

      [0] org.apache.cassandra.net.OutboundTcpConnection (writeConnected:101)
      [1] org.apache.cassandra.net.OutboundTcpConnection (run:90)

FMLogic run : chkpnt 1
FMLogic tTF : chkpt 1
FMLogic tThisF : chkpt 3
Receive sendContext: [77133124]

  [targetIO][NetIO-Node2:127.0.0.12:43041] at *Node0* :: [Undecided] message 

  call(int java.io.DataInputStream.readInt())
   ** PL:AFTER / EX:IO / BOOL:NO / IO:READ **
    SourceLoc: org/apache/cassandra/net/IncomingTcpConnection.java(59)

      [0] org.apache.cassandra.net.IncomingTcpConnection (run:59)

FMLogic run : chkpnt 1
FMLogic tTF : chkpt 1
FMLogic tThisF : chkpt 3
Receive sendContext: [64623701]

  [targetIO][NetIO-Node2:127.0.0.12:43041] at *Node0* :: [Undecided] message 

  call(int java.io.DataInputStream.readInt())
   ** PL:BEFORE / EX:IO / BOOL:NO / IO:READ **
    SourceLoc: org/apache/cassandra/net/IncomingTcpConnection.java(60)

      [0] org.apache.cassandra.net.IncomingTcpConnection (run:60)

FMLogic run : chkpnt 1
FMLogic tTF : chkpt 1
FMLogic tThisF : chkpt 3
FMLogic tThisF : chkpt 3
Receive sendContext: [89751194]

  [targetIO][NetIO-Node2:127.0.0.1:7000] at *Node2* :: [Undecided] message 

  call(void java.io.DataOutputStream.flush())
   ** PL:BEFORE / EX:IO / BOOL:NO / IO:WRITE **
    SourceLoc: org/apache/cassandra/net/OutboundTcpConnection.java(104)

      [0] org.apache.cassandra.net.OutboundTcpConnection (writeConnected:104)
      [1] org.apache.cassandra.net.OutboundTcpConnection (run:90)

FMLogic run : chkpnt 1
FMLogic tTF : chkpt 1
FMLogic tThisF : chkpt 3
FMLogic tThisF : chkpt 3
Receive sendContext: [56165494]

  [targetIO][NetIO-Node2:127.0.0.12:43041] at *Node0* :: [Undecided] message 

  call(int java.io.DataInputStream.readInt())
   ** PL:AFTER / EX:IO / BOOL:NO / IO:READ **
    SourceLoc: org/apache/cassandra/net/IncomingTcpConnection.java(60)

      [0] org.apache.cassandra.net.IncomingTcpConnection (run:60)

FMLogic run : chkpnt 1
FMLogic tTF : chkpt 1
FMLogic tThisF : chkpt 3
Receive sendContext: [21302891]

  [targetIO][NetIO-Node2:127.0.0.1:7000] at *Node2* :: [Undecided] message 

  call(void java.io.DataOutputStream.flush())
   ** PL:AFTER / EX:IO / BOOL:NO / IO:WRITE **
    SourceLoc: org/apache/cassandra/net/OutboundTcpConnection.java(104)

      [0] org.apache.cassandra.net.OutboundTcpConnection (writeConnected:104)
      [1] org.apache.cassandra.net.OutboundTcpConnection (run:90)

FMLogic run : chkpnt 1
FMLogic tTF : chkpt 1
FMLogic tThisF : chkpt 3
Receive sendContext: [38527944]

  [targetIO][NetIO-Node2:127.0.0.12:43041] at *Node0* :: [Undecided] message 

  call(int java.io.DataInputStream.readInt())
   ** PL:BEFORE / EX:IO / BOOL:NO / IO:READ **
    SourceLoc: org/apache/cassandra/net/IncomingTcpConnection.java(71)

      [0] org.apache.cassandra.net.IncomingTcpConnection (run:71)

FMLogic run : chkpnt 1
FMLogic tTF : chkpt 1
FMLogic tThisF : chkpt 3
FMLogic tThisF : chkpt 3
Receive sendContext: [96722149]

  [targetIO][NetIO-Node2:127.0.0.12:43041] at *Node0* :: [Undecided] message 

  call(int java.io.DataInputStream.readInt())
   ** PL:AFTER / EX:IO / BOOL:NO / IO:READ **
    SourceLoc: org/apache/cassandra/net/IncomingTcpConnection.java(71)

      [0] org.apache.cassandra.net.IncomingTcpConnection (run:71)

FMLogic run : chkpnt 1
FMLogic tTF : chkpt 1
FMLogic tThisF : chkpt 3
Receive sendContext: [853328]

  [targetIO][NetIO-Node2:127.0.0.12:43041] at *Node0* :: [Undecided] message 

  call(void java.io.DataInputStream.readFully(byte[]))
   ** PL:BEFORE / EX:IO / BOOL:NO / IO:READ **
    SourceLoc: org/apache/cassandra/net/IncomingTcpConnection.java(73)

      [0] org.apache.cassandra.net.IncomingTcpConnection (run:73)

FMLogic run : chkpnt 1
FMLogic tTF : chkpt 1
FMLogic tThisF : chkpt 3
FMLogic tThisF : chkpt 3
Receive sendContext: [54726525]

  [targetIO][NetIO-Node2:127.0.0.12:43041] at *Node0* :: [Undecided] message 

  call(void java.io.DataInputStream.readFully(byte[]))
   ** PL:AFTER / EX:IO / BOOL:NO / IO:READ **
    SourceLoc: org/apache/cassandra/net/IncomingTcpConnection.java(73)

      [0] org.apache.cassandra.net.IncomingTcpConnection (run:73)

FMLogic run : chkpnt 1
FMLogic tTF : chkpt 1
FMLogic tThisF : chkpt 3
Receive sendContext: [44267768]

  [targetIO][NetIO-Node2:127.0.0.12:43041] at *Node0* :: [Undecided] message 

  call(int java.io.DataInputStream.readInt())
   ** PL:BEFORE / EX:IO / BOOL:NO / IO:READ **
    SourceLoc: org/apache/cassandra/net/IncomingTcpConnection.java(59)

      [0] org.apache.cassandra.net.IncomingTcpConnection (run:59)

FMLogic run : chkpnt 1
FMLogic tTF : chkpt 1
FMLogic tThisF : chkpt 3
FMLogic tThisF : chkpt 3
Receive sendContext: [42189973]

  [targetIO][NetIO-Node0:127.0.0.1:35135] at *Node1* :: [Undecided] message 

  call(int java.io.DataInputStream.readInt())
   ** PL:AFTER / EX:IO / BOOL:NO / IO:READ **
    SourceLoc: org/apache/cassandra/net/IncomingTcpConnection.java(59)

      [0] org.apache.cassandra.net.IncomingTcpConnection (run:59)

FMLogic run : chkpnt 1
FMLogic tTF : chkpt 1
FMLogic tThisF : chkpt 3
Receive sendContext: [70127841]

  [targetIO][NetIO-Node0:127.0.0.1:35135] at *Node1* :: [Undecided] message 

  call(int java.io.DataInputStream.readInt())
   ** PL:BEFORE / EX:IO / BOOL:NO / IO:READ **
    SourceLoc: org/apache/cassandra/net/IncomingTcpConnection.java(60)

      [0] org.apache.cassandra.net.IncomingTcpConnection (run:60)

FMLogic run : chkpnt 1
FMLogic tTF : chkpt 1
FMLogic tThisF : chkpt 3
FMLogic tThisF : chkpt 3
Receive sendContext: [61507697]

  [targetIO][NetIO-Node0:127.0.0.1:35135] at *Node1* :: [Undecided] message 

  call(int java.io.DataInputStream.readInt())
   ** PL:AFTER / EX:IO / BOOL:NO / IO:READ **
    SourceLoc: org/apache/cassandra/net/IncomingTcpConnection.java(60)

      [0] org.apache.cassandra.net.IncomingTcpConnection (run:60)

FMLogic run : chkpnt 1
FMLogic tTF : chkpt 1
FMLogic tThisF : chkpt 3
Receive sendContext: [87158585]

  [targetIO][NetIO-Node0:127.0.0.1:35135] at *Node1* :: [Undecided] message 

  call(int java.io.DataInputStream.readInt())
   ** PL:BEFORE / EX:IO / BOOL:NO / IO:READ **
    SourceLoc: org/apache/cassandra/net/IncomingTcpConnection.java(71)

      [0] org.apache.cassandra.net.IncomingTcpConnection (run:71)

FMLogic run : chkpnt 1
FMLogic tTF : chkpt 1
FMLogic tThisF : chkpt 3
FMLogic tThisF : chkpt 3
Receive sendContext: [78650865]

  [targetIO][NetIO-Node0:127.0.0.1:35135] at *Node1* :: [Undecided] message 

  call(int java.io.DataInputStream.readInt())
   ** PL:AFTER / EX:IO / BOOL:NO / IO:READ **
    SourceLoc: org/apache/cassandra/net/IncomingTcpConnection.java(71)

      [0] org.apache.cassandra.net.IncomingTcpConnection (run:71)

FMLogic run : chkpnt 1
FMLogic tTF : chkpt 1
FMLogic tThisF : chkpt 3
Receive sendContext: [18306477]

  [targetIO][NetIO-Node0:127.0.0.1:35135] at *Node1* :: [Undecided] message 

  call(void java.io.DataInputStream.readFully(byte[]))
   ** PL:BEFORE / EX:IO / BOOL:NO / IO:READ **
    SourceLoc: org/apache/cassandra/net/IncomingTcpConnection.java(73)

      [0] org.apache.cassandra.net.IncomingTcpConnection (run:73)

FMLogic run : chkpnt 1
FMLogic tTF : chkpt 1
FMLogic tThisF : chkpt 3
FMLogic tThisF : chkpt 3
Receive sendContext: [86800148]

  [targetIO][NetIO-Node0:127.0.0.1:35135] at *Node1* :: [Undecided] message 

  call(void java.io.DataInputStream.readFully(byte[]))
   ** PL:AFTER / EX:IO / BOOL:NO / IO:READ **
    SourceLoc: org/apache/cassandra/net/IncomingTcpConnection.java(73)

      [0] org.apache.cassandra.net.IncomingTcpConnection (run:73)

FMLogic run : chkpnt 1
FMLogic tTF : chkpt 1
FMLogic tThisF : chkpt 3
Receive sendContext: [42049285]

  [targetIO][NetIO-Node0:127.0.0.1:35135] at *Node1* :: [Undecided] message 

  call(int java.io.DataInputStream.readInt())
   ** PL:BEFORE / EX:IO / BOOL:NO / IO:READ **
    SourceLoc: org/apache/cassandra/net/IncomingTcpConnection.java(59)

      [0] org.apache.cassandra.net.IncomingTcpConnection (run:59)

FMLogic run : chkpnt 1
FMLogic tTF : chkpt 1
FMLogic tThisF : chkpt 3
FMLogic tThisF : chkpt 3
Receive sendContext: [73823805]

  [targetIO][NetIO-Node1:127.0.0.11] at *Node1* :: [Undecided] message 

  call(void org.apache.cassandra.net.MessagingService.sendOneWay(Message, InetAddress))
   ** PL:AFTER / EX:IO / BOOL:NO / IO:READ **
    SourceLoc: org/apache/cassandra/db/ReadVerbHandler.java(102)

      [0] org.apache.cassandra.db.ReadVerbHandler (doVerb:102)
      [1] org.apache.cassandra.net.MessageDeliveryTask (run:49)

FMLogic run : chkpnt 1
FMLogic tTF : chkpt 1
FMLogic tThisF : chkpt 3
Receive sendContext: [37152675]

  [targetIO][NetIO-Node1:127.0.0.1:7000] at *Node1* :: [Undecided] message 

  call(void java.io.DataOutputStream.write(byte[], int, int))
   ** PL:BEFORE / EX:IO / BOOL:NO / IO:WRITE **
    SourceLoc: org/apache/cassandra/net/OutboundTcpConnection.java(101)

      [0] org.apache.cassandra.net.OutboundTcpConnection (writeConnected:101)
      [1] org.apache.cassandra.net.OutboundTcpConnection (run:90)

FMLogic run : chkpnt 1
FMLogic tTF : chkpt 1
FMLogic tThisF : chkpt 3
FMLogic tThisF : chkpt 3
Receive sendContext: [6357689]

  [targetIO][NetIO-Node1:127.0.0.11:40346] at *Node0* :: [Undecided] message 

  call(int java.io.DataInputStream.readInt())
   ** PL:AFTER / EX:IO / BOOL:NO / IO:READ **
    SourceLoc: org/apache/cassandra/net/IncomingTcpConnection.java(59)

      [0] org.apache.cassandra.net.IncomingTcpConnection (run:59)

FMLogic run : chkpnt 1
FMLogic tTF : chkpt 1
FMLogic tThisF : chkpt 3
Receive sendContext: [14264192]

  [targetIO][NetIO-Node1:127.0.0.1:7000] at *Node1* :: [Undecided] message 

  call(void java.io.DataOutputStream.write(byte[], int, int))
   ** PL:AFTER / EX:IO / BOOL:NO / IO:WRITE **
    SourceLoc: org/apache/cassandra/net/OutboundTcpConnection.java(101)

      [0] org.apache.cassandra.net.OutboundTcpConnection (writeConnected:101)
      [1] org.apache.cassandra.net.OutboundTcpConnection (run:90)

FMLogic run : chkpnt 1
FMLogic tTF : chkpt 1
FMLogic tThisF : chkpt 3
Receive sendContext: [397288]

  [targetIO][NetIO-Node1:127.0.0.11:40346] at *Node0* :: [Undecided] message 

  call(int java.io.DataInputStream.readInt())
   ** PL:BEFORE / EX:IO / BOOL:NO / IO:READ **
    SourceLoc: org/apache/cassandra/net/IncomingTcpConnection.java(60)

      [0] org.apache.cassandra.net.IncomingTcpConnection (run:60)

FMLogic run : chkpnt 1
FMLogic tTF : chkpt 1
FMLogic tThisF : chkpt 3
FMLogic tThisF : chkpt 3
Receive sendContext: [49652260]

  [targetIO][NetIO-Node1:127.0.0.1:7000] at *Node1* :: [Undecided] message 

  call(void java.io.DataOutputStream.flush())
   ** PL:BEFORE / EX:IO / BOOL:NO / IO:WRITE **
    SourceLoc: org/apache/cassandra/net/OutboundTcpConnection.java(104)

      [0] org.apache.cassandra.net.OutboundTcpConnection (writeConnected:104)
      [1] org.apache.cassandra.net.OutboundTcpConnection (run:90)

FMLogic run : chkpnt 1
FMLogic tTF : chkpt 1
FMLogic tThisF : chkpt 3
FMLogic tThisF : chkpt 3
Receive sendContext: [23898322]

  [targetIO][NetIO-Node1:127.0.0.11:40346] at *Node0* :: [Undecided] message 

  call(int java.io.DataInputStream.readInt())
   ** PL:AFTER / EX:IO / BOOL:NO / IO:READ **
    SourceLoc: org/apache/cassandra/net/IncomingTcpConnection.java(60)

      [0] org.apache.cassandra.net.IncomingTcpConnection (run:60)

FMLogic run : chkpnt 1
FMLogic tTF : chkpt 1
FMLogic tThisF : chkpt 3
Receive sendContext: [18651707]

  [targetIO][NetIO-Node1:127.0.0.11:40346] at *Node0* :: [Undecided] message 

  call(int java.io.DataInputStream.readInt())
   ** PL:BEFORE / EX:IO / BOOL:NO / IO:READ **
    SourceLoc: org/apache/cassandra/net/IncomingTcpConnection.java(71)

      [0] org.apache.cassandra.net.IncomingTcpConnection (run:71)

FMLogic run : chkpnt 1
FMLogic tTF : chkpt 1
FMLogic tThisF : chkpt 3
FMLogic tThisF : chkpt 3
Receive sendContext: [8603136]

  [targetIO][NetIO-Node1:127.0.0.1:7000] at *Node1* :: [Undecided] message 

  call(void java.io.DataOutputStream.flush())
   ** PL:AFTER / EX:IO / BOOL:NO / IO:WRITE **
    SourceLoc: org/apache/cassandra/net/OutboundTcpConnection.java(104)

      [0] org.apache.cassandra.net.OutboundTcpConnection (writeConnected:104)
      [1] org.apache.cassandra.net.OutboundTcpConnection (run:90)

FMLogic run : chkpnt 1
FMLogic tTF : chkpt 1
FMLogic tThisF : chkpt 3
Receive sendContext: [42781194]

  [targetIO][NetIO-Node1:127.0.0.11:40346] at *Node0* :: [Undecided] message 

  call(int java.io.DataInputStream.readInt())
   ** PL:AFTER / EX:IO / BOOL:NO / IO:READ **
    SourceLoc: org/apache/cassandra/net/IncomingTcpConnection.java(71)

      [0] org.apache.cassandra.net.IncomingTcpConnection (run:71)

FMLogic run : chkpnt 1
FMLogic tTF : chkpt 1
FMLogic tThisF : chkpt 3
Receive sendContext: [20652252]

  [targetIO][NetIO-Node1:127.0.0.11:40346] at *Node0* :: [Undecided] message 

  call(void java.io.DataInputStream.readFully(byte[]))
   ** PL:BEFORE / EX:IO / BOOL:NO / IO:READ **
    SourceLoc: org/apache/cassandra/net/IncomingTcpConnection.java(73)

      [0] org.apache.cassandra.net.IncomingTcpConnection (run:73)

FMLogic run : chkpnt 1
FMLogic tTF : chkpt 1
FMLogic tThisF : chkpt 3
FMLogic tThisF : chkpt 3
Receive sendContext: [546864]

  [targetIO][NetIO-Node1:127.0.0.11:40346] at *Node0* :: [Undecided] message 

  call(void java.io.DataInputStream.readFully(byte[]))
   ** PL:AFTER / EX:IO / BOOL:NO / IO:READ **
    SourceLoc: org/apache/cassandra/net/IncomingTcpConnection.java(73)

      [0] org.apache.cassandra.net.IncomingTcpConnection (run:73)

FMLogic run : chkpnt 1
FMLogic tTF : chkpt 1
FMLogic tThisF : chkpt 3
Receive sendContext: [31471851]

  [targetIO][NetIO-Node1:127.0.0.11:40346] at *Node0* :: [Undecided] message 

  call(int java.io.DataInputStream.readInt())
   ** PL:BEFORE / EX:IO / BOOL:NO / IO:READ **
    SourceLoc: org/apache/cassandra/net/IncomingTcpConnection.java(59)

      [0] org.apache.cassandra.net.IncomingTcpConnection (run:59)

FMLogic run : chkpnt 1
FMLogic tTF : chkpt 1
FMLogic tThisF : chkpt 3
FMLogic tThisF : chkpt 3
Receive sendContext: [12091623]

  [targetIO][NetIO-Node0:127.0.0.11:7000] at *Node0* :: [Undecided] message 

  call(void java.io.DataOutputStream.write(byte[], int, int))
   ** PL:BEFORE / EX:IO / BOOL:NO / IO:WRITE **
    SourceLoc: org/apache/cassandra/net/OutboundTcpConnection.java(101)

      [0] org.apache.cassandra.net.OutboundTcpConnection (writeConnected:101)
      [1] org.apache.cassandra.net.OutboundTcpConnection (run:90)

FMLogic run : chkpnt 1
FMLogic tTF : chkpt 1
FMLogic tThisF : chkpt 3
FMLogic tThisF : chkpt 3
Receive sendContext: [14004158]

  [targetIO][NetIO-Node0:127.0.0.1:35135] at *Node1* :: [Undecided] message 

  call(int java.io.DataInputStream.readInt())
   ** PL:AFTER / EX:IO / BOOL:NO / IO:READ **
    SourceLoc: org/apache/cassandra/net/IncomingTcpConnection.java(59)

      [0] org.apache.cassandra.net.IncomingTcpConnection (run:59)

FMLogic run : chkpnt 1
FMLogic tTF : chkpt 1
FMLogic tThisF : chkpt 3
Receive sendContext: [50990323]

  [targetIO][NetIO-Node0:127.0.0.13:7000] at *Node0* :: [Undecided] message 

  call(void java.io.DataOutputStream.write(byte[], int, int))
   ** PL:BEFORE / EX:IO / BOOL:NO / IO:WRITE **
    SourceLoc: org/apache/cassandra/net/OutboundTcpConnection.java(101)

      [0] org.apache.cassandra.net.OutboundTcpConnection (writeConnected:101)
      [1] org.apache.cassandra.net.OutboundTcpConnection (run:90)

FMLogic run : chkpnt 1
FMLogic tTF : chkpt 1
FMLogic tThisF : chkpt 3
FMLogic tThisF : chkpt 3
Receive sendContext: [64138521]

  [targetIO][NetIO-Node0:127.0.0.1:35135] at *Node1* :: [Undecided] message 

  call(int java.io.DataInputStream.readInt())
   ** PL:BEFORE / EX:IO / BOOL:NO / IO:READ **
    SourceLoc: org/apache/cassandra/net/IncomingTcpConnection.java(60)

      [0] org.apache.cassandra.net.IncomingTcpConnection (run:60)

FMLogic run : chkpnt 1
FMLogic tTF : chkpt 1
FMLogic tThisF : chkpt 3
FMLogic tThisF : chkpt 3
Receive sendContext: [31437510]

  [targetIO][NetIO-Node0:127.0.0.12:7000] at *Node0* :: [Undecided] message 

  call(void java.io.DataOutputStream.write(byte[], int, int))
   ** PL:BEFORE / EX:IO / BOOL:NO / IO:WRITE **
    SourceLoc: org/apache/cassandra/net/OutboundTcpConnection.java(101)

      [0] org.apache.cassandra.net.OutboundTcpConnection (writeConnected:101)
      [1] org.apache.cassandra.net.OutboundTcpConnection (run:90)

FMLogic run : chkpnt 1
FMLogic tTF : chkpt 1
FMLogic tThisF : chkpt 3
FMLogic tThisF : chkpt 3
Receive sendContext: [71897079]

  [targetIO][NetIO-Node0:127.0.0.13:7000] at *Node0* :: [Undecided] message 

  call(void java.io.DataOutputStream.write(byte[], int, int))
   ** PL:AFTER / EX:IO / BOOL:NO / IO:WRITE **
    SourceLoc: org/apache/cassandra/net/OutboundTcpConnection.java(101)

      [0] org.apache.cassandra.net.OutboundTcpConnection (writeConnected:101)
      [1] org.apache.cassandra.net.OutboundTcpConnection (run:90)

FMLogic run : chkpnt 1
FMLogic tTF : chkpt 1
FMLogic tThisF : chkpt 3
Receive sendContext: [9616448]

  [targetIO][NetIO-Node0:127.0.0.1:55790] at *Node2* :: [Undecided] message 

  call(int java.io.DataInputStream.readInt())
   ** PL:AFTER / EX:IO / BOOL:NO / IO:READ **
    SourceLoc: org/apache/cassandra/net/IncomingTcpConnection.java(59)

      [0] org.apache.cassandra.net.IncomingTcpConnection (run:59)

FMLogic run : chkpnt 1
FMLogic tTF : chkpt 1
FMLogic tThisF : chkpt 3
Receive sendContext: [50163958]

  [targetIO][NetIO-Node0:127.0.0.1:35135] at *Node1* :: [Undecided] message 

  call(int java.io.DataInputStream.readInt())
   ** PL:AFTER / EX:IO / BOOL:NO / IO:READ **
    SourceLoc: org/apache/cassandra/net/IncomingTcpConnection.java(60)

      [0] org.apache.cassandra.net.IncomingTcpConnection (run:60)

FMLogic run : chkpnt 1
FMLogic tTF : chkpt 1
FMLogic tThisF : chkpt 3
Receive sendContext: [60035127]

  [targetIO][NetIO-Node0:127.0.0.1:55790] at *Node2* :: [Undecided] message 

  call(int java.io.DataInputStream.readInt())
   ** PL:BEFORE / EX:IO / BOOL:NO / IO:READ **
    SourceLoc: org/apache/cassandra/net/IncomingTcpConnection.java(60)

      [0] org.apache.cassandra.net.IncomingTcpConnection (run:60)

FMLogic run : chkpnt 1
FMLogic tTF : chkpt 1
FMLogic tThisF : chkpt 3
FMLogic tThisF : chkpt 3
Receive sendContext: [91266851]

  [targetIO][NetIO-Node0:127.0.0.13:7000] at *Node0* :: [Undecided] message 

  call(void java.io.DataOutputStream.flush())
   ** PL:BEFORE / EX:IO / BOOL:NO / IO:WRITE **
    SourceLoc: org/apache/cassandra/net/OutboundTcpConnection.java(104)

      [0] org.apache.cassandra.net.OutboundTcpConnection (writeConnected:104)
      [1] org.apache.cassandra.net.OutboundTcpConnection (run:90)

FMLogic run : chkpnt 1
FMLogic tTF : chkpt 1
FMLogic tThisF : chkpt 3
FMLogic tThisF : chkpt 3
Receive sendContext: [51698094]

  [targetIO][NetIO-Node0:127.0.0.1:35135] at *Node1* :: [Undecided] message 

  call(int java.io.DataInputStream.readInt())
   ** PL:BEFORE / EX:IO / BOOL:NO / IO:READ **
    SourceLoc: org/apache/cassandra/net/IncomingTcpConnection.java(71)

      [0] org.apache.cassandra.net.IncomingTcpConnection (run:71)

FMLogic run : chkpnt 1
FMLogic tTF : chkpt 1
FMLogic tThisF : chkpt 3
FMLogic tThisF : chkpt 3
Receive sendContext: [60403023]

  [targetIO][NetIO-Node0:127.0.0.1:55790] at *Node2* :: [Undecided] message 

  call(int java.io.DataInputStream.readInt())
   ** PL:AFTER / EX:IO / BOOL:NO / IO:READ **
    SourceLoc: org/apache/cassandra/net/IncomingTcpConnection.java(60)

      [0] org.apache.cassandra.net.IncomingTcpConnection (run:60)

FMLogic run : chkpnt 1
FMLogic tTF : chkpt 1
FMLogic tThisF : chkpt 3
Receive sendContext: [19313297]

  [targetIO][NetIO-Node0:127.0.0.11:7000] at *Node0* :: [Undecided] message 

  call(void java.io.DataOutputStream.write(byte[], int, int))
   ** PL:AFTER / EX:IO / BOOL:NO / IO:WRITE **
    SourceLoc: org/apache/cassandra/net/OutboundTcpConnection.java(101)

      [0] org.apache.cassandra.net.OutboundTcpConnection (writeConnected:101)
      [1] org.apache.cassandra.net.OutboundTcpConnection (run:90)

FMLogic run : chkpnt 1
FMLogic tTF : chkpt 1
FMLogic tThisF : chkpt 3
Receive sendContext: [30813270]

  [targetIO][NetIO-Node0:127.0.0.11:7000] at *Node0* :: [Undecided] message 

  call(void java.io.DataOutputStream.flush())
   ** PL:BEFORE / EX:IO / BOOL:NO / IO:WRITE **
    SourceLoc: org/apache/cassandra/net/OutboundTcpConnection.java(104)

      [0] org.apache.cassandra.net.OutboundTcpConnection (writeConnected:104)
      [1] org.apache.cassandra.net.OutboundTcpConnection (run:90)

FMLogic run : chkpnt 1
FMLogic tTF : chkpt 1
FMLogic tThisF : chkpt 3
FMLogic tThisF : chkpt 3
Receive sendContext: [37311538]

  [targetIO][NetIO-Node0:127.0.0.13:7000] at *Node0* :: [Undecided] message 

  call(void java.io.DataOutputStream.flush())
   ** PL:AFTER / EX:IO / BOOL:NO / IO:WRITE **
    SourceLoc: org/apache/cassandra/net/OutboundTcpConnection.java(104)

      [0] org.apache.cassandra.net.OutboundTcpConnection (writeConnected:104)
      [1] org.apache.cassandra.net.OutboundTcpConnection (run:90)

FMLogic run : chkpnt 1
FMLogic tTF : chkpt 1
FMLogic tThisF : chkpt 3
Receive sendContext: [72918103]

  [targetIO][NetIO-Node0:127.0.0.1:35135] at *Node1* :: [Undecided] message 

  call(int java.io.DataInputStream.readInt())
   ** PL:AFTER / EX:IO / BOOL:NO / IO:READ **
    SourceLoc: org/apache/cassandra/net/IncomingTcpConnection.java(71)

      [0] org.apache.cassandra.net.IncomingTcpConnection (run:71)

FMLogic run : chkpnt 1
FMLogic tTF : chkpt 1
FMLogic tThisF : chkpt 3
Receive sendContext: [37218306]

  [targetIO][NetIO-Node0:127.0.0.12:7000] at *Node0* :: [Undecided] message 

  call(void java.io.DataOutputStream.write(byte[], int, int))
   ** PL:AFTER / EX:IO / BOOL:NO / IO:WRITE **
    SourceLoc: org/apache/cassandra/net/OutboundTcpConnection.java(101)

      [0] org.apache.cassandra.net.OutboundTcpConnection (writeConnected:101)
      [1] org.apache.cassandra.net.OutboundTcpConnection (run:90)

FMLogic run : chkpnt 1
FMLogic tTF : chkpt 1
FMLogic tThisF : chkpt 3
Receive sendContext: [23950679]

  [targetIO][NetIO-Node0:127.0.0.1:55790] at *Node2* :: [Undecided] message 

  call(int java.io.DataInputStream.readInt())
   ** PL:BEFORE / EX:IO / BOOL:NO / IO:READ **
    SourceLoc: org/apache/cassandra/net/IncomingTcpConnection.java(71)

      [0] org.apache.cassandra.net.IncomingTcpConnection (run:71)

FMLogic run : chkpnt 1
FMLogic tTF : chkpt 1
FMLogic tThisF : chkpt 3
FMLogic tThisF : chkpt 3
Receive sendContext: [46986402]

  [targetIO][NetIO-Node0:127.0.0.1:35135] at *Node1* :: [Undecided] message 

  call(void java.io.DataInputStream.readFully(byte[]))
   ** PL:BEFORE / EX:IO / BOOL:NO / IO:READ **
    SourceLoc: org/apache/cassandra/net/IncomingTcpConnection.java(73)

      [0] org.apache.cassandra.net.IncomingTcpConnection (run:73)

FMLogic run : chkpnt 1
FMLogic tTF : chkpt 1
FMLogic tThisF : chkpt 3
FMLogic tThisF : chkpt 3
Receive sendContext: [44521295]

  [targetIO][NetIO-Node0:127.0.0.1:55790] at *Node2* :: [Undecided] message 

  call(int java.io.DataInputStream.readInt())
   ** PL:AFTER / EX:IO / BOOL:NO / IO:READ **
    SourceLoc: org/apache/cassandra/net/IncomingTcpConnection.java(71)

      [0] org.apache.cassandra.net.IncomingTcpConnection (run:71)

FMLogic run : chkpnt 1
FMLogic tTF : chkpt 1
FMLogic tThisF : chkpt 3
Receive sendContext: [17055391]

  [targetIO][NetIO-Node0:127.0.0.12:7000] at *Node0* :: [Undecided] message 

  call(void java.io.DataOutputStream.flush())
   ** PL:BEFORE / EX:IO / BOOL:NO / IO:WRITE **
    SourceLoc: org/apache/cassandra/net/OutboundTcpConnection.java(104)

      [0] org.apache.cassandra.net.OutboundTcpConnection (writeConnected:104)
      [1] org.apache.cassandra.net.OutboundTcpConnection (run:90)

FMLogic run : chkpnt 1
FMLogic tTF : chkpt 1
FMLogic tThisF : chkpt 3
FMLogic tThisF : chkpt 3
Receive sendContext: [44715509]

  [targetIO][NetIO-Node0:127.0.0.1:55790] at *Node2* :: [Undecided] message 

  call(void java.io.DataInputStream.readFully(byte[]))
   ** PL:BEFORE / EX:IO / BOOL:NO / IO:READ **
    SourceLoc: org/apache/cassandra/net/IncomingTcpConnection.java(73)

      [0] org.apache.cassandra.net.IncomingTcpConnection (run:73)

FMLogic run : chkpnt 1
FMLogic tTF : chkpt 1
FMLogic tThisF : chkpt 3
FMLogic tThisF : chkpt 3
Receive sendContext: [28477572]

  [targetIO][NetIO-Node0:127.0.0.12:7000] at *Node0* :: [Undecided] message 

  call(void java.io.DataOutputStream.flush())
   ** PL:AFTER / EX:IO / BOOL:NO / IO:WRITE **
    SourceLoc: org/apache/cassandra/net/OutboundTcpConnection.java(104)

      [0] org.apache.cassandra.net.OutboundTcpConnection (writeConnected:104)
      [1] org.apache.cassandra.net.OutboundTcpConnection (run:90)

FMLogic run : chkpnt 1
FMLogic tTF : chkpt 1
FMLogic tThisF : chkpt 3
Receive sendContext: [49420715]

  [targetIO][NetIO-Node0:127.0.0.1:35135] at *Node1* :: [Undecided] message 

  call(void java.io.DataInputStream.readFully(byte[]))
   ** PL:AFTER / EX:IO / BOOL:NO / IO:READ **
    SourceLoc: org/apache/cassandra/net/IncomingTcpConnection.java(73)

      [0] org.apache.cassandra.net.IncomingTcpConnection (run:73)

FMLogic run : chkpnt 1
FMLogic tTF : chkpt 1
FMLogic tThisF : chkpt 3
Receive sendContext: [39373398]

  [targetIO][NetIO-Node0:127.0.0.11:7000] at *Node0* :: [Undecided] message 

  call(void java.io.DataOutputStream.flush())
   ** PL:AFTER / EX:IO / BOOL:NO / IO:WRITE **
    SourceLoc: org/apache/cassandra/net/OutboundTcpConnection.java(104)

      [0] org.apache.cassandra.net.OutboundTcpConnection (writeConnected:104)
      [1] org.apache.cassandra.net.OutboundTcpConnection (run:90)

FMLogic run : chkpnt 1
FMLogic tTF : chkpt 1
FMLogic tThisF : chkpt 3
Receive sendContext: [81032566]

  [targetIO][NetIO-Node0:127.0.0.1:55790] at *Node2* :: [Undecided] message 

  call(void java.io.DataInputStream.readFully(byte[]))
   ** PL:AFTER / EX:IO / BOOL:NO / IO:READ **
    SourceLoc: org/apache/cassandra/net/IncomingTcpConnection.java(73)

      [0] org.apache.cassandra.net.IncomingTcpConnection (run:73)

FMLogic run : chkpnt 1
FMLogic tTF : chkpt 1
FMLogic tThisF : chkpt 3
Receive sendContext: [64522496]

  [targetIO][NetIO-Node0:127.0.0.1:35135] at *Node1* :: [Undecided] message 

  call(int java.io.DataInputStream.readInt())
   ** PL:BEFORE / EX:IO / BOOL:NO / IO:READ **
    SourceLoc: org/apache/cassandra/net/IncomingTcpConnection.java(59)

      [0] org.apache.cassandra.net.IncomingTcpConnection (run:59)

FMLogic run : chkpnt 1
FMLogic tTF : chkpt 1
FMLogic tThisF : chkpt 3
FMLogic tThisF : chkpt 3
Receive sendContext: [34097088]

  [targetIO][NetIO-Node1:127.0.0.11] at *Node1* :: [Undecided] message 

  call(void org.apache.cassandra.net.MessagingService.sendOneWay(Message, InetAddress))
   ** PL:AFTER / EX:IO / BOOL:NO / IO:READ **
    SourceLoc: org/apache/cassandra/db/ReadVerbHandler.java(102)

      [0] org.apache.cassandra.db.ReadVerbHandler (doVerb:102)
      [1] org.apache.cassandra.net.MessageDeliveryTask (run:49)

FMLogic run : chkpnt 1
FMLogic tTF : chkpt 1
FMLogic tThisF : chkpt 3
Receive sendContext: [77941262]

  [targetIO][NetIO-Node0:127.0.0.12] at *Node2* :: [Digest] message 

  call(void org.apache.cassandra.net.MessagingService.sendOneWay(Message, InetAddress))
   ** PL:AFTER / EX:IO / BOOL:NO / IO:READ **
    SourceLoc: org/apache/cassandra/db/ReadVerbHandler.java(102)

      [0] org.apache.cassandra.db.ReadVerbHandler (doVerb:102)
      [1] org.apache.cassandra.net.MessageDeliveryTask (run:49)

FMLogic run : chkpnt 1
FMLogic tTF : chkpt 1
FMLogic tThisF : chkpt 3
FMLogic tThisF : chkpt 1
FMLogic tThisF : chkpt 2
corrupt :: rfl1 :: show me FailType => CORRUPTION
corrupt :: rfl2 :: checkpoint
corrupt :: sf1 checkpoint
corrupt :: rfl3 :: checkpoint

## ############################################
## MESSAGE: Server: I'm failing this (see above) [ft:CORRUPTION]
## ############################################

Receive sendContext: [2737353]

  [targetIO][NetIO-Node1:127.0.0.1:7000] at *Node1* :: [Undecided] message 

  call(void java.io.DataOutputStream.write(byte[], int, int))
   ** PL:BEFORE / EX:IO / BOOL:NO / IO:WRITE **
    SourceLoc: org/apache/cassandra/net/OutboundTcpConnection.java(101)

      [0] org.apache.cassandra.net.OutboundTcpConnection (writeConnected:101)
      [1] org.apache.cassandra.net.OutboundTcpConnection (run:90)

FMLogic run : chkpnt 1
FMLogic tTF : chkpt 1
|| ctx ||   [targetIO][NetIO-Node1:127.0.0.1:7000] at *Node1* :: [Undecided] message 

FMLogic tThisF : chkpt 1
FMLogic tThisF : chkpt 2
corrupt :: rfl1 :: show me FailType => CRASH
corrupt :: rfl2 :: checkpoint
corrupt :: sf4 checkpoint
corrupt :: rfl3 :: checkpoint

## ############################################
## MESSAGE: Server: I'm failing this (see above) [ft:CRASH]
## ############################################

Receive sendContext: [77157098]

  [targetIO][NetIO-Node2:127.0.0.1:7000] at *Node2* :: [Undecided] message 

  call(void java.io.DataOutputStream.write(byte[], int, int))
   ** PL:BEFORE / EX:IO / BOOL:NO / IO:WRITE **
    SourceLoc: org/apache/cassandra/net/OutboundTcpConnection.java(101)

      [0] org.apache.cassandra.net.OutboundTcpConnection (writeConnected:101)
      [1] org.apache.cassandra.net.OutboundTcpConnection (run:90)

FMLogic run : chkpnt 1
FMLogic tTF : chkpt 1
FMLogic tThisF : chkpt 3
FMLogic tThisF : chkpt 3
Receive sendContext: [59528627]

  [targetIO][NetIO-Node2:127.0.0.12:48181] at *Node0* :: [Undecided] message 

  call(int java.io.DataInputStream.readInt())
   ** PL:AFTER / EX:IO / BOOL:NO / IO:READ **
    SourceLoc: org/apache/cassandra/net/IncomingTcpConnection.java(59)

      [0] org.apache.cassandra.net.IncomingTcpConnection (run:59)

FMLogic run : chkpnt 1
FMLogic tTF : chkpt 1
FMLogic tThisF : chkpt 3
Receive sendContext: [84267973]

  [targetIO][NetIO-Node2:127.0.0.1:7000] at *Node2* :: [Undecided] message 

  call(void java.io.DataOutputStream.write(byte[], int, int))
   ** PL:AFTER / EX:IO / BOOL:NO / IO:WRITE **
    SourceLoc: org/apache/cassandra/net/OutboundTcpConnection.java(101)

      [0] org.apache.cassandra.net.OutboundTcpConnection (writeConnected:101)
      [1] org.apache.cassandra.net.OutboundTcpConnection (run:90)

FMLogic run : chkpnt 1
FMLogic tTF : chkpt 1
FMLogic tThisF : chkpt 3
Receive sendContext: [68445981]

  [targetIO][NetIO-Node2:127.0.0.12:48181] at *Node0* :: [Undecided] message 

  call(int java.io.DataInputStream.readInt())
   ** PL:BEFORE / EX:IO / BOOL:NO / IO:READ **
    SourceLoc: org/apache/cassandra/net/IncomingTcpConnection.java(60)

      [0] org.apache.cassandra.net.IncomingTcpConnection (run:60)

FMLogic run : chkpnt 1
FMLogic tTF : chkpt 1
FMLogic tThisF : chkpt 3
FMLogic tThisF : chkpt 3
Receive sendContext: [65332061]

  [targetIO][NetIO-Node2:127.0.0.1:7000] at *Node2* :: [Undecided] message 

  call(void java.io.DataOutputStream.flush())
   ** PL:BEFORE / EX:IO / BOOL:NO / IO:WRITE **
    SourceLoc: org/apache/cassandra/net/OutboundTcpConnection.java(104)

      [0] org.apache.cassandra.net.OutboundTcpConnection (writeConnected:104)
      [1] org.apache.cassandra.net.OutboundTcpConnection (run:90)

FMLogic run : chkpnt 1
FMLogic tTF : chkpt 1
FMLogic tThisF : chkpt 3
FMLogic tThisF : chkpt 3
Receive sendContext: [8691579]

  [targetIO][NetIO-Node2:127.0.0.12:48181] at *Node0* :: [Undecided] message 

  call(int java.io.DataInputStream.readInt())
   ** PL:AFTER / EX:IO / BOOL:NO / IO:READ **
    SourceLoc: org/apache/cassandra/net/IncomingTcpConnection.java(60)

      [0] org.apache.cassandra.net.IncomingTcpConnection (run:60)

FMLogic run : chkpnt 1
FMLogic tTF : chkpt 1
FMLogic tThisF : chkpt 3
Receive sendContext: [32995175]

  [targetIO][NetIO-Node0:127.0.0.1:55790] at *Node2* :: [Undecided] message 

  call(int java.io.DataInputStream.readInt())
   ** PL:BEFORE / EX:IO / BOOL:NO / IO:READ **
    SourceLoc: org/apache/cassandra/net/IncomingTcpConnection.java(59)

      [0] org.apache.cassandra.net.IncomingTcpConnection (run:59)

FMLogic run : chkpnt 1
FMLogic tTF : chkpt 1
FMLogic tThisF : chkpt 3
FMLogic tThisF : chkpt 3
Receive sendContext: [28449842]

  [targetIO][NetIO-Node2:127.0.0.1:7000] at *Node2* :: [Undecided] message 

  call(void java.io.DataOutputStream.flush())
   ** PL:AFTER / EX:IO / BOOL:NO / IO:WRITE **
    SourceLoc: org/apache/cassandra/net/OutboundTcpConnection.java(104)

      [0] org.apache.cassandra.net.OutboundTcpConnection (writeConnected:104)
      [1] org.apache.cassandra.net.OutboundTcpConnection (run:90)

FMLogic run : chkpnt 1
FMLogic tTF : chkpt 1
FMLogic tThisF : chkpt 3
Receive sendContext: [55765237]

  [targetIO][NetIO-Node2:127.0.0.12:48181] at *Node0* :: [Undecided] message 

  call(int java.io.DataInputStream.readInt())
   ** PL:BEFORE / EX:IO / BOOL:NO / IO:READ **
    SourceLoc: org/apache/cassandra/net/IncomingTcpConnection.java(71)

      [0] org.apache.cassandra.net.IncomingTcpConnection (run:71)

FMLogic run : chkpnt 1
FMLogic tTF : chkpt 1
FMLogic tThisF : chkpt 3
FMLogic tThisF : chkpt 3
Receive sendContext: [96233420]

  [targetIO][NetIO-Node2:127.0.0.12:48181] at *Node0* :: [Undecided] message 

  call(int java.io.DataInputStream.readInt())
   ** PL:AFTER / EX:IO / BOOL:NO / IO:READ **
    SourceLoc: org/apache/cassandra/net/IncomingTcpConnection.java(71)

      [0] org.apache.cassandra.net.IncomingTcpConnection (run:71)

FMLogic run : chkpnt 1
FMLogic tTF : chkpt 1
FMLogic tThisF : chkpt 3
Receive sendContext: [11045880]

  [targetIO][NetIO-Node2:127.0.0.12:48181] at *Node0* :: [Undecided] message 

  call(void java.io.DataInputStream.readFully(byte[]))
   ** PL:BEFORE / EX:IO / BOOL:NO / IO:READ **
    SourceLoc: org/apache/cassandra/net/IncomingTcpConnection.java(73)

      [0] org.apache.cassandra.net.IncomingTcpConnection (run:73)

FMLogic run : chkpnt 1
FMLogic tTF : chkpt 1
FMLogic tThisF : chkpt 3
FMLogic tThisF : chkpt 3
Receive sendContext: [63780874]

  [targetIO][NetIO-Node2:127.0.0.12:48181] at *Node0* :: [Undecided] message 

  call(void java.io.DataInputStream.readFully(byte[]))
   ** PL:AFTER / EX:IO / BOOL:NO / IO:READ **
    SourceLoc: org/apache/cassandra/net/IncomingTcpConnection.java(73)

      [0] org.apache.cassandra.net.IncomingTcpConnection (run:73)

FMLogic run : chkpnt 1
FMLogic tTF : chkpt 1
FMLogic tThisF : chkpt 3
Receive sendContext: [13390171]

  [targetIO][NetIO-Node2:127.0.0.12:48181] at *Node0* :: [Undecided] message 

  call(int java.io.DataInputStream.readInt())
   ** PL:BEFORE / EX:IO / BOOL:NO / IO:READ **
    SourceLoc: org/apache/cassandra/net/IncomingTcpConnection.java(59)

      [0] org.apache.cassandra.net.IncomingTcpConnection (run:59)

FMLogic run : chkpnt 1
FMLogic tTF : chkpt 1
FMLogic tThisF : chkpt 3
FMLogic tThisF : chkpt 3
Receive sendContext: [78133797]

  [targetIO][NetIO-Node0:127.0.0.1:48455] at *Node3* :: [Undecided] message 

  call(int java.io.DataInputStream.readInt())
   ** PL:AFTER / EX:IO / BOOL:NO / IO:READ **
    SourceLoc: org/apache/cassandra/net/IncomingTcpConnection.java(59)

      [0] org.apache.cassandra.net.IncomingTcpConnection (run:59)

FMLogic run : chkpnt 1
FMLogic tTF : chkpt 1
FMLogic tThisF : chkpt 3
Receive sendContext: [13261086]

  [targetIO][NetIO-Node0:127.0.0.1:48455] at *Node3* :: [Undecided] message 

  call(int java.io.DataInputStream.readInt())
   ** PL:BEFORE / EX:IO / BOOL:NO / IO:READ **
    SourceLoc: org/apache/cassandra/net/IncomingTcpConnection.java(60)

      [0] org.apache.cassandra.net.IncomingTcpConnection (run:60)

FMLogic run : chkpnt 1
FMLogic tTF : chkpt 1
FMLogic tThisF : chkpt 3
FMLogic tThisF : chkpt 3
Receive sendContext: [12175395]

  [targetIO][NetIO-Node0:127.0.0.1:48455] at *Node3* :: [Undecided] message 

  call(int java.io.DataInputStream.readInt())
   ** PL:AFTER / EX:IO / BOOL:NO / IO:READ **
    SourceLoc: org/apache/cassandra/net/IncomingTcpConnection.java(60)

      [0] org.apache.cassandra.net.IncomingTcpConnection (run:60)

FMLogic run : chkpnt 1
FMLogic tTF : chkpt 1
FMLogic tThisF : chkpt 3
Receive sendContext: [4164554]

  [targetIO][NetIO-Node0:127.0.0.1:48455] at *Node3* :: [Undecided] message 

  call(int java.io.DataInputStream.readInt())
   ** PL:BEFORE / EX:IO / BOOL:NO / IO:READ **
    SourceLoc: org/apache/cassandra/net/IncomingTcpConnection.java(71)

      [0] org.apache.cassandra.net.IncomingTcpConnection (run:71)

FMLogic run : chkpnt 1
FMLogic tTF : chkpt 1
FMLogic tThisF : chkpt 3
FMLogic tThisF : chkpt 3
Receive sendContext: [30482408]

  [targetIO][NetIO-Node0:127.0.0.1:48455] at *Node3* :: [Undecided] message 

  call(int java.io.DataInputStream.readInt())
   ** PL:AFTER / EX:IO / BOOL:NO / IO:READ **
    SourceLoc: org/apache/cassandra/net/IncomingTcpConnection.java(71)

      [0] org.apache.cassandra.net.IncomingTcpConnection (run:71)

FMLogic run : chkpnt 1
FMLogic tTF : chkpt 1
FMLogic tThisF : chkpt 3
Receive sendContext: [46914756]

  [targetIO][NetIO-Node0:127.0.0.1:48455] at *Node3* :: [Undecided] message 

  call(void java.io.DataInputStream.readFully(byte[]))
   ** PL:BEFORE / EX:IO / BOOL:NO / IO:READ **
    SourceLoc: org/apache/cassandra/net/IncomingTcpConnection.java(73)

      [0] org.apache.cassandra.net.IncomingTcpConnection (run:73)

FMLogic run : chkpnt 1
FMLogic tTF : chkpt 1
FMLogic tThisF : chkpt 3
FMLogic tThisF : chkpt 3
Receive sendContext: [58446024]

  [targetIO][NetIO-Node0:127.0.0.1:48455] at *Node3* :: [Undecided] message 

  call(void java.io.DataInputStream.readFully(byte[]))
   ** PL:AFTER / EX:IO / BOOL:NO / IO:READ **
    SourceLoc: org/apache/cassandra/net/IncomingTcpConnection.java(73)

      [0] org.apache.cassandra.net.IncomingTcpConnection (run:73)

FMLogic run : chkpnt 1
FMLogic tTF : chkpt 1
FMLogic tThisF : chkpt 3
Receive sendContext: [16143915]

  [targetIO][NetIO-Node0:127.0.0.1:48455] at *Node3* :: [Undecided] message 

  call(int java.io.DataInputStream.readInt())
   ** PL:BEFORE / EX:IO / BOOL:NO / IO:READ **
    SourceLoc: org/apache/cassandra/net/IncomingTcpConnection.java(59)

      [0] org.apache.cassandra.net.IncomingTcpConnection (run:59)

FMLogic run : chkpnt 1
FMLogic tTF : chkpt 1
FMLogic tThisF : chkpt 3
FMLogic tThisF : chkpt 3
Receive sendContext: [13311439]

  [targetIO][NetIO-Node0:127.0.0.13] at *Node3* :: [Digest] message 

  call(void org.apache.cassandra.net.MessagingService.sendOneWay(Message, InetAddress))
   ** PL:AFTER / EX:IO / BOOL:NO / IO:READ **
    SourceLoc: org/apache/cassandra/db/ReadVerbHandler.java(102)

      [0] org.apache.cassandra.db.ReadVerbHandler (doVerb:102)
      [1] org.apache.cassandra.net.MessageDeliveryTask (run:49)

FMLogic run : chkpnt 1
FMLogic tTF : chkpt 1
FMLogic tThisF : chkpt 3
FMLogic tThisF : chkpt 3
Receive sendContext: [41432694]

  [targetIO][NetIO-Node3:127.0.0.1:7000] at *Node3* :: [Undecided] message 

  call(void java.io.DataOutputStream.write(byte[], int, int))
   ** PL:BEFORE / EX:IO / BOOL:NO / IO:WRITE **
    SourceLoc: org/apache/cassandra/net/OutboundTcpConnection.java(101)

      [0] org.apache.cassandra.net.OutboundTcpConnection (writeConnected:101)
      [1] org.apache.cassandra.net.OutboundTcpConnection (run:90)

FMLogic run : chkpnt 1
FMLogic tTF : chkpt 1
FMLogic tThisF : chkpt 3
FMLogic tThisF : chkpt 3
Receive sendContext: [1615958]

  [targetIO][NetIO-Node3:127.0.0.1:7000] at *Node3* :: [Undecided] message 

  call(void java.io.DataOutputStream.write(byte[], int, int))
   ** PL:AFTER / EX:IO / BOOL:NO / IO:WRITE **
    SourceLoc: org/apache/cassandra/net/OutboundTcpConnection.java(101)

      [0] org.apache.cassandra.net.OutboundTcpConnection (writeConnected:101)
      [1] org.apache.cassandra.net.OutboundTcpConnection (run:90)

FMLogic run : chkpnt 1
FMLogic tTF : chkpt 1
FMLogic tThisF : chkpt 3
Receive sendContext: [34712708]

  [targetIO][NetIO-Node3:127.0.0.13:44653] at *Node0* :: [Undecided] message 

  call(int java.io.DataInputStream.readInt())
   ** PL:AFTER / EX:IO / BOOL:NO / IO:READ **
    SourceLoc: org/apache/cassandra/net/IncomingTcpConnection.java(59)

      [0] org.apache.cassandra.net.IncomingTcpConnection (run:59)

FMLogic run : chkpnt 1
FMLogic tTF : chkpt 1
FMLogic tThisF : chkpt 3
Receive sendContext: [51422171]

  [targetIO][NetIO-Node3:127.0.0.13:44653] at *Node0* :: [Undecided] message 

  call(int java.io.DataInputStream.readInt())
   ** PL:BEFORE / EX:IO / BOOL:NO / IO:READ **
    SourceLoc: org/apache/cassandra/net/IncomingTcpConnection.java(60)

      [0] org.apache.cassandra.net.IncomingTcpConnection (run:60)

FMLogic run : chkpnt 1
FMLogic tTF : chkpt 1
FMLogic tThisF : chkpt 3
FMLogic tThisF : chkpt 3
Receive sendContext: [12759905]

  [targetIO][NetIO-Node3:127.0.0.13:44653] at *Node0* :: [Undecided] message 

  call(int java.io.DataInputStream.readInt())
   ** PL:AFTER / EX:IO / BOOL:NO / IO:READ **
    SourceLoc: org/apache/cassandra/net/IncomingTcpConnection.java(60)

      [0] org.apache.cassandra.net.IncomingTcpConnection (run:60)

FMLogic run : chkpnt 1
FMLogic tTF : chkpt 1
FMLogic tThisF : chkpt 3
Receive sendContext: [92679659]

  [targetIO][NetIO-Node3:127.0.0.1:7000] at *Node3* :: [Undecided] message 

  call(void java.io.DataOutputStream.flush())
   ** PL:BEFORE / EX:IO / BOOL:NO / IO:WRITE **
    SourceLoc: org/apache/cassandra/net/OutboundTcpConnection.java(104)

      [0] org.apache.cassandra.net.OutboundTcpConnection (writeConnected:104)
      [1] org.apache.cassandra.net.OutboundTcpConnection (run:90)

FMLogic run : chkpnt 1
FMLogic tTF : chkpt 1
FMLogic tThisF : chkpt 3
FMLogic tThisF : chkpt 3
Receive sendContext: [81518710]

  [targetIO][NetIO-Node3:127.0.0.13:44653] at *Node0* :: [Undecided] message 

  call(int java.io.DataInputStream.readInt())
   ** PL:BEFORE / EX:IO / BOOL:NO / IO:READ **
    SourceLoc: org/apache/cassandra/net/IncomingTcpConnection.java(71)

      [0] org.apache.cassandra.net.IncomingTcpConnection (run:71)

FMLogic run : chkpnt 1
FMLogic tTF : chkpt 1
FMLogic tThisF : chkpt 3
FMLogic tThisF : chkpt 3
Receive sendContext: [43057895]

  [targetIO][NetIO-Node3:127.0.0.13:44653] at *Node0* :: [Undecided] message 

  call(int java.io.DataInputStream.readInt())
   ** PL:AFTER / EX:IO / BOOL:NO / IO:READ **
    SourceLoc: org/apache/cassandra/net/IncomingTcpConnection.java(71)

      [0] org.apache.cassandra.net.IncomingTcpConnection (run:71)

FMLogic run : chkpnt 1
FMLogic tTF : chkpt 1
FMLogic tThisF : chkpt 3
Receive sendContext: [51743286]

  [targetIO][NetIO-Node3:127.0.0.1:7000] at *Node3* :: [Undecided] message 

  call(void java.io.DataOutputStream.flush())
   ** PL:AFTER / EX:IO / BOOL:NO / IO:WRITE **
    SourceLoc: org/apache/cassandra/net/OutboundTcpConnection.java(104)

      [0] org.apache.cassandra.net.OutboundTcpConnection (writeConnected:104)
      [1] org.apache.cassandra.net.OutboundTcpConnection (run:90)

FMLogic run : chkpnt 1
FMLogic tTF : chkpt 1
FMLogic tThisF : chkpt 3
Receive sendContext: [29690734]

  [targetIO][NetIO-Node3:127.0.0.13:44653] at *Node0* :: [Undecided] message 

  call(void java.io.DataInputStream.readFully(byte[]))
   ** PL:BEFORE / EX:IO / BOOL:NO / IO:READ **
    SourceLoc: org/apache/cassandra/net/IncomingTcpConnection.java(73)

      [0] org.apache.cassandra.net.IncomingTcpConnection (run:73)

FMLogic run : chkpnt 1
FMLogic tTF : chkpt 1
FMLogic tThisF : chkpt 3
FMLogic tThisF : chkpt 3
Receive sendContext: [62975476]

  [targetIO][NetIO-Node3:127.0.0.13:44653] at *Node0* :: [Undecided] message 

  call(void java.io.DataInputStream.readFully(byte[]))
   ** PL:AFTER / EX:IO / BOOL:NO / IO:READ **
    SourceLoc: org/apache/cassandra/net/IncomingTcpConnection.java(73)

      [0] org.apache.cassandra.net.IncomingTcpConnection (run:73)

FMLogic run : chkpnt 1
FMLogic tTF : chkpt 1
FMLogic tThisF : chkpt 3
Receive sendContext: [82445482]

  [targetIO][NetIO-Node3:127.0.0.13:44653] at *Node0* :: [Undecided] message 

  call(int java.io.DataInputStream.readInt())
   ** PL:BEFORE / EX:IO / BOOL:NO / IO:READ **
    SourceLoc: org/apache/cassandra/net/IncomingTcpConnection.java(59)

      [0] org.apache.cassandra.net.IncomingTcpConnection (run:59)

FMLogic run : chkpnt 1
FMLogic tTF : chkpt 1
FMLogic tThisF : chkpt 3
FMLogic tThisF : chkpt 3
