Listening for transport dt_socket at address: 9003
 INFO 15:41:34,044 JNA not found. Native methods will be disabled.
DEBUG 15:41:34,059 Loading settings from /home/jinsu/research/cass-prj/trunk/stable_cass/conf/conf3/storage-conf.xml
DEBUG 15:41:34,335 Syncing log with a period of 10000
 INFO 15:41:34,340 DiskAccessMode 'auto' determined to be standard, indexAccessMode is standard
DEBUG 15:41:34,424 setting autoBootstrap to false
DEBUG 15:41:34,459 setting hintedHandoffEnabled to true
DEBUG 15:41:34,593 adding Super1 as 0
DEBUG 15:41:34,594 adding Standard2 as 1
DEBUG 15:41:34,594 adding Super2 as 2
DEBUG 15:41:34,607 adding Standard1 as 3
DEBUG 15:41:34,608 adding StandardByUUID1 as 4
DEBUG 15:41:34,608 adding LocationInfo as 5
DEBUG 15:41:34,609 adding HintsColumnFamily as 6
DEBUG 15:41:34,746 Starting CFS LocationInfo
DEBUG 15:41:34,766 key cache capacity for LocationInfo is 1
DEBUG 15:41:34,768 Starting CFS HintsColumnFamily
DEBUG 15:41:34,769 key cache capacity for HintsColumnFamily is 1
DEBUG 15:41:34,810 opening keyspace Keyspace1
DEBUG 15:41:34,810 Starting CFS Standard2
DEBUG 15:41:34,811 key cache capacity for Standard2 is 1
DEBUG 15:41:34,811 Starting CFS Super1
DEBUG 15:41:34,812 key cache capacity for Super1 is 200000
DEBUG 15:41:34,813 Starting CFS Standard1
DEBUG 15:41:34,813 key cache capacity for Standard1 is 200000
DEBUG 15:41:34,814 Starting CFS Super2
DEBUG 15:41:34,815 key cache capacity for Super2 is 1
DEBUG 15:41:34,815 row cache capacity for Super2 is 10000
DEBUG 15:41:34,816 Starting CFS StandardByUUID1
DEBUG 15:41:34,816 key cache capacity for StandardByUUID1 is 200000
DEBUG 15:41:34,817 opening keyspace system
 INFO 15:41:34,849 Saved Token not found. Using 130852257641755848276505319203002680367
 INFO 15:41:34,850 Saved ClusterName not found. Using Test Cluster
DEBUG 15:41:34,855 Estimating compactions for Super1
DEBUG 15:41:34,856 Estimating compactions for Standard2
DEBUG 15:41:34,856 Estimating compactions for Super2
DEBUG 15:41:34,856 Estimating compactions for Standard1
DEBUG 15:41:34,857 Estimating compactions for StandardByUUID1
DEBUG 15:41:34,857 Estimating compactions for LocationInfo
DEBUG 15:41:34,857 Estimating compactions for HintsColumnFamily
DEBUG 15:41:34,858 Checking to see if compaction of Super1 would be useful
DEBUG 15:41:34,858 Checking to see if compaction of Standard2 would be useful
DEBUG 15:41:34,859 Checking to see if compaction of Super2 would be useful
DEBUG 15:41:34,859 Checking to see if compaction of Standard1 would be useful
DEBUG 15:41:34,859 Checking to see if compaction of StandardByUUID1 would be useful
DEBUG 15:41:34,860 Checking to see if compaction of LocationInfo would be useful
DEBUG 15:41:34,860 Checking to see if compaction of HintsColumnFamily would be useful
 INFO 15:41:34,863 Creating new commitlog segment /tmp/fi/cassandra/node3/commitlog/CommitLog-1308955294863.log
 INFO 15:41:34,894 LocationInfo has reached its threshold; switching in a fresh Memtable at CommitLogContext(file='/tmp/fi/cassandra/node3/commitlog/CommitLog-1308955294863.log', position=419)
 INFO 15:41:34,899 Enqueuing flush of Memtable-LocationInfo@14433154(169 bytes, 4 operations)
 INFO 15:41:34,901 Writing Memtable-LocationInfo@14433154(169 bytes, 4 operations)
 INFO 15:41:35,133 Completed flushing /tmp/fi/cassandra/node3/data/system/LocationInfo-1-Data.db
DEBUG 15:41:35,139 Checking to see if compaction of LocationInfo would be useful
DEBUG 15:41:35,141 discard completed log segments for CommitLogContext(file='/tmp/fi/cassandra/node3/commitlog/CommitLog-1308955294863.log', position=419), column family 5. CFIDs are {Keyspace1: TableMetadata({Standard2: 1, Super1: 0, Standard1: 3, Super2: 2, StandardByUUID1: 4, }), system: TableMetadata({LocationInfo: 5, HintsColumnFamily: 6, }), }
DEBUG 15:41:35,141 Marking replay position 419 on commit log CommitLogSegment(/tmp/fi/cassandra/node3/commitlog/CommitLog-1308955294863.log)
 INFO 15:41:35,154 Starting up server gossip
- TM uNT(1) : size of sortedToken = 0
- TM uNT(2) : size of sortedToken = 1 ... leavingEndPoints = []
TokenSizeTest:1:-1009730
 INFO 15:41:35,227 Binding thrift service to /127.0.0.13:9160
 INFO 15:41:35,254 Cassandra starting up...
- Experiment not running, continue ===>GDSynVHandler
Sending message ::
-->ID:1
FROM:/127.0.0.13
TYPE:GS
VERB:GOSSIP_DIGEST_ACK

- Experiment not running, continue ===>GDSynVHandler
Sending message ::
-->ID:2
FROM:/127.0.0.13
TYPE:GS
VERB:GOSSIP_DIGEST_ACK

- Experiment not running, continue ===>GDSynVHandler
DEBUG 15:41:35,337 attempting to connect to /127.0.0.12
Sending message ::
-->ID:3
FROM:/127.0.0.13
TYPE:GS
VERB:GOSSIP_DIGEST_ACK

DEBUG 15:41:35,345 attempting to connect to /127.0.0.1
&&&Added socket : 36635
&&&Added socket : 36029
 INFO 15:41:35,357 Node /127.0.0.12 is now part of the cluster
DEBUG 15:41:35,357 Resetting pool for /127.0.0.12
DEBUG 15:41:35,358 Node /127.0.0.12 state normal, token 50016043385412673101145352720806872521
- TM uNT(1) : size of sortedToken = 1
- TM uNT(2) : size of sortedToken = 2 ... leavingEndPoints = []
TokenSizeTest:2:-1009729
DEBUG 15:41:35,361 No bootstrapping or leaving nodes -> empty pending ranges for Keyspace1
 INFO 15:41:35,362 Node /127.0.0.1 is now part of the cluster
DEBUG 15:41:35,362 Resetting pool for /127.0.0.1
DEBUG 15:41:35,362 Node /127.0.0.1 state normal, token 151364447406687126714367278325169556726
- TM uNT(1) : size of sortedToken = 2
- TM uNT(2) : size of sortedToken = 3 ... leavingEndPoints = []
TokenSizeTest:3:-1009729
DEBUG 15:41:35,363 No bootstrapping or leaving nodes -> empty pending ranges for Keyspace1
 INFO 15:41:35,364 Node /127.0.0.11 is now part of the cluster
DEBUG 15:41:35,364 Resetting pool for /127.0.0.11
DEBUG 15:41:35,364 Node /127.0.0.11 state normal, token 90155846607461294516970726905988850646
- TM uNT(1) : size of sortedToken = 3
- TM uNT(2) : size of sortedToken = 4 ... leavingEndPoints = []
TokenSizeTest:4:-1009729
DEBUG 15:41:35,365 No bootstrapping or leaving nodes -> empty pending ranges for Keyspace1
 INFO 15:41:35,372 InetAddress /127.0.0.1 is now UP
 INFO 15:41:35,372 Started hinted handoff for endPoint /127.0.0.1
 INFO 15:41:35,372 /127.0.0.1is cassReady
 INFO 15:41:35,380 Finished hinted handoff of 0 rows to endpoint /127.0.0.1
- Experiment not running, continue ===>GDSynVHandler
Sending message ::
-->ID:4
FROM:/127.0.0.13
TYPE:GS
VERB:GOSSIP_DIGEST_ACK

DEBUG 15:41:35,758 attempting to connect to /127.0.0.12
&&&Added socket : 58867
 INFO 15:41:35,768 InetAddress /127.0.0.12 is now UP
 INFO 15:41:35,768 /127.0.0.12is cassReady
 INFO 15:41:35,769 Started hinted handoff for endPoint /127.0.0.12
 INFO 15:41:35,771 Finished hinted handoff of 0 rows to endpoint /127.0.0.12
DEBUG 15:41:36,165 GC for ParNew: 58 ms, 31020520 reclaimed leaving 44986808 used; max is 654114816
node3 recorded Tokensize 4
- Nodes not connected...
- Experiment not running, continue ===>sendGossip
Sending message ::
-->ID:5
FROM:/127.0.0.13
TYPE:GS
VERB:GOSSIP_DIGEST_SYN

- Experiment not running, continue ===>sendGossip
Sending message ::
-->ID:5
FROM:/127.0.0.13
TYPE:GS
VERB:GOSSIP_DIGEST_SYN

- Experiment not running, continue ===>sendGossip
Sending message ::
-->ID:5
FROM:/127.0.0.13
TYPE:GS
VERB:GOSSIP_DIGEST_SYN

DEBUG 15:41:36,184 attempting to connect to /127.0.0.1
&&&Added socket : 39042
DEBUG 15:41:36,187 attempting to connect to /127.0.0.11
- Experiment not running, continue ===>GDAckVHandler
Sending message ::
-->ID:6
FROM:/127.0.0.13
TYPE:GS
VERB:GOSSIP_DIGEST_ACK2

&&&Added socket : 39623
- Experiment not running, continue ===>GDAckVHandler
Sending message ::
-->ID:7
FROM:/127.0.0.13
TYPE:GS
VERB:GOSSIP_DIGEST_ACK2

- Experiment not running, continue ===>GDAckVHandler
Sending message ::
-->ID:8
FROM:/127.0.0.13
TYPE:GS
VERB:GOSSIP_DIGEST_ACK2

- Experiment not running, continue ===>GDSynVHandler
Sending message ::
-->ID:9
FROM:/127.0.0.13
TYPE:GS
VERB:GOSSIP_DIGEST_ACK

node3 recorded Tokensize 4
- Nodes not connected...
- Experiment not running, continue ===>sendGossip
Sending message ::
-->ID:10
FROM:/127.0.0.13
TYPE:GS
VERB:GOSSIP_DIGEST_SYN

- Experiment not running, continue ===>sendGossip
Sending message ::
-->ID:10
FROM:/127.0.0.13
TYPE:GS
VERB:GOSSIP_DIGEST_SYN

 INFO 15:41:37,177 InetAddress /127.0.0.11 is now UP
 INFO 15:41:37,178 /127.0.0.11is cassReady
- Experiment not running, continue ===>GDAckVHandler
Sending message ::
-->ID:11
FROM:/127.0.0.13
TYPE:GS
VERB:GOSSIP_DIGEST_ACK2

- Experiment not running, continue ===>GDAckVHandler
Sending message ::
-->ID:12
FROM:/127.0.0.13
TYPE:GS
VERB:GOSSIP_DIGEST_ACK2

 INFO 15:41:37,180 Started hinted handoff for endPoint /127.0.0.11
 INFO 15:41:37,181 Finished hinted handoff of 0 rows to endpoint /127.0.0.11
DEBUG 15:41:37,182 Disseminating load info ...
node3 recorded Tokensize 4
- Nodes not connected...
- Experiment not running, continue ===>sendGossip
Sending message ::
-->ID:13
FROM:/127.0.0.13
TYPE:GS
VERB:GOSSIP_DIGEST_SYN

- Experiment not running, continue ===>GDAckVHandler
Sending message ::
-->ID:14
FROM:/127.0.0.13
TYPE:GS
VERB:GOSSIP_DIGEST_ACK2

node3 recorded Tokensize 4
- Nodes connected, Gossiper returning 
node3 recorded Tokensize 4
- Nodes connected, Gossiper returning 
node3 recorded Tokensize 4
- Nodes connected, Gossiper returning 
node3 recorded Tokensize 4
- Nodes connected, Gossiper returning 
node3 recorded Tokensize 4
- Nodes connected, Gossiper returning 
node3 recorded Tokensize 4
- Nodes connected, Gossiper returning 
node3 recorded Tokensize 4
- Nodes connected, Gossiper returning 
node3 recorded Tokensize 4
- Nodes connected, Gossiper returning 
node3 recorded Tokensize 4
- Nodes connected, Gossiper returning 
node3 recorded Tokensize 4
- Nodes connected, Gossiper returning 
node3 recorded Tokensize 4
- Nodes connected, Gossiper returning 
node3 recorded Tokensize 4 [part of workload]
- Nodes connected, Gossiper returning  [part of workload]
node3 recorded Tokensize 4 [part of workload]
- Nodes connected, Gossiper returning  [part of workload]
node3 recorded Tokensize 4 [part of workload]
- Nodes connected, Gossiper returning  [part of workload]
DEBUG 15:41:52,673 Applying RowMutation(table='Keyspace1', key='key-006', modifications=[ColumnFamily(Standard1 [6578706572696d656e7456616c7565:true:4@1308955312652,])])
DEBUG 15:41:52,687 RowMutation(table='Keyspace1', key='key-006', modifications=[ColumnFamily(Standard1 [6578706572696d656e7456616c7565:true:4@1308955312652,])]) applied.  Sending response to 269@/127.0.0.1
Sending message ::
-->ID:269
FROM:/127.0.0.13
TYPE:RESPONSE-STAGE
VERB:READ_RESPONSE

node3 recorded Tokensize 4
- Nodes connected, Gossiper returning 
DEBUG 15:41:53,956 Applying RowMutation(table='Keyspace1', key='key-007', modifications=[ColumnFamily(Standard1 [6578706572696d656e7456616c7565:false:8@1308955313950,])])
DEBUG 15:41:53,959 RowMutation(table='Keyspace1', key='key-007', modifications=[ColumnFamily(Standard1 [6578706572696d656e7456616c7565:false:8@1308955313950,])]) applied.  Sending response to 270@/127.0.0.1
Sending message ::
-->ID:270
FROM:/127.0.0.13
TYPE:RESPONSE-STAGE
VERB:READ_RESPONSE

node3 recorded Tokensize 4 [part of workload]
- Nodes connected, Gossiper returning  [part of workload]

## ############################################
## MESSAGE: I'm failing this (see below) with FailType: NONE
## ############################################

  [targetIO][NetIO-Node0:127.0.0.1:39135] at *Node3* :: [Undecided] message 

  call(int java.io.DataInputStream.readInt())
   ** PL:AFTER / EX:IO / BOOL:NO / IO:READ **
    SourceLoc: org/apache/cassandra/net/IncomingTcpConnection.java(59)

      [0] org.apache.cassandra.net.IncomingTcpConnection (run:59)



## ############################################
## MESSAGE: I'm failing this (see below) with FailType: NONE
## ############################################

  [targetIO][NetIO-Node0:127.0.0.1:39135] at *Node3* :: [Undecided] message 

  call(int java.io.DataInputStream.readInt())
   ** PL:BEFORE / EX:IO / BOOL:NO / IO:READ **
    SourceLoc: org/apache/cassandra/net/IncomingTcpConnection.java(60)

      [0] org.apache.cassandra.net.IncomingTcpConnection (run:60)



## ############################################
## MESSAGE: I'm failing this (see below) with FailType: NONE
## ############################################

  [targetIO][NetIO-Node0:127.0.0.1:39135] at *Node3* :: [Undecided] message 

  call(int java.io.DataInputStream.readInt())
   ** PL:AFTER / EX:IO / BOOL:NO / IO:READ **
    SourceLoc: org/apache/cassandra/net/IncomingTcpConnection.java(60)

      [0] org.apache.cassandra.net.IncomingTcpConnection (run:60)



## ############################################
## MESSAGE: I'm failing this (see below) with FailType: NONE
## ############################################

  [targetIO][NetIO-Node0:127.0.0.1:39135] at *Node3* :: [Undecided] message 

  call(int java.io.DataInputStream.readInt())
   ** PL:BEFORE / EX:IO / BOOL:NO / IO:READ **
    SourceLoc: org/apache/cassandra/net/IncomingTcpConnection.java(71)

      [0] org.apache.cassandra.net.IncomingTcpConnection (run:71)



## ############################################
## MESSAGE: I'm failing this (see below) with FailType: NONE
## ############################################

  [targetIO][NetIO-Node0:127.0.0.1:39135] at *Node3* :: [Undecided] message 

  call(int java.io.DataInputStream.readInt())
   ** PL:AFTER / EX:IO / BOOL:NO / IO:READ **
    SourceLoc: org/apache/cassandra/net/IncomingTcpConnection.java(71)

      [0] org.apache.cassandra.net.IncomingTcpConnection (run:71)



## ############################################
## MESSAGE: I'm failing this (see below) with FailType: NONE
## ############################################

  [targetIO][NetIO-Node0:127.0.0.1:39135] at *Node3* :: [Undecided] message 

  call(void java.io.DataInputStream.readFully(byte[]))
   ** PL:BEFORE / EX:IO / BOOL:NO / IO:READ **
    SourceLoc: org/apache/cassandra/net/IncomingTcpConnection.java(73)

      [0] org.apache.cassandra.net.IncomingTcpConnection (run:73)



## ############################################
## MESSAGE: I'm failing this (see below) with FailType: NONE
## ############################################

  [targetIO][NetIO-Node0:127.0.0.1:39135] at *Node3* :: [Undecided] message 

  call(void java.io.DataInputStream.readFully(byte[]))
   ** PL:AFTER / EX:IO / BOOL:NO / IO:READ **
    SourceLoc: org/apache/cassandra/net/IncomingTcpConnection.java(73)

      [0] org.apache.cassandra.net.IncomingTcpConnection (run:73)



## ############################################
## MESSAGE: I'm failing this (see below) with FailType: NONE
## ############################################

  [targetIO][NetIO-Node0:127.0.0.1:39135] at *Node3* :: [Undecided] message 

  call(int java.io.DataInputStream.readInt())
   ** PL:BEFORE / EX:IO / BOOL:NO / IO:READ **
    SourceLoc: org/apache/cassandra/net/IncomingTcpConnection.java(59)

      [0] org.apache.cassandra.net.IncomingTcpConnection (run:59)


DEBUG 15:41:54,541 digest is 7d769c210e0c3c8f90508a5ac040fad9
DEBUG 15:41:54,542 Read key key-007; sending response to 09AAAD96-2316-725A-C9F5-43B40B93D12A@/127.0.0.1
wRRPATH ReadVerbHanlder doVerb(): Read key key-007; sending response to 09AAAD96-2316-725A-C9F5-43B40B93D12A@/127.0.0.1 [part of workload]
    [00] java.lang.Thread.getStackTrace(Thread.java:1436) 
    [01] org.apache.cassandra.Util.getStackTrace(Util.java:136) 
    [02] org.apache.cassandra.Util.printStackTrace(Util.java:123) 
    [03] org.apache.cassandra.Util.printStackTrace(Util.java:130) 
    [04] org.apache.cassandra.db.ReadVerbHandler.doVerb(ReadVerbHandler.java:100) 
    [05] org.apache.cassandra.net.MessageDeliveryTask.run(MessageDeliveryTask.java:49) 
    [06] java.util.concurrent.ThreadPoolExecutor$Worker.runTask(ThreadPoolExecutor.java:886) 
    [07] java.util.concurrent.ThreadPoolExecutor$Worker.run(ThreadPoolExecutor.java:908) 
    [08] java.lang.Thread.run(Thread.java:619) 
cutSendOneWay targetIO : NetIO-Node0:127.0.0.13
corrupt :: failType returned :: CORRUPTION
corrupt :: byte array length 16
corrupt :: array [B@1fc3828
corrupt :: cor_array [B@1cb048e
corrupt :: response created
Sending message ::
-->ID:09AAAD96-2316-725A-C9F5-43B40B93D12A
FROM:/127.0.0.13
TYPE:RESPONSE-STAGE
VERB:READ_RESPONSE
 [part of workload]

## ############################################
## WARNING: I'm crahing here, and should see no more output
## ############################################

In FMClient processCrash(), deleting nodeConnectedFlag [part of workload]
