Listening for transport dt_socket at address: 9002
 INFO 15:39:19,042 JNA not found. Native methods will be disabled.
DEBUG 15:39:19,135 Loading settings from /home/jinsu/research/cass-prj/trunk/stable_cass/conf/conf2/storage-conf.xml
DEBUG 15:39:19,802 Syncing log with a period of 10000
 INFO 15:39:19,819 DiskAccessMode 'auto' determined to be standard, indexAccessMode is standard
DEBUG 15:39:20,159 setting autoBootstrap to false
DEBUG 15:39:20,315 setting hintedHandoffEnabled to true
DEBUG 15:39:20,637 adding Super1 as 0
DEBUG 15:39:20,638 adding Standard2 as 1
DEBUG 15:39:20,641 adding Super2 as 2
DEBUG 15:39:20,641 adding Standard1 as 3
DEBUG 15:39:20,642 adding StandardByUUID1 as 4
DEBUG 15:39:20,642 adding LocationInfo as 5
DEBUG 15:39:20,643 adding HintsColumnFamily as 6
DEBUG 15:39:20,883 Starting CFS LocationInfo
DEBUG 15:39:20,907 key cache capacity for LocationInfo is 1
DEBUG 15:39:20,909 Starting CFS HintsColumnFamily
DEBUG 15:39:20,909 key cache capacity for HintsColumnFamily is 1
DEBUG 15:39:21,011 opening keyspace Keyspace1
DEBUG 15:39:21,011 Starting CFS Standard2
DEBUG 15:39:21,012 key cache capacity for Standard2 is 1
DEBUG 15:39:21,013 Starting CFS Super1
DEBUG 15:39:21,020 key cache capacity for Super1 is 200000
DEBUG 15:39:21,020 Starting CFS Standard1
DEBUG 15:39:21,021 key cache capacity for Standard1 is 200000
DEBUG 15:39:21,022 Starting CFS Super2
DEBUG 15:39:21,023 key cache capacity for Super2 is 1
DEBUG 15:39:21,023 row cache capacity for Super2 is 10000
DEBUG 15:39:21,024 Starting CFS StandardByUUID1
DEBUG 15:39:21,025 key cache capacity for StandardByUUID1 is 200000
DEBUG 15:39:21,025 opening keyspace system
DEBUG 15:39:21,160 Estimating compactions for Super1
DEBUG 15:39:21,170 Estimating compactions for Standard2
DEBUG 15:39:21,170 Estimating compactions for Super2
DEBUG 15:39:21,174 Estimating compactions for Standard1
DEBUG 15:39:21,175 Estimating compactions for StandardByUUID1
DEBUG 15:39:21,175 Estimating compactions for LocationInfo
DEBUG 15:39:21,175 Estimating compactions for HintsColumnFamily
DEBUG 15:39:21,176 Checking to see if compaction of Super1 would be useful
DEBUG 15:39:21,176 Checking to see if compaction of Standard2 would be useful
DEBUG 15:39:21,177 Checking to see if compaction of Super2 would be useful
DEBUG 15:39:21,177 Checking to see if compaction of Standard1 would be useful
DEBUG 15:39:21,177 Checking to see if compaction of StandardByUUID1 would be useful
DEBUG 15:39:21,178 Checking to see if compaction of LocationInfo would be useful
DEBUG 15:39:21,178 Checking to see if compaction of HintsColumnFamily would be useful
 INFO 15:39:21,168 Saved Token not found. Using 50016043385412673101145352720806872521
 INFO 15:39:21,181 Saved ClusterName not found. Using Test Cluster
 INFO 15:39:21,189 Creating new commitlog segment /tmp/fi/cassandra/node2/commitlog/CommitLog-1308955161189.log
 INFO 15:39:21,310 LocationInfo has reached its threshold; switching in a fresh Memtable at CommitLogContext(file='/tmp/fi/cassandra/node2/commitlog/CommitLog-1308955161189.log', position=419)
 INFO 15:39:21,315 Enqueuing flush of Memtable-LocationInfo@31497899(169 bytes, 4 operations)
 INFO 15:39:21,316 Writing Memtable-LocationInfo@31497899(169 bytes, 4 operations)
 INFO 15:39:21,655 Completed flushing /tmp/fi/cassandra/node2/data/system/LocationInfo-1-Data.db
DEBUG 15:39:21,676 Checking to see if compaction of LocationInfo would be useful
DEBUG 15:39:21,678 discard completed log segments for CommitLogContext(file='/tmp/fi/cassandra/node2/commitlog/CommitLog-1308955161189.log', position=419), column family 5. CFIDs are {Keyspace1: TableMetadata({Standard2: 1, Super1: 0, Standard1: 3, Super2: 2, StandardByUUID1: 4, }), system: TableMetadata({LocationInfo: 5, HintsColumnFamily: 6, }), }
DEBUG 15:39:21,678 Marking replay position 419 on commit log CommitLogSegment(/tmp/fi/cassandra/node2/commitlog/CommitLog-1308955161189.log)
 INFO 15:39:21,707 Starting up server gossip
- TM uNT(1) : size of sortedToken = 0
- TM uNT(2) : size of sortedToken = 1 ... leavingEndPoints = []
TokenSizeTest:1:-1009863
 INFO 15:39:21,792 Binding thrift service to /127.0.0.12:9160
 INFO 15:39:21,798 Cassandra starting up...
node2 recorded Tokensize 1
- Nodes not connected...
- Experiment not running, continue ===>sendGossip
DEBUG 15:39:22,747 GC for ParNew: 77 ms, 31001480 reclaimed leaving 44989552 used; max is 654114816
Sending message ::
-->ID:1
FROM:/127.0.0.12
TYPE:GS
VERB:GOSSIP_DIGEST_SYN

DEBUG 15:39:22,751 attempting to connect to /127.0.0.13
&&&Added socket : 47615
- Experiment not running, continue ===>GDAckVHandler
Sending message ::
-->ID:2
FROM:/127.0.0.12
TYPE:GS
VERB:GOSSIP_DIGEST_ACK2

- Experiment not running, continue ===>GDSynVHandler
Sending message ::
-->ID:3
FROM:/127.0.0.12
TYPE:GS
VERB:GOSSIP_DIGEST_ACK

- Experiment not running, continue ===>GDSynVHandler
Sending message ::
-->ID:4
FROM:/127.0.0.12
TYPE:GS
VERB:GOSSIP_DIGEST_ACK

 INFO 15:39:23,699 Node /127.0.0.13 is now part of the cluster
DEBUG 15:39:23,700 Resetting pool for /127.0.0.13
DEBUG 15:39:23,701 Node /127.0.0.13 state normal, token 134140860703304622046874136584427140839
- TM uNT(1) : size of sortedToken = 1
- TM uNT(2) : size of sortedToken = 2 ... leavingEndPoints = []
TokenSizeTest:2:-1009861
DEBUG 15:39:23,702 No bootstrapping or leaving nodes -> empty pending ranges for Keyspace1
 INFO 15:39:23,703 Node /127.0.0.1 is now part of the cluster
DEBUG 15:39:23,704 Resetting pool for /127.0.0.1
DEBUG 15:39:23,704 Node /127.0.0.1 state normal, token 151364447406687126714367278325169556726
- TM uNT(1) : size of sortedToken = 2
- TM uNT(2) : size of sortedToken = 3 ... leavingEndPoints = []
TokenSizeTest:3:-1009861
DEBUG 15:39:23,705 No bootstrapping or leaving nodes -> empty pending ranges for Keyspace1
 INFO 15:39:23,705 Node /127.0.0.11 is now part of the cluster
DEBUG 15:39:23,706 Resetting pool for /127.0.0.11
DEBUG 15:39:23,708 Node /127.0.0.11 state normal, token 80350880557606004731164003019085394895
- TM uNT(1) : size of sortedToken = 3
- TM uNT(2) : size of sortedToken = 4 ... leavingEndPoints = []
TokenSizeTest:4:-1009861
DEBUG 15:39:23,709 No bootstrapping or leaving nodes -> empty pending ranges for Keyspace1
node2 recorded Tokensize 4
- Nodes not connected...
- Experiment not running, continue ===>sendGossip
Sending message ::
-->ID:5
FROM:/127.0.0.12
TYPE:GS
VERB:GOSSIP_DIGEST_SYN

- Experiment not running, continue ===>sendGossip
DEBUG 15:39:23,722 attempting to connect to /127.0.0.13
Sending message ::
-->ID:5
FROM:/127.0.0.12
TYPE:GS
VERB:GOSSIP_DIGEST_SYN

&&&Added socket : 37529
- Experiment not running, continue ===>GDAckVHandler
Sending message ::
-->ID:6
FROM:/127.0.0.12
TYPE:GS
VERB:GOSSIP_DIGEST_ACK2

- Experiment not running, continue ===>GDAckVHandler
Sending message ::
-->ID:7
FROM:/127.0.0.12
TYPE:GS
VERB:GOSSIP_DIGEST_ACK2

DEBUG 15:39:23,755 Disseminating load info ...
- Experiment not running, continue ===>GDSynVHandler
Sending message ::
-->ID:8
FROM:/127.0.0.12
TYPE:GS
VERB:GOSSIP_DIGEST_ACK

DEBUG 15:39:23,774 attempting to connect to /127.0.0.11
&&&Added socket : 49521
 INFO 15:39:23,803 InetAddress /127.0.0.11 is now UP
 INFO 15:39:23,803 Started hinted handoff for endPoint /127.0.0.11
 INFO 15:39:23,803 /127.0.0.11is cassReady
 INFO 15:39:23,812 Finished hinted handoff of 0 rows to endpoint /127.0.0.11
- Experiment not running, continue ===>GDSynVHandler
Sending message ::
-->ID:9
FROM:/127.0.0.12
TYPE:GS
VERB:GOSSIP_DIGEST_ACK

DEBUG 15:39:24,303 attempting to connect to /127.0.0.1
&&&Added socket : 35195
 INFO 15:39:24,311 InetAddress /127.0.0.1 is now UP
 INFO 15:39:24,311 /127.0.0.1is cassReady
 INFO 15:39:24,311 Started hinted handoff for endPoint /127.0.0.1
 INFO 15:39:24,312 Finished hinted handoff of 0 rows to endpoint /127.0.0.1
node2 recorded Tokensize 4
- Nodes not connected...
- Experiment not running, continue ===>sendGossip
Sending message ::
-->ID:10
FROM:/127.0.0.12
TYPE:GS
VERB:GOSSIP_DIGEST_SYN

- Experiment not running, continue ===>sendGossip
Sending message ::
-->ID:10
FROM:/127.0.0.12
TYPE:GS
VERB:GOSSIP_DIGEST_SYN

 INFO 15:39:24,732 InetAddress /127.0.0.13 is now UP
 INFO 15:39:24,732 /127.0.0.13is cassReady
- Experiment not running, continue ===>GDAckVHandler
Sending message ::
-->ID:11
FROM:/127.0.0.12
TYPE:GS
VERB:GOSSIP_DIGEST_ACK2

 INFO 15:39:24,733 Started hinted handoff for endPoint /127.0.0.13
 INFO 15:39:24,734 Finished hinted handoff of 0 rows to endpoint /127.0.0.13
- Experiment not running, continue ===>GDAckVHandler
Sending message ::
-->ID:12
FROM:/127.0.0.12
TYPE:GS
VERB:GOSSIP_DIGEST_ACK2

node2 recorded Tokensize 4
- Nodes not connected...
- Experiment not running, continue ===>sendGossip
Sending message ::
-->ID:13
FROM:/127.0.0.12
TYPE:GS
VERB:GOSSIP_DIGEST_SYN

- Experiment not running, continue ===>GDAckVHandler
Sending message ::
-->ID:14
FROM:/127.0.0.12
TYPE:GS
VERB:GOSSIP_DIGEST_ACK2

- Experiment not running, continue ===>GDSynVHandler
Sending message ::
-->ID:15
FROM:/127.0.0.12
TYPE:GS
VERB:GOSSIP_DIGEST_ACK

- Experiment not running, continue ===>GDSynVHandler
Sending message ::
-->ID:16
FROM:/127.0.0.12
TYPE:GS
VERB:GOSSIP_DIGEST_ACK

node2 recorded Tokensize 4
- Nodes not connected...
- Experiment not running, continue ===>sendGossip
Sending message ::
-->ID:17
FROM:/127.0.0.12
TYPE:GS
VERB:GOSSIP_DIGEST_SYN

- Experiment not running, continue ===>GDAckVHandler
Sending message ::
-->ID:18
FROM:/127.0.0.12
TYPE:GS
VERB:GOSSIP_DIGEST_ACK2

- Experiment not running, continue ===>GDSynVHandler
Sending message ::
-->ID:19
FROM:/127.0.0.12
TYPE:GS
VERB:GOSSIP_DIGEST_ACK

node2 recorded Tokensize 4
- Nodes not connected...
- Experiment not running, continue ===>sendGossip
Sending message ::
-->ID:20
FROM:/127.0.0.12
TYPE:GS
VERB:GOSSIP_DIGEST_SYN

- Experiment not running, continue ===>GDAckVHandler
Sending message ::
-->ID:21
FROM:/127.0.0.12
TYPE:GS
VERB:GOSSIP_DIGEST_ACK2

- Experiment not running, continue ===>GDSynVHandler
Sending message ::
-->ID:22
FROM:/127.0.0.12
TYPE:GS
VERB:GOSSIP_DIGEST_ACK

- Experiment not running, continue ===>GDSynVHandler
Sending message ::
-->ID:23
FROM:/127.0.0.12
TYPE:GS
VERB:GOSSIP_DIGEST_ACK

node2 recorded Tokensize 4
- Nodes connected, Gossiper returning 
node2 recorded Tokensize 4
- Nodes connected, Gossiper returning 
DEBUG 15:39:30,138 Applying RowMutation(table='Keyspace1', key='key-001', modifications=[ColumnFamily(Standard1 [6578706572696d656e7456616c7565:false:8@1308955170070,])])
DEBUG 15:39:30,148 RowMutation(table='Keyspace1', key='key-001', modifications=[ColumnFamily(Standard1 [6578706572696d656e7456616c7565:false:8@1308955170070,])]) applied.  Sending response to 28@/127.0.0.1
Sending message ::
-->ID:28
FROM:/127.0.0.12
TYPE:RESPONSE-STAGE
VERB:READ_RESPONSE

node2 recorded Tokensize 4 [part of workload]
- Nodes connected, Gossiper returning  [part of workload]

## ############################################
## MESSAGE: I'm failing this (see below) with FailType: NONE
## ############################################

  [targetIO][NetIO-Node0:127.0.0.1:40844] at *Node2* :: [Undecided] message 

  call(int java.io.DataInputStream.readInt())
   ** PL:AFTER / EX:IO / BOOL:NO / IO:READ **
    SourceLoc: org/apache/cassandra/net/IncomingTcpConnection.java(59)

      [0] org.apache.cassandra.net.IncomingTcpConnection (run:59)



## ############################################
## MESSAGE: I'm failing this (see below) with FailType: NONE
## ############################################

  [targetIO][NetIO-Node0:127.0.0.1:40844] at *Node2* :: [Undecided] message 

  call(int java.io.DataInputStream.readInt())
   ** PL:BEFORE / EX:IO / BOOL:NO / IO:READ **
    SourceLoc: org/apache/cassandra/net/IncomingTcpConnection.java(60)

      [0] org.apache.cassandra.net.IncomingTcpConnection (run:60)



## ############################################
## MESSAGE: I'm failing this (see below) with FailType: NONE
## ############################################

  [targetIO][NetIO-Node0:127.0.0.1:40844] at *Node2* :: [Undecided] message 

  call(int java.io.DataInputStream.readInt())
   ** PL:AFTER / EX:IO / BOOL:NO / IO:READ **
    SourceLoc: org/apache/cassandra/net/IncomingTcpConnection.java(60)

      [0] org.apache.cassandra.net.IncomingTcpConnection (run:60)



## ############################################
## MESSAGE: I'm failing this (see below) with FailType: NONE
## ############################################

  [targetIO][NetIO-Node0:127.0.0.1:40844] at *Node2* :: [Undecided] message 

  call(int java.io.DataInputStream.readInt())
   ** PL:BEFORE / EX:IO / BOOL:NO / IO:READ **
    SourceLoc: org/apache/cassandra/net/IncomingTcpConnection.java(71)

      [0] org.apache.cassandra.net.IncomingTcpConnection (run:71)



## ############################################
## MESSAGE: I'm failing this (see below) with FailType: NONE
## ############################################

  [targetIO][NetIO-Node0:127.0.0.1:40844] at *Node2* :: [Undecided] message 

  call(int java.io.DataInputStream.readInt())
   ** PL:AFTER / EX:IO / BOOL:NO / IO:READ **
    SourceLoc: org/apache/cassandra/net/IncomingTcpConnection.java(71)

      [0] org.apache.cassandra.net.IncomingTcpConnection (run:71)



## ############################################
## MESSAGE: I'm failing this (see below) with FailType: NONE
## ############################################

  [targetIO][NetIO-Node0:127.0.0.1:40844] at *Node2* :: [Undecided] message 

  call(void java.io.DataInputStream.readFully(byte[]))
   ** PL:BEFORE / EX:IO / BOOL:NO / IO:READ **
    SourceLoc: org/apache/cassandra/net/IncomingTcpConnection.java(73)

      [0] org.apache.cassandra.net.IncomingTcpConnection (run:73)



## ############################################
## MESSAGE: I'm failing this (see below) with FailType: NONE
## ############################################

  [targetIO][NetIO-Node0:127.0.0.1:40844] at *Node2* :: [Undecided] message 

  call(void java.io.DataInputStream.readFully(byte[]))
   ** PL:AFTER / EX:IO / BOOL:NO / IO:READ **
    SourceLoc: org/apache/cassandra/net/IncomingTcpConnection.java(73)

      [0] org.apache.cassandra.net.IncomingTcpConnection (run:73)


DEBUG 15:39:31,129 digest is 437f3645dbd8a641aa0971e1efa8c7e1
DEBUG 15:39:31,131 Read key key-001; sending response to EA532C82-1D7E-6343-A393-2AC19FAEDF82@/127.0.0.1
wRRPATH ReadVerbHanlder doVerb(): Read key key-001; sending response to EA532C82-1D7E-6343-A393-2AC19FAEDF82@/127.0.0.1 [part of workload]
    [00] java.lang.Thread.getStackTrace(Thread.java:1436) 
    [01] org.apache.cassandra.Util.getStackTrace(Util.java:136) 
    [02] org.apache.cassandra.Util.printStackTrace(Util.java:123) 
    [03] org.apache.cassandra.Util.printStackTrace(Util.java:130) 
    [04] org.apache.cassandra.db.ReadVerbHandler.doVerb(ReadVerbHandler.java:100) 
    [05] org.apache.cassandra.net.MessageDeliveryTask.run(MessageDeliveryTask.java:49) 
    [06] java.util.concurrent.ThreadPoolExecutor$Worker.runTask(ThreadPoolExecutor.java:886) 
    [07] java.util.concurrent.ThreadPoolExecutor$Worker.run(ThreadPoolExecutor.java:908) 
    [08] java.lang.Thread.run(Thread.java:619) 
cutSendOneWay targetIO : NetIO-Node0:127.0.0.12

## ############################################
## MESSAGE: I'm failing this (see below) with FailType: NONE
## ############################################

  [targetIO][NetIO-Node0:127.0.0.1:40844] at *Node2* :: [Undecided] message 

  call(int java.io.DataInputStream.readInt())
   ** PL:BEFORE / EX:IO / BOOL:NO / IO:READ **
    SourceLoc: org/apache/cassandra/net/IncomingTcpConnection.java(59)

      [0] org.apache.cassandra.net.IncomingTcpConnection (run:59)


corrupt :: failType returned :: CORRUPTION
corrupt :: byte array length 16
corrupt :: array [B@c1429c
corrupt :: cor_array [B@1fc3828
corrupt :: response created
Sending message ::
-->ID:EA532C82-1D7E-6343-A393-2AC19FAEDF82
FROM:/127.0.0.12
TYPE:RESPONSE-STAGE
VERB:READ_RESPONSE
 [part of workload]

## ############################################
## MESSAGE: I'm failing this (see below) with FailType: NONE
## ############################################

  [targetIO][NetIO-Node2:127.0.0.1:7000] at *Node2* :: [Undecided] message 

  call(void java.io.DataOutputStream.write(byte[], int, int))
   ** PL:BEFORE / EX:IO / BOOL:NO / IO:WRITE **
    SourceLoc: org/apache/cassandra/net/OutboundTcpConnection.java(101)

      [0] org.apache.cassandra.net.OutboundTcpConnection (writeConnected:101)
      [1] org.apache.cassandra.net.OutboundTcpConnection (run:90)



## ############################################
## MESSAGE: I'm failing this (see below) with FailType: NONE
## ############################################

  [targetIO][NetIO-Node2:127.0.0.1:7000] at *Node2* :: [Undecided] message 

  call(void java.io.DataOutputStream.write(byte[], int, int))
   ** PL:AFTER / EX:IO / BOOL:NO / IO:WRITE **
    SourceLoc: org/apache/cassandra/net/OutboundTcpConnection.java(101)

      [0] org.apache.cassandra.net.OutboundTcpConnection (writeConnected:101)
      [1] org.apache.cassandra.net.OutboundTcpConnection (run:90)



## ############################################
## MESSAGE: I'm failing this (see below) with FailType: NONE
## ############################################

  [targetIO][NetIO-Node2:127.0.0.1:7000] at *Node2* :: [Undecided] message 

  call(void java.io.DataOutputStream.flush())
   ** PL:BEFORE / EX:IO / BOOL:NO / IO:WRITE **
    SourceLoc: org/apache/cassandra/net/OutboundTcpConnection.java(104)

      [0] org.apache.cassandra.net.OutboundTcpConnection (writeConnected:104)
      [1] org.apache.cassandra.net.OutboundTcpConnection (run:90)



## ############################################
## MESSAGE: I'm failing this (see below) with FailType: NONE
## ############################################

  [targetIO][NetIO-Node2:127.0.0.1:7000] at *Node2* :: [Undecided] message 

  call(void java.io.DataOutputStream.flush())
   ** PL:AFTER / EX:IO / BOOL:NO / IO:WRITE **
    SourceLoc: org/apache/cassandra/net/OutboundTcpConnection.java(104)

      [0] org.apache.cassandra.net.OutboundTcpConnection (writeConnected:104)
      [1] org.apache.cassandra.net.OutboundTcpConnection (run:90)


node2 recorded Tokensize 4 [part of workload]
- Experiment running, Gossiper returning  [part of workload]
node2 recorded Tokensize 4 [part of workload]
- Experiment running, Gossiper returning  [part of workload]
node2 recorded Tokensize 4 [part of workload]
- Experiment running, Gossiper returning  [part of workload]
node2 recorded Tokensize 4 [part of workload]
- Experiment running, Gossiper returning  [part of workload]
node2 recorded Tokensize 4 [part of workload]
- Experiment running, Gossiper returning  [part of workload]
node2 recorded Tokensize 4 [part of workload]
- Experiment running, Gossiper returning  [part of workload]
node2 recorded Tokensize 4 [part of workload]
- Experiment running, Gossiper returning  [part of workload]
node2 recorded Tokensize 4 [part of workload]
- Experiment running, Gossiper returning  [part of workload]
node2 recorded Tokensize 4 [part of workload]
- Experiment running, Gossiper returning  [part of workload]
node2 recorded Tokensize 4 [part of workload]
- Experiment running, Gossiper returning  [part of workload]
node2 recorded Tokensize 4 [part of workload]
- Experiment running, Gossiper returning  [part of workload]
node2 recorded Tokensize 4 [part of workload]
- Experiment running, Gossiper returning  [part of workload]
DEBUG 15:39:43,251 Applying RowMutation(table='Keyspace1', key='key-001', modifications=[ColumnFamily(Standard1 [6578706572696d656e7456616c7565:true:4@1308955183224,])])
DEBUG 15:39:43,256 RowMutation(table='Keyspace1', key='key-001', modifications=[ColumnFamily(Standard1 [6578706572696d656e7456616c7565:true:4@1308955183224,])]) applied.  Sending response to 31@/127.0.0.1
Sending message ::
-->ID:31
FROM:/127.0.0.12
TYPE:RESPONSE-STAGE
VERB:READ_RESPONSE

node2 recorded Tokensize 4
- Nodes not connected...
- Experiment not running, continue ===>sendGossip
Sending message ::
-->ID:24
FROM:/127.0.0.12
TYPE:GS
VERB:GOSSIP_DIGEST_SYN

 INFO 15:39:43,733 InetAddress /127.0.0.1 is now dead.
DEBUG 15:39:43,735 Resetting pool for /127.0.0.1
 INFO 15:39:43,738 InetAddress /127.0.0.11 is now dead.
DEBUG 15:39:43,739 Resetting pool for /127.0.0.11
 INFO 15:39:43,741 InetAddress /127.0.0.1 is now UP
 INFO 15:39:43,741 Started hinted handoff for endPoint /127.0.0.1
 INFO 15:39:43,741 /127.0.0.1is cassReady
- Experiment not running, continue ===>GDAckVHandler
 INFO 15:39:43,743 Finished hinted handoff of 0 rows to endpoint /127.0.0.1
Sending message ::
-->ID:25
FROM:/127.0.0.12
TYPE:GS
VERB:GOSSIP_DIGEST_ACK2

- Experiment not running, continue ===>GDSynVHandler
Sending message ::
-->ID:26
FROM:/127.0.0.12
TYPE:GS
VERB:GOSSIP_DIGEST_ACK

node2 recorded Tokensize 4
- Nodes not connected...
- Experiment not running, continue ===>sendGossip
Sending message ::
-->ID:27
FROM:/127.0.0.12
TYPE:GS
VERB:GOSSIP_DIGEST_SYN

- Experiment not running, continue ===>sendGossip
Sending message ::
-->ID:27
FROM:/127.0.0.12
TYPE:GS
VERB:GOSSIP_DIGEST_SYN

DEBUG 15:39:44,734 attempting to connect to /127.0.0.11
- Experiment not running, continue ===>sendGossip
Sending message ::
-->ID:27
FROM:/127.0.0.12
TYPE:GS
VERB:GOSSIP_DIGEST_SYN

- Experiment not running, continue ===>GDAckVHandler
Sending message ::
-->ID:28
FROM:/127.0.0.12
TYPE:GS
VERB:GOSSIP_DIGEST_ACK2

- Experiment not running, continue ===>GDAckVHandler
Sending message ::
-->ID:29
FROM:/127.0.0.12
TYPE:GS
VERB:GOSSIP_DIGEST_ACK2

- Experiment not running, continue ===>GDSynVHandler
Sending message ::
-->ID:30
FROM:/127.0.0.12
TYPE:GS
VERB:GOSSIP_DIGEST_ACK

DEBUG 15:39:45,294 attempting to connect to /127.0.0.1
&&&Added socket : 43041
- Experiment not running, continue ===>GDSynVHandler
Sending message ::
-->ID:31
FROM:/127.0.0.12
TYPE:GS
VERB:GOSSIP_DIGEST_ACK

node2 recorded Tokensize 4
- Nodes not connected...
- Experiment not running, continue ===>sendGossip
Sending message ::
-->ID:32
FROM:/127.0.0.12
TYPE:GS
VERB:GOSSIP_DIGEST_SYN

- Experiment not running, continue ===>sendGossip
Sending message ::
-->ID:32
FROM:/127.0.0.12
TYPE:GS
VERB:GOSSIP_DIGEST_SYN

- Experiment not running, continue ===>GDAckVHandler
Sending message ::
-->ID:33
FROM:/127.0.0.12
TYPE:GS
VERB:GOSSIP_DIGEST_ACK2

- Experiment not running, continue ===>GDSynVHandler
Sending message ::
-->ID:34
FROM:/127.0.0.12
TYPE:GS
VERB:GOSSIP_DIGEST_ACK

node2 recorded Tokensize 4
- Nodes not connected...
- Experiment not running, continue ===>sendGossip
Sending message ::
-->ID:35
FROM:/127.0.0.12
TYPE:GS
VERB:GOSSIP_DIGEST_SYN

- Experiment not running, continue ===>sendGossip
Sending message ::
-->ID:35
FROM:/127.0.0.12
TYPE:GS
VERB:GOSSIP_DIGEST_SYN

- Experiment not running, continue ===>GDAckVHandler
Sending message ::
-->ID:36
FROM:/127.0.0.12
TYPE:GS
VERB:GOSSIP_DIGEST_ACK2

- Experiment not running, continue ===>GDAckVHandler
Sending message ::
-->ID:37
FROM:/127.0.0.12
TYPE:GS
VERB:GOSSIP_DIGEST_ACK2

node2 recorded Tokensize 4
- Nodes not connected...
- Experiment not running, continue ===>sendGossip
Sending message ::
-->ID:38
FROM:/127.0.0.12
TYPE:GS
VERB:GOSSIP_DIGEST_SYN

- Experiment not running, continue ===>sendGossip
Sending message ::
-->ID:38
FROM:/127.0.0.12
TYPE:GS
VERB:GOSSIP_DIGEST_SYN

- Experiment not running, continue ===>GDAckVHandler
Sending message ::
-->ID:39
FROM:/127.0.0.12
TYPE:GS
VERB:GOSSIP_DIGEST_ACK2

- Experiment not running, continue ===>GDAckVHandler
Sending message ::
-->ID:40
FROM:/127.0.0.12
TYPE:GS
VERB:GOSSIP_DIGEST_ACK2

- Experiment not running, continue ===>GDSynVHandler
Sending message ::
-->ID:41
FROM:/127.0.0.12
TYPE:GS
VERB:GOSSIP_DIGEST_ACK

- Experiment not running, continue ===>GDSynVHandler
Sending message ::
-->ID:42
FROM:/127.0.0.12
TYPE:GS
VERB:GOSSIP_DIGEST_ACK

node2 recorded Tokensize 4
- Nodes not connected...
- Experiment not running, continue ===>sendGossip
Sending message ::
-->ID:43
FROM:/127.0.0.12
TYPE:GS
VERB:GOSSIP_DIGEST_SYN

- Experiment not running, continue ===>sendGossip
Sending message ::
-->ID:43
FROM:/127.0.0.12
TYPE:GS
VERB:GOSSIP_DIGEST_SYN

- Experiment not running, continue ===>GDAckVHandler
Sending message ::
-->ID:44
FROM:/127.0.0.12
TYPE:GS
VERB:GOSSIP_DIGEST_ACK2

- Experiment not running, continue ===>GDSynVHandler
Sending message ::
-->ID:45
FROM:/127.0.0.12
TYPE:GS
VERB:GOSSIP_DIGEST_ACK

node2 recorded Tokensize 4
- Nodes not connected...
- Experiment not running, continue ===>sendGossip
Sending message ::
-->ID:46
FROM:/127.0.0.12
TYPE:GS
VERB:GOSSIP_DIGEST_SYN

- Experiment not running, continue ===>sendGossip
Sending message ::
-->ID:46
FROM:/127.0.0.12
TYPE:GS
VERB:GOSSIP_DIGEST_SYN

- Experiment not running, continue ===>GDAckVHandler
Sending message ::
-->ID:47
FROM:/127.0.0.12
TYPE:GS
VERB:GOSSIP_DIGEST_ACK2

- Experiment not running, continue ===>GDAckVHandler
Sending message ::
-->ID:48
FROM:/127.0.0.12
TYPE:GS
VERB:GOSSIP_DIGEST_ACK2

- Experiment not running, continue ===>GDSynVHandler
Sending message ::
-->ID:49
FROM:/127.0.0.12
TYPE:GS
VERB:GOSSIP_DIGEST_ACK

node2 recorded Tokensize 4
- Nodes not connected...
- Experiment not running, continue ===>sendGossip
Sending message ::
-->ID:50
FROM:/127.0.0.12
TYPE:GS
VERB:GOSSIP_DIGEST_SYN

- Experiment not running, continue ===>sendGossip
Sending message ::
-->ID:50
FROM:/127.0.0.12
TYPE:GS
VERB:GOSSIP_DIGEST_SYN

- Experiment not running, continue ===>sendGossip
Sending message ::
-->ID:50
FROM:/127.0.0.12
TYPE:GS
VERB:GOSSIP_DIGEST_SYN

- Experiment not running, continue ===>GDAckVHandler
Sending message ::
-->ID:51
FROM:/127.0.0.12
TYPE:GS
VERB:GOSSIP_DIGEST_ACK2

- Experiment not running, continue ===>GDSynVHandler
Sending message ::
-->ID:52
FROM:/127.0.0.12
TYPE:GS
VERB:GOSSIP_DIGEST_ACK

node2 recorded Tokensize 4
- Nodes not connected...
- Experiment not running, continue ===>sendGossip
Sending message ::
-->ID:53
FROM:/127.0.0.12
TYPE:GS
VERB:GOSSIP_DIGEST_SYN

- Experiment not running, continue ===>sendGossip
Sending message ::
-->ID:53
FROM:/127.0.0.12
TYPE:GS
VERB:GOSSIP_DIGEST_SYN

- Experiment not running, continue ===>GDAckVHandler
Sending message ::
-->ID:54
FROM:/127.0.0.12
TYPE:GS
VERB:GOSSIP_DIGEST_ACK2

- Experiment not running, continue ===>GDAckVHandler
Sending message ::
-->ID:55
FROM:/127.0.0.12
TYPE:GS
VERB:GOSSIP_DIGEST_ACK2

- Experiment not running, continue ===>GDSynVHandler
Sending message ::
-->ID:56
FROM:/127.0.0.12
TYPE:GS
VERB:GOSSIP_DIGEST_ACK

- Experiment not running, continue ===>GDSynVHandler
Sending message ::
-->ID:57
FROM:/127.0.0.12
TYPE:GS
VERB:GOSSIP_DIGEST_ACK

- Experiment not running, continue ===>GDSynVHandler
Sending message ::
-->ID:58
FROM:/127.0.0.12
TYPE:GS
VERB:GOSSIP_DIGEST_ACK

DEBUG 15:39:52,713 GC for ParNew: 13 ms, 32823680 reclaimed leaving 47263992 used; max is 654114816
node2 recorded Tokensize 4
- Nodes not connected...
- Experiment not running, continue ===>sendGossip
Sending message ::
-->ID:59
FROM:/127.0.0.12
TYPE:GS
VERB:GOSSIP_DIGEST_SYN

- Experiment not running, continue ===>sendGossip
Sending message ::
-->ID:59
FROM:/127.0.0.12
TYPE:GS
VERB:GOSSIP_DIGEST_SYN

- Experiment not running, continue ===>GDAckVHandler
Sending message ::
-->ID:60
FROM:/127.0.0.12
TYPE:GS
VERB:GOSSIP_DIGEST_ACK2

- Experiment not running, continue ===>GDAckVHandler
Sending message ::
-->ID:61
FROM:/127.0.0.12
TYPE:GS
VERB:GOSSIP_DIGEST_ACK2

node2 recorded Tokensize 4
- Nodes not connected...
- Experiment not running, continue ===>sendGossip
Sending message ::
-->ID:62
FROM:/127.0.0.12
TYPE:GS
VERB:GOSSIP_DIGEST_SYN

- Experiment not running, continue ===>sendGossip
Sending message ::
-->ID:62
FROM:/127.0.0.12
TYPE:GS
VERB:GOSSIP_DIGEST_SYN

- Experiment not running, continue ===>sendGossip
Sending message ::
-->ID:62
FROM:/127.0.0.12
TYPE:GS
VERB:GOSSIP_DIGEST_SYN

- Experiment not running, continue ===>GDAckVHandler
Sending message ::
-->ID:63
FROM:/127.0.0.12
TYPE:GS
VERB:GOSSIP_DIGEST_ACK2

- Experiment not running, continue ===>GDAckVHandler
Sending message ::
-->ID:64
FROM:/127.0.0.12
TYPE:GS
VERB:GOSSIP_DIGEST_ACK2

- Experiment not running, continue ===>GDSynVHandler
Sending message ::
-->ID:65
FROM:/127.0.0.12
TYPE:GS
VERB:GOSSIP_DIGEST_ACK

- Experiment not running, continue ===>GDSynVHandler
Sending message ::
-->ID:66
FROM:/127.0.0.12
TYPE:GS
VERB:GOSSIP_DIGEST_ACK

node2 recorded Tokensize 4
- Nodes not connected...
- Experiment not running, continue ===>sendGossip
Sending message ::
-->ID:67
FROM:/127.0.0.12
TYPE:GS
VERB:GOSSIP_DIGEST_SYN

- Experiment not running, continue ===>sendGossip
Sending message ::
-->ID:67
FROM:/127.0.0.12
TYPE:GS
VERB:GOSSIP_DIGEST_SYN

- Experiment not running, continue ===>GDAckVHandler
Sending message ::
-->ID:68
FROM:/127.0.0.12
TYPE:GS
VERB:GOSSIP_DIGEST_ACK2

- Experiment not running, continue ===>GDAckVHandler
Sending message ::
-->ID:69
FROM:/127.0.0.12
TYPE:GS
VERB:GOSSIP_DIGEST_ACK2

- Experiment not running, continue ===>GDSynVHandler
Sending message ::
-->ID:70
FROM:/127.0.0.12
TYPE:GS
VERB:GOSSIP_DIGEST_ACK

 INFO 15:39:55,689 Node /127.0.0.11 has restarted, now UP again
 INFO 15:39:55,689 Started hinted handoff for endPoint /127.0.0.11
 INFO 15:39:55,691 Finished hinted handoff of 0 rows to endpoint /127.0.0.11
DEBUG 15:39:55,692 Node /127.0.0.11 state normal, token 15453506791999469697616307346078709122
 INFO 15:39:55,692 Node /127.0.0.11 state jump to normal
- TM uNT(1) : size of sortedToken = 4
- TM uNT(2) : size of sortedToken = 4 ... leavingEndPoints = []
TokenSizeTest:4:-1009829
DEBUG 15:39:55,693 No bootstrapping or leaving nodes -> empty pending ranges for Keyspace1
node2 recorded Tokensize 4
- Nodes not connected...
- Experiment not running, continue ===>sendGossip
Sending message ::
-->ID:71
FROM:/127.0.0.12
TYPE:GS
VERB:GOSSIP_DIGEST_SYN

- Experiment not running, continue ===>GDAckVHandler
Sending message ::
-->ID:72
FROM:/127.0.0.12
TYPE:GS
VERB:GOSSIP_DIGEST_ACK2

- Experiment not running, continue ===>GDSynVHandler
Sending message ::
-->ID:73
FROM:/127.0.0.12
TYPE:GS
VERB:GOSSIP_DIGEST_ACK

DEBUG 15:39:56,241 attempting to connect to /127.0.0.11
&&&Added socket : 42318
node2 recorded Tokensize 4
- Nodes not connected...
- Experiment not running, continue ===>sendGossip
Sending message ::
-->ID:74
FROM:/127.0.0.12
TYPE:GS
VERB:GOSSIP_DIGEST_SYN

- Experiment not running, continue ===>GDAckVHandler
Sending message ::
-->ID:75
FROM:/127.0.0.12
TYPE:GS
VERB:GOSSIP_DIGEST_ACK2

- Experiment not running, continue ===>GDSynVHandler
Sending message ::
-->ID:76
FROM:/127.0.0.12
TYPE:GS
VERB:GOSSIP_DIGEST_ACK

- Experiment not running, continue ===>GDSynVHandler
Sending message ::
-->ID:77
FROM:/127.0.0.12
TYPE:GS
VERB:GOSSIP_DIGEST_ACK

node2 recorded Tokensize 4
- Nodes connected, Gossiper returning 
DEBUG 15:39:58,732 Applying RowMutation(table='Keyspace1', key='key-002', modifications=[ColumnFamily(Standard1 [6578706572696d656e7456616c7565:false:8@1308955198707,])])
DEBUG 15:39:58,733 RowMutation(table='Keyspace1', key='key-002', modifications=[ColumnFamily(Standard1 [6578706572696d656e7456616c7565:false:8@1308955198707,])]) applied.  Sending response to 91@/127.0.0.1
Sending message ::
-->ID:91
FROM:/127.0.0.12
TYPE:RESPONSE-STAGE
VERB:READ_RESPONSE

node2 recorded Tokensize 4
- Nodes connected, Gossiper returning 

## ############################################
## MESSAGE: I'm failing this (see below) with FailType: NONE
## ############################################

  [targetIO][NetIO-Node0:127.0.0.1:36221] at *Node2* :: [Undecided] message 

  call(int java.io.DataInputStream.readInt())
   ** PL:AFTER / EX:IO / BOOL:NO / IO:READ **
    SourceLoc: org/apache/cassandra/net/IncomingTcpConnection.java(59)

      [0] org.apache.cassandra.net.IncomingTcpConnection (run:59)



## ############################################
## MESSAGE: I'm failing this (see below) with FailType: NONE
## ############################################

  [targetIO][NetIO-Node0:127.0.0.1:36221] at *Node2* :: [Undecided] message 

  call(int java.io.DataInputStream.readInt())
   ** PL:BEFORE / EX:IO / BOOL:NO / IO:READ **
    SourceLoc: org/apache/cassandra/net/IncomingTcpConnection.java(60)

      [0] org.apache.cassandra.net.IncomingTcpConnection (run:60)



## ############################################
## MESSAGE: I'm failing this (see below) with FailType: NONE
## ############################################

  [targetIO][NetIO-Node0:127.0.0.1:36221] at *Node2* :: [Undecided] message 

  call(int java.io.DataInputStream.readInt())
   ** PL:AFTER / EX:IO / BOOL:NO / IO:READ **
    SourceLoc: org/apache/cassandra/net/IncomingTcpConnection.java(60)

      [0] org.apache.cassandra.net.IncomingTcpConnection (run:60)



## ############################################
## MESSAGE: I'm failing this (see below) with FailType: NONE
## ############################################

  [targetIO][NetIO-Node0:127.0.0.1:36221] at *Node2* :: [Undecided] message 

  call(int java.io.DataInputStream.readInt())
   ** PL:BEFORE / EX:IO / BOOL:NO / IO:READ **
    SourceLoc: org/apache/cassandra/net/IncomingTcpConnection.java(71)

      [0] org.apache.cassandra.net.IncomingTcpConnection (run:71)



## ############################################
## MESSAGE: I'm failing this (see below) with FailType: NONE
## ############################################

  [targetIO][NetIO-Node0:127.0.0.1:36221] at *Node2* :: [Undecided] message 

  call(int java.io.DataInputStream.readInt())
   ** PL:AFTER / EX:IO / BOOL:NO / IO:READ **
    SourceLoc: org/apache/cassandra/net/IncomingTcpConnection.java(71)

      [0] org.apache.cassandra.net.IncomingTcpConnection (run:71)



## ############################################
## MESSAGE: I'm failing this (see below) with FailType: NONE
## ############################################

  [targetIO][NetIO-Node0:127.0.0.1:36221] at *Node2* :: [Undecided] message 

  call(void java.io.DataInputStream.readFully(byte[]))
   ** PL:BEFORE / EX:IO / BOOL:NO / IO:READ **
    SourceLoc: org/apache/cassandra/net/IncomingTcpConnection.java(73)

      [0] org.apache.cassandra.net.IncomingTcpConnection (run:73)



## ############################################
## MESSAGE: I'm failing this (see below) with FailType: NONE
## ############################################

  [targetIO][NetIO-Node0:127.0.0.1:36221] at *Node2* :: [Undecided] message 

  call(void java.io.DataInputStream.readFully(byte[]))
   ** PL:AFTER / EX:IO / BOOL:NO / IO:READ **
    SourceLoc: org/apache/cassandra/net/IncomingTcpConnection.java(73)

      [0] org.apache.cassandra.net.IncomingTcpConnection (run:73)


DEBUG 15:39:58,933 digest is ebd43bf0e9e877b57ba06092b6201d08
DEBUG 15:39:58,936 Read key key-002; sending response to 8F2E4680-D8CC-5753-E798-39B9347E4F88@/127.0.0.1
wRRPATH ReadVerbHanlder doVerb(): Read key key-002; sending response to 8F2E4680-D8CC-5753-E798-39B9347E4F88@/127.0.0.1 [part of workload]
    [00] java.lang.Thread.getStackTrace(Thread.java:1436) 
    [01] org.apache.cassandra.Util.getStackTrace(Util.java:136) 
    [02] org.apache.cassandra.Util.printStackTrace(Util.java:123) 
    [03] org.apache.cassandra.Util.printStackTrace(Util.java:130) 
    [04] org.apache.cassandra.db.ReadVerbHandler.doVerb(ReadVerbHandler.java:100) 
    [05] org.apache.cassandra.net.MessageDeliveryTask.run(MessageDeliveryTask.java:49) 
    [06] java.util.concurrent.ThreadPoolExecutor$Worker.runTask(ThreadPoolExecutor.java:886) 
    [07] java.util.concurrent.ThreadPoolExecutor$Worker.run(ThreadPoolExecutor.java:908) 
    [08] java.lang.Thread.run(Thread.java:619) 
cutSendOneWay targetIO : NetIO-Node0:127.0.0.12

## ############################################
## MESSAGE: I'm failing this (see below) with FailType: NONE
## ############################################

  [targetIO][NetIO-Node0:127.0.0.1:36221] at *Node2* :: [Undecided] message 

  call(int java.io.DataInputStream.readInt())
   ** PL:BEFORE / EX:IO / BOOL:NO / IO:READ **
    SourceLoc: org/apache/cassandra/net/IncomingTcpConnection.java(59)

      [0] org.apache.cassandra.net.IncomingTcpConnection (run:59)


corrupt :: failType returned :: CORRUPTION
corrupt :: byte array length 16
corrupt :: array [B@f346dc
corrupt :: cor_array [B@1b14530
corrupt :: response created
Sending message ::
-->ID:8F2E4680-D8CC-5753-E798-39B9347E4F88
FROM:/127.0.0.12
TYPE:RESPONSE-STAGE
VERB:READ_RESPONSE
 [part of workload]

## ############################################
## MESSAGE: I'm failing this (see below) with FailType: NONE
## ############################################

  [targetIO][NetIO-Node2:127.0.0.1:7000] at *Node2* :: [Undecided] message 

  call(void java.io.DataOutputStream.write(byte[], int, int))
   ** PL:BEFORE / EX:IO / BOOL:NO / IO:WRITE **
    SourceLoc: org/apache/cassandra/net/OutboundTcpConnection.java(101)

      [0] org.apache.cassandra.net.OutboundTcpConnection (writeConnected:101)
      [1] org.apache.cassandra.net.OutboundTcpConnection (run:90)



## ############################################
## MESSAGE: I'm failing this (see below) with FailType: NONE
## ############################################

  [targetIO][NetIO-Node2:127.0.0.1:7000] at *Node2* :: [Undecided] message 

  call(void java.io.DataOutputStream.write(byte[], int, int))
   ** PL:AFTER / EX:IO / BOOL:NO / IO:WRITE **
    SourceLoc: org/apache/cassandra/net/OutboundTcpConnection.java(101)

      [0] org.apache.cassandra.net.OutboundTcpConnection (writeConnected:101)
      [1] org.apache.cassandra.net.OutboundTcpConnection (run:90)



## ############################################
## MESSAGE: I'm failing this (see below) with FailType: NONE
## ############################################

  [targetIO][NetIO-Node2:127.0.0.1:7000] at *Node2* :: [Undecided] message 

  call(void java.io.DataOutputStream.flush())
   ** PL:BEFORE / EX:IO / BOOL:NO / IO:WRITE **
    SourceLoc: org/apache/cassandra/net/OutboundTcpConnection.java(104)

      [0] org.apache.cassandra.net.OutboundTcpConnection (writeConnected:104)
      [1] org.apache.cassandra.net.OutboundTcpConnection (run:90)



## ############################################
## MESSAGE: I'm failing this (see below) with FailType: NONE
## ############################################

  [targetIO][NetIO-Node2:127.0.0.1:7000] at *Node2* :: [Undecided] message 

  call(void java.io.DataOutputStream.flush())
   ** PL:AFTER / EX:IO / BOOL:NO / IO:WRITE **
    SourceLoc: org/apache/cassandra/net/OutboundTcpConnection.java(104)

      [0] org.apache.cassandra.net.OutboundTcpConnection (writeConnected:104)
      [1] org.apache.cassandra.net.OutboundTcpConnection (run:90)


node2 recorded Tokensize 4 [part of workload]
- Experiment running, Gossiper returning  [part of workload]
node2 recorded Tokensize 4 [part of workload]
- Experiment running, Gossiper returning  [part of workload]
node2 recorded Tokensize 4 [part of workload]
- Experiment running, Gossiper returning  [part of workload]
node2 recorded Tokensize 4 [part of workload]
- Experiment running, Gossiper returning  [part of workload]
node2 recorded Tokensize 4 [part of workload]
- Experiment running, Gossiper returning  [part of workload]
node2 recorded Tokensize 4 [part of workload]
- Experiment running, Gossiper returning  [part of workload]
node2 recorded Tokensize 4 [part of workload]
- Experiment running, Gossiper returning  [part of workload]
node2 recorded Tokensize 4 [part of workload]
- Experiment running, Gossiper returning  [part of workload]
node2 recorded Tokensize 4 [part of workload]
- Experiment running, Gossiper returning  [part of workload]
node2 recorded Tokensize 4 [part of workload]
- Experiment running, Gossiper returning  [part of workload]
node2 recorded Tokensize 4 [part of workload]
- Experiment running, Gossiper returning  [part of workload]
node2 recorded Tokensize 4 [part of workload]
- Experiment running, Gossiper returning  [part of workload]
node2 recorded Tokensize 4 [part of workload]
- Experiment running, Gossiper returning  [part of workload]
DEBUG 15:40:11,772 Applying RowMutation(table='Keyspace1', key='key-002', modifications=[ColumnFamily(Standard1 [6578706572696d656e7456616c7565:true:4@1308955211763,])])
DEBUG 15:40:11,773 RowMutation(table='Keyspace1', key='key-002', modifications=[ColumnFamily(Standard1 [6578706572696d656e7456616c7565:true:4@1308955211763,])]) applied.  Sending response to 94@/127.0.0.1
Sending message ::
-->ID:94
FROM:/127.0.0.12
TYPE:RESPONSE-STAGE
VERB:READ_RESPONSE

node2 recorded Tokensize 4
- Nodes not connected...
- Experiment not running, continue ===>sendGossip
Sending message ::
-->ID:78
FROM:/127.0.0.12
TYPE:GS
VERB:GOSSIP_DIGEST_SYN

 INFO 15:40:12,735 InetAddress /127.0.0.1 is now dead.
DEBUG 15:40:12,736 Resetting pool for /127.0.0.1
- Experiment not running, continue ===>GDSynVHandler
Sending message ::
-->ID:79
FROM:/127.0.0.12
TYPE:GS
VERB:GOSSIP_DIGEST_ACK

 INFO 15:40:13,240 InetAddress /127.0.0.1 is now UP
 INFO 15:40:13,240 Started hinted handoff for endPoint /127.0.0.1
 INFO 15:40:13,240 /127.0.0.1is cassReady
 INFO 15:40:13,241 Finished hinted handoff of 0 rows to endpoint /127.0.0.1
- Experiment not running, continue ===>GDSynVHandler
Sending message ::
-->ID:80
FROM:/127.0.0.12
TYPE:GS
VERB:GOSSIP_DIGEST_ACK

DEBUG 15:40:13,303 attempting to connect to /127.0.0.1
&&&Added socket : 48181
node2 recorded Tokensize 4
- Nodes not connected...
- Experiment not running, continue ===>sendGossip
Sending message ::
-->ID:81
FROM:/127.0.0.12
TYPE:GS
VERB:GOSSIP_DIGEST_SYN

- Experiment not running, continue ===>GDAckVHandler
Sending message ::
-->ID:82
FROM:/127.0.0.12
TYPE:GS
VERB:GOSSIP_DIGEST_ACK2

- Experiment not running, continue ===>GDSynVHandler
Sending message ::
-->ID:83
FROM:/127.0.0.12
TYPE:GS
VERB:GOSSIP_DIGEST_ACK

- Experiment not running, continue ===>GDSynVHandler
Sending message ::
-->ID:84
FROM:/127.0.0.12
TYPE:GS
VERB:GOSSIP_DIGEST_ACK

- Experiment not running, continue ===>GDSynVHandler
Sending message ::
-->ID:85
FROM:/127.0.0.12
TYPE:GS
VERB:GOSSIP_DIGEST_ACK

node2 recorded Tokensize 4
- Nodes not connected...
- Experiment not running, continue ===>sendGossip
Sending message ::
-->ID:86
FROM:/127.0.0.12
TYPE:GS
VERB:GOSSIP_DIGEST_SYN

- Experiment not running, continue ===>GDAckVHandler
Sending message ::
-->ID:87
FROM:/127.0.0.12
TYPE:GS
VERB:GOSSIP_DIGEST_ACK2

- Experiment not running, continue ===>GDSynVHandler
Sending message ::
-->ID:88
FROM:/127.0.0.12
TYPE:GS
VERB:GOSSIP_DIGEST_ACK

node2 recorded Tokensize 4
- Nodes not connected...
- Experiment not running, continue ===>sendGossip
Sending message ::
-->ID:89
FROM:/127.0.0.12
TYPE:GS
VERB:GOSSIP_DIGEST_SYN

 INFO 15:40:15,737 error writing to /127.0.0.13
- Experiment not running, continue ===>GDSynVHandler
Sending message ::
-->ID:90
FROM:/127.0.0.12
TYPE:GS
VERB:GOSSIP_DIGEST_ACK

- Experiment not running, continue ===>GDSynVHandler
Sending message ::
-->ID:91
FROM:/127.0.0.12
TYPE:GS
VERB:GOSSIP_DIGEST_ACK

node2 recorded Tokensize 4
- Nodes not connected...
- Experiment not running, continue ===>sendGossip
Sending message ::
-->ID:92
FROM:/127.0.0.12
TYPE:GS
VERB:GOSSIP_DIGEST_SYN

DEBUG 15:40:16,737 attempting to connect to /127.0.0.13
 INFO 15:40:16,737 InetAddress /127.0.0.13 is now dead.
DEBUG 15:40:16,739 Resetting pool for /127.0.0.13
- Experiment not running, continue ===>GDSynVHandler
Sending message ::
-->ID:93
FROM:/127.0.0.12
TYPE:GS
VERB:GOSSIP_DIGEST_ACK

- Experiment not running, continue ===>GDSynVHandler
Sending message ::
-->ID:94
FROM:/127.0.0.12
TYPE:GS
VERB:GOSSIP_DIGEST_ACK

- Experiment not running, continue ===>GDSynVHandler
Sending message ::
-->ID:95
FROM:/127.0.0.12
TYPE:GS
VERB:GOSSIP_DIGEST_ACK

node2 recorded Tokensize 4
- Nodes not connected...
- Experiment not running, continue ===>sendGossip
Sending message ::
-->ID:96
FROM:/127.0.0.12
TYPE:GS
VERB:GOSSIP_DIGEST_SYN

- Experiment not running, continue ===>sendGossip
Sending message ::
-->ID:96
FROM:/127.0.0.12
TYPE:GS
VERB:GOSSIP_DIGEST_SYN

- Experiment not running, continue ===>GDAckVHandler
Sending message ::
-->ID:97
FROM:/127.0.0.12
TYPE:GS
VERB:GOSSIP_DIGEST_ACK2

- Experiment not running, continue ===>GDAckVHandler
Sending message ::
-->ID:98
FROM:/127.0.0.12
TYPE:GS
VERB:GOSSIP_DIGEST_ACK2

- Experiment not running, continue ===>GDSynVHandler
Sending message ::
-->ID:99
FROM:/127.0.0.12
TYPE:GS
VERB:GOSSIP_DIGEST_ACK

node2 recorded Tokensize 4
- Nodes not connected...
- Experiment not running, continue ===>sendGossip
Sending message ::
-->ID:100
FROM:/127.0.0.12
TYPE:GS
VERB:GOSSIP_DIGEST_SYN

- Experiment not running, continue ===>sendGossip
Sending message ::
-->ID:100
FROM:/127.0.0.12
TYPE:GS
VERB:GOSSIP_DIGEST_SYN

- Experiment not running, continue ===>sendGossip
Sending message ::
-->ID:100
FROM:/127.0.0.12
TYPE:GS
VERB:GOSSIP_DIGEST_SYN

- Experiment not running, continue ===>GDAckVHandler
Sending message ::
-->ID:101
FROM:/127.0.0.12
TYPE:GS
VERB:GOSSIP_DIGEST_ACK2

- Experiment not running, continue ===>GDAckVHandler
Sending message ::
-->ID:102
FROM:/127.0.0.12
TYPE:GS
VERB:GOSSIP_DIGEST_ACK2

- Experiment not running, continue ===>GDSynVHandler
Sending message ::
-->ID:103
FROM:/127.0.0.12
TYPE:GS
VERB:GOSSIP_DIGEST_ACK

- Experiment not running, continue ===>GDSynVHandler
Sending message ::
-->ID:104
FROM:/127.0.0.12
TYPE:GS
VERB:GOSSIP_DIGEST_ACK

node2 recorded Tokensize 4
- Nodes not connected...
- Experiment not running, continue ===>sendGossip
Sending message ::
-->ID:105
FROM:/127.0.0.12
TYPE:GS
VERB:GOSSIP_DIGEST_SYN

- Experiment not running, continue ===>sendGossip
Sending message ::
-->ID:105
FROM:/127.0.0.12
TYPE:GS
VERB:GOSSIP_DIGEST_SYN

- Experiment not running, continue ===>GDAckVHandler
Sending message ::
-->ID:106
FROM:/127.0.0.12
TYPE:GS
VERB:GOSSIP_DIGEST_ACK2

- Experiment not running, continue ===>GDAckVHandler
Sending message ::
-->ID:107
FROM:/127.0.0.12
TYPE:GS
VERB:GOSSIP_DIGEST_ACK2

- Experiment not running, continue ===>GDSynVHandler
Sending message ::
-->ID:108
FROM:/127.0.0.12
TYPE:GS
VERB:GOSSIP_DIGEST_ACK

- Experiment not running, continue ===>GDSynVHandler
Sending message ::
-->ID:109
FROM:/127.0.0.12
TYPE:GS
VERB:GOSSIP_DIGEST_ACK

- Experiment not running, continue ===>GDSynVHandler
Sending message ::
-->ID:110
FROM:/127.0.0.12
TYPE:GS
VERB:GOSSIP_DIGEST_ACK

node2 recorded Tokensize 4
- Nodes not connected...
- Experiment not running, continue ===>sendGossip
Sending message ::
-->ID:111
FROM:/127.0.0.12
TYPE:GS
VERB:GOSSIP_DIGEST_SYN

- Experiment not running, continue ===>sendGossip
Sending message ::
-->ID:111
FROM:/127.0.0.12
TYPE:GS
VERB:GOSSIP_DIGEST_SYN

- Experiment not running, continue ===>GDAckVHandler
Sending message ::
-->ID:112
FROM:/127.0.0.12
TYPE:GS
VERB:GOSSIP_DIGEST_ACK2

- Experiment not running, continue ===>GDAckVHandler
Sending message ::
-->ID:113
FROM:/127.0.0.12
TYPE:GS
VERB:GOSSIP_DIGEST_ACK2

- Experiment not running, continue ===>GDSynVHandler
Sending message ::
-->ID:114
FROM:/127.0.0.12
TYPE:GS
VERB:GOSSIP_DIGEST_ACK

- Experiment not running, continue ===>GDSynVHandler
Sending message ::
-->ID:115
FROM:/127.0.0.12
TYPE:GS
VERB:GOSSIP_DIGEST_ACK

node2 recorded Tokensize 4
- Nodes not connected...
- Experiment not running, continue ===>sendGossip
Sending message ::
-->ID:116
FROM:/127.0.0.12
TYPE:GS
VERB:GOSSIP_DIGEST_SYN

- Experiment not running, continue ===>sendGossip
Sending message ::
-->ID:116
FROM:/127.0.0.12
TYPE:GS
VERB:GOSSIP_DIGEST_SYN

- Experiment not running, continue ===>GDAckVHandler
Sending message ::
-->ID:117
FROM:/127.0.0.12
TYPE:GS
VERB:GOSSIP_DIGEST_ACK2

- Experiment not running, continue ===>GDAckVHandler
Sending message ::
-->ID:118
FROM:/127.0.0.12
TYPE:GS
VERB:GOSSIP_DIGEST_ACK2

